---------------------------------------------------------------
[ 2018-08-01T09:52:44+08:00 ] 127.0.0.1 GET /api/home/index
[ info ] sp.com/api/home/index [运行时间：0.794914s][吞吐率：1.26req/s] [内存消耗：3,059.52kb] [文件加载：57]
[ info ] [ CACHE ] INIT File
[ info ] [ DB ] INIT mysql
[ info ] [ BEHAVIOR ] Run cmf\behavior\InitHookBehavior @app_init [ RunTime:0.157617s ]
[ info ] [ LANG ] C:\xampp\htdocs\smart_property\simplewind\thinkphp\lang\zh-cn.php
[ info ] [ ROUTE ] array (
  'type' => 'module',
  'module' => 
  array (
    0 => 'home',
    1 => 'index',
    2 => NULL,
  ),
)
[ info ] [ HEADER ] array (
  'host' => 'sp.com',
  'connection' => 'keep-alive',
  'cache-control' => 'max-age=0',
  'upgrade-insecure-requests' => '1',
  'user-agent' => 'Mozilla/5.0 (Windows NT 10.0; WOW64) AppleWebKit/537.36 (KHTML, like Gecko) Chrome/67.0.3396.99 Safari/537.36',
  'accept' => 'text/html,application/xhtml+xml,application/xml;q=0.9,image/webp,image/apng,*/*;q=0.8',
  'accept-encoding' => 'gzip, deflate',
  'accept-language' => 'zh-CN,zh;q=0.9',
  'cookie' => 'XDEBUG_SESSION=XDEBUG_ECLIPSE; admin_username=admin',
)
[ info ] [ PARAM ] array (
)
[ info ] [ LANG ] C:\xampp\htdocs\smart_property\public\api/../../simplewind/cmf/lang\zh-cn.php
[ info ] [ BEHAVIOR ] Run cmf\behavior\LangBehavior @app_begin [ RunTime:0.017925s ]
[ info ] [ RUN ] api\home\controller\IndexController->index[ C:\xampp\htdocs\smart_property\api\home\controller\IndexController.php ]
[ info ] [ LOG ] INIT File
[ sql ] [ DB ] CONNECT:[ UseTime:0.002797s ] mysql:host=127.0.0.1;port=3306;dbname=sp;charset=utf8mb4
[ sql ] [ SQL ] SHOW COLUMNS FROM `cmf_hook_plugin` [ RunTime:0.024525s ]
[ sql ] [ SQL ] SELECT `hook`,`plugin` FROM `cmf_hook_plugin` WHERE  `status` = 1 ORDER BY `list_order` ASC [ RunTime:0.000619s ]
---------------------------------------------------------------
[ 2018-08-01T09:52:45+08:00 ] 127.0.0.1 GET /api/home/index
[ info ] sp.com/api/home/index [运行时间：0.267994s][吞吐率：3.73req/s] [内存消耗：2,185.71kb] [文件加载：51]
[ info ] [ CACHE ] INIT File
[ info ] [ BEHAVIOR ] Run cmf\behavior\InitHookBehavior @app_init [ RunTime:0.003818s ]
[ info ] [ LANG ] C:\xampp\htdocs\smart_property\simplewind\thinkphp\lang\zh-cn.php
[ info ] [ ROUTE ] array (
  'type' => 'module',
  'module' => 
  array (
    0 => 'home',
    1 => 'index',
    2 => NULL,
  ),
)
[ info ] [ HEADER ] array (
  'host' => 'sp.com',
  'connection' => 'keep-alive',
  'cache-control' => 'max-age=0',
  'upgrade-insecure-requests' => '1',
  'user-agent' => 'Mozilla/5.0 (Windows NT 10.0; WOW64) AppleWebKit/537.36 (KHTML, like Gecko) Chrome/67.0.3396.99 Safari/537.36',
  'accept' => 'text/html,application/xhtml+xml,application/xml;q=0.9,image/webp,image/apng,*/*;q=0.8',
  'accept-encoding' => 'gzip, deflate',
  'accept-language' => 'zh-CN,zh;q=0.9',
  'cookie' => 'XDEBUG_SESSION=XDEBUG_ECLIPSE; admin_username=admin',
)
[ info ] [ PARAM ] array (
)
[ info ] [ LANG ] C:\xampp\htdocs\smart_property\public\api/../../simplewind/cmf/lang\zh-cn.php
[ info ] [ BEHAVIOR ] Run cmf\behavior\LangBehavior @app_begin [ RunTime:0.001733s ]
[ info ] [ RUN ] api\home\controller\IndexController->index[ C:\xampp\htdocs\smart_property\api\home\controller\IndexController.php ]
[ info ] [ LOG ] INIT File
---------------------------------------------------------------
[ 2018-08-01T10:36:16+08:00 ] 127.0.0.1 GET /api/portal/articles?page=1&order=-published_time
[ info ] sp.com/api/portal/articles?page=1&order=-published_time [运行时间：0.163881s][吞吐率：6.10req/s] [内存消耗：3,702.42kb] [文件加载：61]
[ info ] [ CACHE ] INIT File
[ info ] [ BEHAVIOR ] Run cmf\behavior\InitHookBehavior @app_init [ RunTime:0.004310s ]
[ info ] [ LANG ] C:\xampp\htdocs\smart_property\simplewind\thinkphp\lang\zh-cn.php
[ info ] [ ROUTE ] array (
  'type' => 'module',
  'module' => 
  array (
    0 => 'portal',
    1 => 'Articles',
    2 => 'index',
  ),
  'convert' => false,
)
[ info ] [ HEADER ] array (
  'host' => 'sp.com',
  'connection' => 'keep-alive',
  'pragma' => 'no-cache',
  'cache-control' => 'no-cache',
  'xx-device-type' => 'wxapp',
  'user-agent' => 'Mozilla/5.0 (iPhone; CPU iPhone OS 10_2 like Mac OS X) AppleWebKit/602.3.12 (KHTML, like Gecko) Mobile/14C92 Safari/601.1 wechatdevtools/1.02.1807200 MicroMessenger/6.5.7 Language/zh_CN webview/',
  'content-type' => 'application/x-www-form-urlencoded',
  'xx-api-version' => '1.1.0',
  'xx-token' => '',
  'accept' => '*/*',
  'referer' => 'https://servicewechat.com/wxf6c1f89dfc72bcc5/devtools/page-frame.html',
  'accept-encoding' => 'gzip, deflate',
)
[ info ] [ PARAM ] array (
  'page' => '1',
  'order' => '-published_time',
)
[ info ] [ LANG ] C:\xampp\htdocs\smart_property\public\api/../../simplewind/cmf/lang\zh-cn.php
[ info ] [ BEHAVIOR ] Run cmf\behavior\LangBehavior @app_begin [ RunTime:0.001807s ]
[ info ] [ DB ] INIT mysql
[ info ] [ RUN ] api\portal\controller\ArticlesController->index[ C:\xampp\htdocs\smart_property\api\portal\controller\ArticlesController.php ]
[ info ] [ LOG ] INIT File
[ sql ] [ DB ] CONNECT:[ UseTime:0.003037s ] mysql:host=127.0.0.1;port=3306;dbname=sp;charset=utf8mb4
[ sql ] [ SQL ] SHOW COLUMNS FROM `cmf_portal_post` [ RunTime:0.028609s ]
[ sql ] [ SQL ] SELECT * FROM `cmf_portal_post` WHERE  ( `delete_time` = 0 AND `delete_time` = 0 AND `delete_time` = 0 AND `delete_time` = 0 )  AND ( `post_status` = 1 AND `post_status` = 1 AND `post_status` = 1 AND `post_status` = 1 )  AND ( `published_time` BETWEEN 1 AND 1533090976 AND `published_time` BETWEEN 1 AND 1533090976 AND `published_time` BETWEEN 1 AND 1533090976 AND `published_time` BETWEEN 1 AND 1533090976 )  AND `post_type` = 1 ORDER BY `published_time` DESC LIMIT 0,20 [ RunTime:0.001663s ]
---------------------------------------------------------------
[ 2018-08-01T10:36:16+08:00 ] 127.0.0.1 GET /api/portal/articles?order=-published_time
[ info ] sp.com/api/portal/articles?order=-published_time [运行时间：0.105298s][吞吐率：9.50req/s] [内存消耗：3,702.34kb] [文件加载：61]
[ info ] [ CACHE ] INIT File
[ info ] [ BEHAVIOR ] Run cmf\behavior\InitHookBehavior @app_init [ RunTime:0.005704s ]
[ info ] [ LANG ] C:\xampp\htdocs\smart_property\simplewind\thinkphp\lang\zh-cn.php
[ info ] [ ROUTE ] array (
  'type' => 'module',
  'module' => 
  array (
    0 => 'portal',
    1 => 'Articles',
    2 => 'index',
  ),
  'convert' => false,
)
[ info ] [ HEADER ] array (
  'host' => 'sp.com',
  'connection' => 'keep-alive',
  'pragma' => 'no-cache',
  'cache-control' => 'no-cache',
  'xx-device-type' => 'wxapp',
  'user-agent' => 'Mozilla/5.0 (iPhone; CPU iPhone OS 10_2 like Mac OS X) AppleWebKit/602.3.12 (KHTML, like Gecko) Mobile/14C92 Safari/601.1 wechatdevtools/1.02.1807200 MicroMessenger/6.5.7 Language/zh_CN webview/',
  'content-type' => 'application/x-www-form-urlencoded',
  'xx-api-version' => '1.1.0',
  'xx-token' => '',
  'accept' => '*/*',
  'referer' => 'https://servicewechat.com/wxf6c1f89dfc72bcc5/devtools/page-frame.html',
  'accept-encoding' => 'gzip, deflate',
)
[ info ] [ PARAM ] array (
  'order' => '-published_time',
)
[ info ] [ LANG ] C:\xampp\htdocs\smart_property\public\api/../../simplewind/cmf/lang\zh-cn.php
[ info ] [ BEHAVIOR ] Run cmf\behavior\LangBehavior @app_begin [ RunTime:0.002206s ]
[ info ] [ DB ] INIT mysql
[ info ] [ RUN ] api\portal\controller\ArticlesController->index[ C:\xampp\htdocs\smart_property\api\portal\controller\ArticlesController.php ]
[ info ] [ LOG ] INIT File
[ sql ] [ DB ] CONNECT:[ UseTime:0.002233s ] mysql:host=127.0.0.1;port=3306;dbname=sp;charset=utf8mb4
[ sql ] [ SQL ] SHOW COLUMNS FROM `cmf_portal_post` [ RunTime:0.007518s ]
[ sql ] [ SQL ] SELECT * FROM `cmf_portal_post` WHERE  ( `delete_time` = 0 AND `delete_time` = 0 AND `delete_time` = 0 AND `delete_time` = 0 )  AND ( `post_status` = 1 AND `post_status` = 1 AND `post_status` = 1 AND `post_status` = 1 )  AND ( `published_time` BETWEEN 1 AND 1533090976 AND `published_time` BETWEEN 1 AND 1533090976 AND `published_time` BETWEEN 1 AND 1533090976 AND `published_time` BETWEEN 1 AND 1533090976 )  AND `post_type` = 1 ORDER BY `published_time` DESC LIMIT 10 [ RunTime:0.001193s ]
---------------------------------------------------------------
[ 2018-08-01T10:36:16+08:00 ] 127.0.0.1 POST /api/wxapp/public/login
[ info ] sp.com/api/wxapp/public/login [运行时间：0.075811s][吞吐率：13.19req/s] [内存消耗：3,083.87kb] [文件加载：57]
[ info ] [ CACHE ] INIT File
[ info ] [ BEHAVIOR ] Run cmf\behavior\InitHookBehavior @app_init [ RunTime:0.003369s ]
[ info ] [ LANG ] C:\xampp\htdocs\smart_property\simplewind\thinkphp\lang\zh-cn.php
[ info ] [ ROUTE ] array (
  'type' => 'module',
  'module' => 
  array (
    0 => 'wxapp',
    1 => 'public',
    2 => 'login',
  ),
)
[ info ] [ HEADER ] array (
  'host' => 'sp.com',
  'connection' => 'keep-alive',
  'content-length' => '1045',
  'pragma' => 'no-cache',
  'cache-control' => 'no-cache',
  'origin' => 'http://127.0.0.1:37624',
  'xx-device-type' => 'wxapp',
  'user-agent' => 'Mozilla/5.0 (iPhone; CPU iPhone OS 10_2 like Mac OS X) AppleWebKit/602.3.12 (KHTML, like Gecko) Mobile/14C92 Safari/601.1 wechatdevtools/1.02.1807200 MicroMessenger/6.5.7 Language/zh_CN webview/',
  'content-type' => 'application/x-www-form-urlencoded',
  'xx-api-version' => '1.1.0',
  'xx-token' => '',
  'accept' => '*/*',
  'referer' => 'https://servicewechat.com/wxf6c1f89dfc72bcc5/devtools/page-frame.html',
  'accept-encoding' => 'gzip, deflate',
)
[ info ] [ PARAM ] array (
  'code' => '021zq7VA0GeLFg2Co5UA0drZUA0zq7Vi',
  'encrypted_data' => '2HM96hU6bqE4Zipn3wmzqenb5I+gWiz3jwAXhwQ6Vjb1kN4c8rGiKv1GNx07NfJuPwg++NFwuW/PpWLnbVjlF0f8uqc5UcDEve0B4L5jdCtcabmFm4Rjty26u4p8rwvx00XgcVJxIfs/DaEdVGOwJyUY2vnsuyNC7bdfIdmZZ9F5ZLFMRg2chCiaDMhmULOnMMko5ZUC9Y0JEO4sttziQdHvbU4W93vo6Iq8iixLZ4XeIwRZKkRWTll0BAvOMPCr7hFrhbvwPMEvqTHSVm+NL0yDKkwT17/Moi4YgAy/Rr+5NxWTW+qisJUPn1Yv/5SaftXBB6M+Y/2K/pih1077odptafA0CX2LL5h9UEskvy+sSmgLv6dfa/pY8JYl5eS2m/fIlGxNuR0CXOifuUfDmf3FvjENKoPwJNZNZF1nqPhNbkoppTO+nxnP8EdYKpEsjcNdPyJKGiaeQK/E29t6xg9siZXEs5Wkn7HrJgv3x2s=',
  'iv' => 'xUaVXdwEUM9u9HML4hbMiQ==',
  'raw_data' => '{&quot;nickName&quot;:&quot;顶文洁&quot;,&quot;gender&quot;:1,&quot;language&quot;:&quot;zh_CN&quot;,&quot;city&quot;:&quot;Nanjing&quot;,&quot;province&quot;:&quot;Jiangsu&quot;,&quot;country&quot;:&quot;China&quot;,&quot;avatarUrl&quot;:&quot;https://wx.qlogo.cn/mmopen/vi_32/DYAIOgq83equdNlpG5AJiadT46PdJlVfU4icU2CGE4CLUjIib0D7CR3OwaAKPJKzeibBaIudQ0Nqu8ExZryhia8F22Q/132&quot;}',
  'signature' => '34a1a129a7eae401fa6a043a30f26756bea2acdc',
)
[ info ] [ LANG ] C:\xampp\htdocs\smart_property\public\api/../../simplewind/cmf/lang\zh-cn.php
[ info ] [ BEHAVIOR ] Run cmf\behavior\LangBehavior @app_begin [ RunTime:0.001570s ]
[ info ] [ RUN ] api\wxapp\controller\PublicController->login[ C:\xampp\htdocs\smart_property\api\wxapp\controller\PublicController.php ]
[ info ] [ DB ] INIT mysql
[ info ] [ LOG ] INIT File
[ sql ] [ DB ] CONNECT:[ UseTime:0.002192s ] mysql:host=127.0.0.1;port=3306;dbname=sp;charset=utf8mb4
[ sql ] [ SQL ] SHOW COLUMNS FROM `cmf_option` [ RunTime:0.009998s ]
[ sql ] [ SQL ] SELECT `option_value` FROM `cmf_option` WHERE  `option_name` = 'wxapp_settings' LIMIT 1 [ RunTime:0.000406s ]
---------------------------------------------------------------
[ 2018-08-01T10:36:21+08:00 ] 127.0.0.1 POST /api/wxapp/public/login
[ info ] sp.com/api/wxapp/public/login [运行时间：0.095740s][吞吐率：10.44req/s] [内存消耗：3,083.87kb] [文件加载：57]
[ info ] [ CACHE ] INIT File
[ info ] [ BEHAVIOR ] Run cmf\behavior\InitHookBehavior @app_init [ RunTime:0.002916s ]
[ info ] [ LANG ] C:\xampp\htdocs\smart_property\simplewind\thinkphp\lang\zh-cn.php
[ info ] [ ROUTE ] array (
  'type' => 'module',
  'module' => 
  array (
    0 => 'wxapp',
    1 => 'public',
    2 => 'login',
  ),
)
[ info ] [ HEADER ] array (
  'host' => 'sp.com',
  'connection' => 'keep-alive',
  'content-length' => '1043',
  'pragma' => 'no-cache',
  'cache-control' => 'no-cache',
  'origin' => 'http://127.0.0.1:37624',
  'xx-device-type' => 'wxapp',
  'user-agent' => 'Mozilla/5.0 (iPhone; CPU iPhone OS 10_2 like Mac OS X) AppleWebKit/602.3.12 (KHTML, like Gecko) Mobile/14C92 Safari/601.1 wechatdevtools/1.02.1807200 MicroMessenger/6.5.7 Language/zh_CN webview/',
  'content-type' => 'application/x-www-form-urlencoded',
  'xx-api-version' => '1.1.0',
  'xx-token' => '',
  'accept' => '*/*',
  'referer' => 'https://servicewechat.com/wxf6c1f89dfc72bcc5/devtools/page-frame.html',
  'accept-encoding' => 'gzip, deflate',
)
[ info ] [ PARAM ] array (
  'code' => '001GNZ1C0YzvEe2kLh0C0Uy42C0GNZ1w',
  'encrypted_data' => 'loqrzejNefQu9jyPk4eHasXNyKiVTt2SwS52xnyYpepAXJZrnck+ShVw8SzcIGRXBQCqmgngMhy+19Ogdw23gRP1bQSwrb9xivF0TeRy77wn1NI+m9Og6tiNLX/R38FNq8hYrjMtvNlqCvvYF3xzoyfAcMgpqZWtOrO8iCyKyISESlqDDej8k6xiEfE22G+yluRsyC+1WcerpOKpgCXbB/h9fAb9D1gSbq9bQ+TGRz4X4wG0s59G2pO8A5QTxo26ieOHi7PZCw6E9eQ2Lwnp1DRP2QlQ1utYBnYM2TrbcmV1Ip4sE+st906iBoo5F2bILF+9hwYzBkf961k8Y4WBNjTVYGW0N+yUxI0/EteWrWqUjZntiskj1qXvLaTteV/Aw/UVC+qyVMy/aSTkO9jnSVA7fmeaAFJ6qLE+zVZZIuiGUEIYeGUCY3TWnzhLRtcPC8iLz7DcBd8MSchOXZBPTzVRIBZghFrXq5qpzdYT3/E=',
  'iv' => 'wOnSX8VFuB7M99Xm5uJxMQ==',
  'raw_data' => '{&quot;nickName&quot;:&quot;顶文洁&quot;,&quot;gender&quot;:1,&quot;language&quot;:&quot;zh_CN&quot;,&quot;city&quot;:&quot;Nanjing&quot;,&quot;province&quot;:&quot;Jiangsu&quot;,&quot;country&quot;:&quot;China&quot;,&quot;avatarUrl&quot;:&quot;https://wx.qlogo.cn/mmopen/vi_32/DYAIOgq83equdNlpG5AJiadT46PdJlVfU4icU2CGE4CLUjIib0D7CR3OwaAKPJKzeibBaIudQ0Nqu8ExZryhia8F22Q/132&quot;}',
  'signature' => '34a1a129a7eae401fa6a043a30f26756bea2acdc',
)
[ info ] [ LANG ] C:\xampp\htdocs\smart_property\public\api/../../simplewind/cmf/lang\zh-cn.php
[ info ] [ BEHAVIOR ] Run cmf\behavior\LangBehavior @app_begin [ RunTime:0.002672s ]
[ info ] [ RUN ] api\wxapp\controller\PublicController->login[ C:\xampp\htdocs\smart_property\api\wxapp\controller\PublicController.php ]
[ info ] [ DB ] INIT mysql
[ info ] [ LOG ] INIT File
[ sql ] [ DB ] CONNECT:[ UseTime:0.011671s ] mysql:host=127.0.0.1;port=3306;dbname=sp;charset=utf8mb4
[ sql ] [ SQL ] SHOW COLUMNS FROM `cmf_option` [ RunTime:0.025499s ]
[ sql ] [ SQL ] SELECT `option_value` FROM `cmf_option` WHERE  `option_name` = 'wxapp_settings' LIMIT 1 [ RunTime:0.000773s ]
---------------------------------------------------------------
[ 2018-08-01T10:38:17+08:00 ] 127.0.0.1 GET /api/portal/articles?page=1&order=-published_time
[ info ] sp.com/api/portal/articles?page=1&order=-published_time [运行时间：0.099689s][吞吐率：10.03req/s] [内存消耗：3,702.52kb] [文件加载：61]
[ info ] [ CACHE ] INIT File
[ info ] [ BEHAVIOR ] Run cmf\behavior\InitHookBehavior @app_init [ RunTime:0.004806s ]
[ info ] [ LANG ] C:\xampp\htdocs\smart_property\simplewind\thinkphp\lang\zh-cn.php
[ info ] [ ROUTE ] array (
  'type' => 'module',
  'module' => 
  array (
    0 => 'portal',
    1 => 'Articles',
    2 => 'index',
  ),
  'convert' => false,
)
[ info ] [ HEADER ] array (
  'host' => 'sp.com',
  'connection' => 'keep-alive',
  'pragma' => 'no-cache',
  'cache-control' => 'no-cache',
  'xx-device-type' => 'wxapp',
  'user-agent' => 'Mozilla/5.0 (iPhone; CPU iPhone OS 9_1 like Mac OS X) AppleWebKit/601.1.46 (KHTML, like Gecko) Version/9.0 Mobile/13B143 Safari/601.1 wechatdevtools/1.02.1807200 MicroMessenger/6.5.7 Language/zh_CN webview/',
  'content-type' => 'application/x-www-form-urlencoded',
  'xx-api-version' => '1.1.0',
  'xx-token' => '',
  'accept' => '*/*',
  'referer' => 'https://servicewechat.com/wxf6c1f89dfc72bcc5/devtools/page-frame.html',
  'accept-encoding' => 'gzip, deflate',
)
[ info ] [ PARAM ] array (
  'page' => '1',
  'order' => '-published_time',
)
[ info ] [ LANG ] C:\xampp\htdocs\smart_property\public\api/../../simplewind/cmf/lang\zh-cn.php
[ info ] [ BEHAVIOR ] Run cmf\behavior\LangBehavior @app_begin [ RunTime:0.001792s ]
[ info ] [ DB ] INIT mysql
[ info ] [ RUN ] api\portal\controller\ArticlesController->index[ C:\xampp\htdocs\smart_property\api\portal\controller\ArticlesController.php ]
[ info ] [ LOG ] INIT File
[ sql ] [ DB ] CONNECT:[ UseTime:0.012946s ] mysql:host=127.0.0.1;port=3306;dbname=sp;charset=utf8mb4
[ sql ] [ SQL ] SHOW COLUMNS FROM `cmf_portal_post` [ RunTime:0.023103s ]
[ sql ] [ SQL ] SELECT * FROM `cmf_portal_post` WHERE  ( `delete_time` = 0 AND `delete_time` = 0 AND `delete_time` = 0 AND `delete_time` = 0 )  AND ( `post_status` = 1 AND `post_status` = 1 AND `post_status` = 1 AND `post_status` = 1 )  AND ( `published_time` BETWEEN 1 AND 1533091097 AND `published_time` BETWEEN 1 AND 1533091097 AND `published_time` BETWEEN 1 AND 1533091097 AND `published_time` BETWEEN 1 AND 1533091097 )  AND `post_type` = 1 ORDER BY `published_time` DESC LIMIT 0,20 [ RunTime:0.000831s ]
---------------------------------------------------------------
[ 2018-08-01T10:38:18+08:00 ] 127.0.0.1 POST /api/wxapp/public/login
[ info ] sp.com/api/wxapp/public/login [运行时间：0.093125s][吞吐率：10.74req/s] [内存消耗：3,083.79kb] [文件加载：57]
[ info ] [ CACHE ] INIT File
[ info ] [ BEHAVIOR ] Run cmf\behavior\InitHookBehavior @app_init [ RunTime:0.002923s ]
[ info ] [ LANG ] C:\xampp\htdocs\smart_property\simplewind\thinkphp\lang\zh-cn.php
[ info ] [ ROUTE ] array (
  'type' => 'module',
  'module' => 
  array (
    0 => 'wxapp',
    1 => 'public',
    2 => 'login',
  ),
)
[ info ] [ HEADER ] array (
  'host' => 'sp.com',
  'connection' => 'keep-alive',
  'content-length' => '1035',
  'pragma' => 'no-cache',
  'cache-control' => 'no-cache',
  'origin' => 'http://127.0.0.1:37624',
  'xx-device-type' => 'wxapp',
  'user-agent' => 'Mozilla/5.0 (iPhone; CPU iPhone OS 9_1 like Mac OS X) AppleWebKit/601.1.46 (KHTML, like Gecko) Version/9.0 Mobile/13B143 Safari/601.1 wechatdevtools/1.02.1807200 MicroMessenger/6.5.7 Language/zh_CN webview/',
  'content-type' => 'application/x-www-form-urlencoded',
  'xx-api-version' => '1.1.0',
  'xx-token' => '',
  'accept' => '*/*',
  'referer' => 'https://servicewechat.com/wxf6c1f89dfc72bcc5/devtools/page-frame.html',
  'accept-encoding' => 'gzip, deflate',
)
[ info ] [ PARAM ] array (
  'code' => '081K6VSq0aVpcp1y1oPq0zBGSq0K6VSU',
  'encrypted_data' => 'Pg/EOK5ObCze5TfFAG36IITQ4YWpx24suLTFWk2/8CJP8A0gLFJIDseGL6cv/vquO8BvYxtg1WFIokjocRmxbJcjlZaYPyMhWDLt8bCxKXrCp5d7kmI7YQnrQkW9uKWIH5b7oavCVZPG/AJPA/sPAlL44Kbns3+GeTJI9Dt1y6rJKAvrKJ6IRv8tG3W+IMWNtc7O5ruehnL/rS1Jys67ZV+eyQhFW9VDw0z7mbvnvRx7TnMVN3pUqfLXbM04LXFtvhhkmaUDiddYvvKK0txVTEHzKyTe0jt4GV3zqX38hZT4cei+hgXfoNT1nRi71gf2T2sj6iE7U6wiqM1ah5ghYDsNRpOd0o9HSFnRzEYdvNtAqVHWiggXaFtzqDGFGiBbOJXkutsbTHP41wYC7CxMQecbDctbvVp04A9lc51LTU+dlHCEau3MIVm0kw2H+e2PR0tYlVN+aFRO2yKXHmilEXoWZ4oWmVRY4p7GSevjEUI=',
  'iv' => '9ELjSToJ/fU5SLuDrB2YLA==',
  'raw_data' => '{&quot;nickName&quot;:&quot;顶文洁&quot;,&quot;gender&quot;:1,&quot;language&quot;:&quot;zh_CN&quot;,&quot;city&quot;:&quot;Nanjing&quot;,&quot;province&quot;:&quot;Jiangsu&quot;,&quot;country&quot;:&quot;China&quot;,&quot;avatarUrl&quot;:&quot;https://wx.qlogo.cn/mmopen/vi_32/DYAIOgq83equdNlpG5AJiadT46PdJlVfU4icU2CGE4CLUjIib0D7CR3OwaAKPJKzeibBaIudQ0Nqu8ExZryhia8F22Q/132&quot;}',
  'signature' => 'f1024661633e6dfdcce047295d6bdaf641768043',
)
[ info ] [ LANG ] C:\xampp\htdocs\smart_property\public\api/../../simplewind/cmf/lang\zh-cn.php
[ info ] [ BEHAVIOR ] Run cmf\behavior\LangBehavior @app_begin [ RunTime:0.001909s ]
[ info ] [ RUN ] api\wxapp\controller\PublicController->login[ C:\xampp\htdocs\smart_property\api\wxapp\controller\PublicController.php ]
[ info ] [ DB ] INIT mysql
[ info ] [ LOG ] INIT File
[ sql ] [ DB ] CONNECT:[ UseTime:0.012974s ] mysql:host=127.0.0.1;port=3306;dbname=sp;charset=utf8mb4
[ sql ] [ SQL ] SHOW COLUMNS FROM `cmf_option` [ RunTime:0.018118s ]
[ sql ] [ SQL ] SELECT `option_value` FROM `cmf_option` WHERE  `option_name` = 'wxapp_settings' LIMIT 1 [ RunTime:0.000406s ]
---------------------------------------------------------------
[ 2018-08-01T10:38:23+08:00 ] 127.0.0.1 POST /api/wxapp/public/login
[ info ] sp.com/api/wxapp/public/login [运行时间：0.097532s][吞吐率：10.25req/s] [内存消耗：3,083.79kb] [文件加载：57]
[ info ] [ CACHE ] INIT File
[ info ] [ BEHAVIOR ] Run cmf\behavior\InitHookBehavior @app_init [ RunTime:0.002883s ]
[ info ] [ LANG ] C:\xampp\htdocs\smart_property\simplewind\thinkphp\lang\zh-cn.php
[ info ] [ ROUTE ] array (
  'type' => 'module',
  'module' => 
  array (
    0 => 'wxapp',
    1 => 'public',
    2 => 'login',
  ),
)
[ info ] [ HEADER ] array (
  'host' => 'sp.com',
  'connection' => 'keep-alive',
  'content-length' => '1037',
  'pragma' => 'no-cache',
  'cache-control' => 'no-cache',
  'origin' => 'http://127.0.0.1:37624',
  'xx-device-type' => 'wxapp',
  'user-agent' => 'Mozilla/5.0 (iPhone; CPU iPhone OS 9_1 like Mac OS X) AppleWebKit/601.1.46 (KHTML, like Gecko) Version/9.0 Mobile/13B143 Safari/601.1 wechatdevtools/1.02.1807200 MicroMessenger/6.5.7 Language/zh_CN webview/',
  'content-type' => 'application/x-www-form-urlencoded',
  'xx-api-version' => '1.1.0',
  'xx-token' => '',
  'accept' => '*/*',
  'referer' => 'https://servicewechat.com/wxf6c1f89dfc72bcc5/devtools/page-frame.html',
  'accept-encoding' => 'gzip, deflate',
)
[ info ] [ PARAM ] array (
  'code' => '0015LBxB1dxuwe0FqyyB1R7FxB15LBxm',
  'encrypted_data' => 'pUswhyektXsJC1ABnwD/QVsH8Oz8bATTya/GyGtNhkYLwOaokH/WHAktYfffdftgv17JtHyETnpc3DSKNvqD3L820Z3hqJSYYHh7QqdBCBLnc/lllWz6OFoHg74VfKf3M3ToUDrNZrus3+C9zX88CA060jcktk80lVm9sLadKP2wyDKd3ZUdc+pvJpadrK+DGeaeiirYx7bNlozQPUT1XkKcoatHjZu9wrGTygnwK/08mTvUcIsEnsz4Om5pYZRPTHzFauFbRRNI2Sj8qIQxGxv2GSX3AvJwXxqyJn2Wy2CTYU0G2RrrRIt+/9Qz/JYSPSujgXplWeFjr6ORZkpCIb0Y5QLzlkAZ/XHy5m3dPYkPl01fvmHSZVVa0K/EcGP8qDMFPjsZpK5yeUHvvQFnk6sABoDkudB1yjHcw7GXmdVrJYwRauT5XgQry0pDbT7/mHUgw2qRv574Tr4u17+QtfR2SuBL0HaAvmze4sk1Q10=',
  'iv' => 'IHDU3OAtMo6OsPAWXXBq4Q==',
  'raw_data' => '{&quot;nickName&quot;:&quot;顶文洁&quot;,&quot;gender&quot;:1,&quot;language&quot;:&quot;zh_CN&quot;,&quot;city&quot;:&quot;Nanjing&quot;,&quot;province&quot;:&quot;Jiangsu&quot;,&quot;country&quot;:&quot;China&quot;,&quot;avatarUrl&quot;:&quot;https://wx.qlogo.cn/mmopen/vi_32/DYAIOgq83equdNlpG5AJiadT46PdJlVfU4icU2CGE4CLUjIib0D7CR3OwaAKPJKzeibBaIudQ0Nqu8ExZryhia8F22Q/132&quot;}',
  'signature' => 'f1024661633e6dfdcce047295d6bdaf641768043',
)
[ info ] [ LANG ] C:\xampp\htdocs\smart_property\public\api/../../simplewind/cmf/lang\zh-cn.php
[ info ] [ BEHAVIOR ] Run cmf\behavior\LangBehavior @app_begin [ RunTime:0.001513s ]
[ info ] [ RUN ] api\wxapp\controller\PublicController->login[ C:\xampp\htdocs\smart_property\api\wxapp\controller\PublicController.php ]
[ info ] [ DB ] INIT mysql
[ info ] [ LOG ] INIT File
[ sql ] [ DB ] CONNECT:[ UseTime:0.011905s ] mysql:host=127.0.0.1;port=3306;dbname=sp;charset=utf8mb4
[ sql ] [ SQL ] SHOW COLUMNS FROM `cmf_option` [ RunTime:0.029320s ]
[ sql ] [ SQL ] SELECT `option_value` FROM `cmf_option` WHERE  `option_name` = 'wxapp_settings' LIMIT 1 [ RunTime:0.000696s ]
---------------------------------------------------------------
[ 2018-08-01T10:39:09+08:00 ] 127.0.0.1 GET /api/portal/articles?page=1&order=-published_time
[ info ] sp.com/api/portal/articles?page=1&order=-published_time [运行时间：0.086540s][吞吐率：11.56req/s] [内存消耗：3,702.52kb] [文件加载：61]
[ info ] [ CACHE ] INIT File
[ info ] [ BEHAVIOR ] Run cmf\behavior\InitHookBehavior @app_init [ RunTime:0.004872s ]
[ info ] [ LANG ] C:\xampp\htdocs\smart_property\simplewind\thinkphp\lang\zh-cn.php
[ info ] [ ROUTE ] array (
  'type' => 'module',
  'module' => 
  array (
    0 => 'portal',
    1 => 'Articles',
    2 => 'index',
  ),
  'convert' => false,
)
[ info ] [ HEADER ] array (
  'host' => 'sp.com',
  'connection' => 'keep-alive',
  'pragma' => 'no-cache',
  'cache-control' => 'no-cache',
  'xx-device-type' => 'wxapp',
  'user-agent' => 'Mozilla/5.0 (iPhone; CPU iPhone OS 9_1 like Mac OS X) AppleWebKit/601.1.46 (KHTML, like Gecko) Version/9.0 Mobile/13B143 Safari/601.1 wechatdevtools/1.02.1807200 MicroMessenger/6.5.7 Language/zh_CN webview/',
  'content-type' => 'application/x-www-form-urlencoded',
  'xx-api-version' => '1.1.0',
  'xx-token' => '',
  'accept' => '*/*',
  'referer' => 'https://servicewechat.com/wxf6c1f89dfc72bcc5/devtools/page-frame.html',
  'accept-encoding' => 'gzip, deflate',
)
[ info ] [ PARAM ] array (
  'page' => '1',
  'order' => '-published_time',
)
[ info ] [ LANG ] C:\xampp\htdocs\smart_property\public\api/../../simplewind/cmf/lang\zh-cn.php
[ info ] [ BEHAVIOR ] Run cmf\behavior\LangBehavior @app_begin [ RunTime:0.001522s ]
[ info ] [ DB ] INIT mysql
[ info ] [ RUN ] api\portal\controller\ArticlesController->index[ C:\xampp\htdocs\smart_property\api\portal\controller\ArticlesController.php ]
[ info ] [ LOG ] INIT File
[ sql ] [ DB ] CONNECT:[ UseTime:0.002216s ] mysql:host=127.0.0.1;port=3306;dbname=sp;charset=utf8mb4
[ sql ] [ SQL ] SHOW COLUMNS FROM `cmf_portal_post` [ RunTime:0.015586s ]
[ sql ] [ SQL ] SELECT * FROM `cmf_portal_post` WHERE  ( `delete_time` = 0 AND `delete_time` = 0 AND `delete_time` = 0 AND `delete_time` = 0 )  AND ( `post_status` = 1 AND `post_status` = 1 AND `post_status` = 1 AND `post_status` = 1 )  AND ( `published_time` BETWEEN 1 AND 1533091149 AND `published_time` BETWEEN 1 AND 1533091149 AND `published_time` BETWEEN 1 AND 1533091149 AND `published_time` BETWEEN 1 AND 1533091149 )  AND `post_type` = 1 ORDER BY `published_time` DESC LIMIT 0,20 [ RunTime:0.000735s ]
---------------------------------------------------------------
[ 2018-08-01T10:39:09+08:00 ] 127.0.0.1 POST /api/wxapp/public/login
[ info ] sp.com/api/wxapp/public/login [运行时间：0.073725s][吞吐率：13.56req/s] [内存消耗：3,083.77kb] [文件加载：57]
[ info ] [ CACHE ] INIT File
[ info ] [ BEHAVIOR ] Run cmf\behavior\InitHookBehavior @app_init [ RunTime:0.003185s ]
[ info ] [ LANG ] C:\xampp\htdocs\smart_property\simplewind\thinkphp\lang\zh-cn.php
[ info ] [ ROUTE ] array (
  'type' => 'module',
  'module' => 
  array (
    0 => 'wxapp',
    1 => 'public',
    2 => 'login',
  ),
)
[ info ] [ HEADER ] array (
  'host' => 'sp.com',
  'connection' => 'keep-alive',
  'content-length' => '1043',
  'pragma' => 'no-cache',
  'cache-control' => 'no-cache',
  'origin' => 'http://127.0.0.1:37624',
  'xx-device-type' => 'wxapp',
  'user-agent' => 'Mozilla/5.0 (iPhone; CPU iPhone OS 9_1 like Mac OS X) AppleWebKit/601.1.46 (KHTML, like Gecko) Version/9.0 Mobile/13B143 Safari/601.1 wechatdevtools/1.02.1807200 MicroMessenger/6.5.7 Language/zh_CN webview/',
  'content-type' => 'application/x-www-form-urlencoded',
  'xx-api-version' => '1.1.0',
  'xx-token' => '',
  'accept' => '*/*',
  'referer' => 'https://servicewechat.com/wxf6c1f89dfc72bcc5/devtools/page-frame.html',
  'accept-encoding' => 'gzip, deflate',
)
[ info ] [ PARAM ] array (
  'code' => '011LRZpS1B3si81P4KqS1aBVpS1LRZpR',
  'encrypted_data' => '6uUPoPyCPkbH+oMcOI+SahNAS0DRjbyQv1ctNsoGdbkHyg2FocvOaWVeQZFeViKK3twMlXLyBdA5kx98DgU0Q0GWT83LBzMewB/EUHNqe/9ev2oUnIczq6f/VwTFEq6LN+uzXmryJmFMBFJfBsSJTqPeWuwap8yQefQf8HcsabVvFQXfBCVedj+U5MFR8YCqfTjBWAgsn45WV+XVWAzgBkOmQNx971yJrPsIaag9Y079W1qnmJXoq28H6woBI/ClZ4mu2yMTyWRO024ek40tfUNN/b46BZVfAhoIav6i9Xb1Y8XOAAk4DbpfZjTp013OTSib883iD45+rJEATyIm8NW84S2sxksR5EmXyfiORJ3QBbLWsHMAJrVhyPPK4Bb/8dHIiYJBWNi4izC5k8hJKkvkhm6flrc9xaEDw/9APIruP5iFwmCsViTJfm/puOuwkGQyUivoeBj7h8+azOODobLOzDKszT+FHkQ7BYmblyg=',
  'iv' => '8qv8LaY0P+UWg+hc5RGLcw==',
  'raw_data' => '{&quot;nickName&quot;:&quot;顶文洁&quot;,&quot;gender&quot;:1,&quot;language&quot;:&quot;zh_CN&quot;,&quot;city&quot;:&quot;Nanjing&quot;,&quot;province&quot;:&quot;Jiangsu&quot;,&quot;country&quot;:&quot;China&quot;,&quot;avatarUrl&quot;:&quot;https://wx.qlogo.cn/mmopen/vi_32/DYAIOgq83equdNlpG5AJiadT46PdJlVfU4icU2CGE4CLUjIib0D7CR3OwaAKPJKzeibBaIudQ0Nqu8ExZryhia8F22Q/132&quot;}',
  'signature' => 'f1024661633e6dfdcce047295d6bdaf641768043',
)
[ info ] [ LANG ] C:\xampp\htdocs\smart_property\public\api/../../simplewind/cmf/lang\zh-cn.php
[ info ] [ BEHAVIOR ] Run cmf\behavior\LangBehavior @app_begin [ RunTime:0.001841s ]
[ info ] [ RUN ] api\wxapp\controller\PublicController->login[ C:\xampp\htdocs\smart_property\api\wxapp\controller\PublicController.php ]
[ info ] [ DB ] INIT mysql
[ info ] [ LOG ] INIT File
[ sql ] [ DB ] CONNECT:[ UseTime:0.012886s ] mysql:host=127.0.0.1;port=3306;dbname=sp;charset=utf8mb4
[ sql ] [ SQL ] SHOW COLUMNS FROM `cmf_option` [ RunTime:0.011154s ]
[ sql ] [ SQL ] SELECT `option_value` FROM `cmf_option` WHERE  `option_name` = 'wxapp_settings' LIMIT 1 [ RunTime:0.000462s ]
---------------------------------------------------------------
[ 2018-08-01T10:46:10+08:00 ] 127.0.0.1 GET /api/portal/articles?order=-published_time
[ info ] sp.com/api/portal/articles?order=-published_time [运行时间：0.089113s][吞吐率：11.22req/s] [内存消耗：3,702.20kb] [文件加载：61]
[ info ] [ CACHE ] INIT File
[ info ] [ BEHAVIOR ] Run cmf\behavior\InitHookBehavior @app_init [ RunTime:0.004309s ]
[ info ] [ LANG ] C:\xampp\htdocs\smart_property\simplewind\thinkphp\lang\zh-cn.php
[ info ] [ ROUTE ] array (
  'type' => 'module',
  'module' => 
  array (
    0 => 'portal',
    1 => 'Articles',
    2 => 'index',
  ),
  'convert' => false,
)
[ info ] [ HEADER ] array (
  'host' => 'sp.com',
  'connection' => 'keep-alive',
  'pragma' => 'no-cache',
  'cache-control' => 'no-cache',
  'xx-device-type' => 'wxapp',
  'user-agent' => 'Mozilla/5.0 (iPhone; CPU iPhone OS 9_1 like Mac OS X) AppleWebKit/601.1.46 (KHTML, like Gecko) Version/9.0 Mobile/13B143 Safari/601.1 wechatdevtools/1.02.1807200 MicroMessenger/6.5.7 Language/zh_CN webview/',
  'content-type' => 'application/x-www-form-urlencoded',
  'xx-api-version' => '1.1.0',
  'xx-token' => '',
  'accept' => '*/*',
  'referer' => 'https://servicewechat.com/wxf6c1f89dfc72bcc5/devtools/page-frame.html',
  'accept-encoding' => 'gzip, deflate',
)
[ info ] [ PARAM ] array (
  'order' => '-published_time',
)
[ info ] [ LANG ] C:\xampp\htdocs\smart_property\public\api/../../simplewind/cmf/lang\zh-cn.php
[ info ] [ BEHAVIOR ] Run cmf\behavior\LangBehavior @app_begin [ RunTime:0.002109s ]
[ info ] [ DB ] INIT mysql
[ info ] [ RUN ] api\portal\controller\ArticlesController->index[ C:\xampp\htdocs\smart_property\api\portal\controller\ArticlesController.php ]
[ info ] [ LOG ] INIT File
[ sql ] [ DB ] CONNECT:[ UseTime:0.011872s ] mysql:host=127.0.0.1;port=3306;dbname=sp;charset=utf8mb4
[ sql ] [ SQL ] SHOW COLUMNS FROM `cmf_portal_post` [ RunTime:0.013361s ]
[ sql ] [ SQL ] SELECT * FROM `cmf_portal_post` WHERE  ( `delete_time` = 0 AND `delete_time` = 0 AND `delete_time` = 0 AND `delete_time` = 0 )  AND ( `post_status` = 1 AND `post_status` = 1 AND `post_status` = 1 AND `post_status` = 1 )  AND ( `published_time` BETWEEN 1 AND 1533091570 AND `published_time` BETWEEN 1 AND 1533091570 AND `published_time` BETWEEN 1 AND 1533091570 AND `published_time` BETWEEN 1 AND 1533091570 )  AND `post_type` = 1 ORDER BY `published_time` DESC LIMIT 10 [ RunTime:0.000776s ]
---------------------------------------------------------------
[ 2018-08-01T11:12:36+08:00 ] 127.0.0.1 GET /api/portal/articles?page=1&order=-published_time
[ info ] sp.com/api/portal/articles?page=1&order=-published_time [运行时间：0.104927s][吞吐率：9.53req/s] [内存消耗：3,702.52kb] [文件加载：61]
[ info ] [ CACHE ] INIT File
[ info ] [ BEHAVIOR ] Run cmf\behavior\InitHookBehavior @app_init [ RunTime:0.005526s ]
[ info ] [ LANG ] C:\xampp\htdocs\smart_property\simplewind\thinkphp\lang\zh-cn.php
[ info ] [ ROUTE ] array (
  'type' => 'module',
  'module' => 
  array (
    0 => 'portal',
    1 => 'Articles',
    2 => 'index',
  ),
  'convert' => false,
)
[ info ] [ HEADER ] array (
  'host' => 'sp.com',
  'connection' => 'keep-alive',
  'pragma' => 'no-cache',
  'cache-control' => 'no-cache',
  'xx-device-type' => 'wxapp',
  'user-agent' => 'Mozilla/5.0 (iPhone; CPU iPhone OS 9_1 like Mac OS X) AppleWebKit/601.1.46 (KHTML, like Gecko) Version/9.0 Mobile/13B143 Safari/601.1 wechatdevtools/1.02.1807200 MicroMessenger/6.5.7 Language/zh_CN webview/',
  'content-type' => 'application/x-www-form-urlencoded',
  'xx-api-version' => '1.1.0',
  'xx-token' => '',
  'accept' => '*/*',
  'referer' => 'https://servicewechat.com/wxf6c1f89dfc72bcc5/devtools/page-frame.html',
  'accept-encoding' => 'gzip, deflate',
)
[ info ] [ PARAM ] array (
  'page' => '1',
  'order' => '-published_time',
)
[ info ] [ LANG ] C:\xampp\htdocs\smart_property\public\api/../../simplewind/cmf/lang\zh-cn.php
[ info ] [ BEHAVIOR ] Run cmf\behavior\LangBehavior @app_begin [ RunTime:0.004428s ]
[ info ] [ DB ] INIT mysql
[ info ] [ RUN ] api\portal\controller\ArticlesController->index[ C:\xampp\htdocs\smart_property\api\portal\controller\ArticlesController.php ]
[ info ] [ LOG ] INIT File
[ sql ] [ DB ] CONNECT:[ UseTime:0.002143s ] mysql:host=127.0.0.1;port=3306;dbname=sp;charset=utf8mb4
[ sql ] [ SQL ] SHOW COLUMNS FROM `cmf_portal_post` [ RunTime:0.015353s ]
[ sql ] [ SQL ] SELECT * FROM `cmf_portal_post` WHERE  ( `delete_time` = 0 AND `delete_time` = 0 AND `delete_time` = 0 AND `delete_time` = 0 )  AND ( `post_status` = 1 AND `post_status` = 1 AND `post_status` = 1 AND `post_status` = 1 )  AND ( `published_time` BETWEEN 1 AND 1533093155 AND `published_time` BETWEEN 1 AND 1533093155 AND `published_time` BETWEEN 1 AND 1533093155 AND `published_time` BETWEEN 1 AND 1533093155 )  AND `post_type` = 1 ORDER BY `published_time` DESC LIMIT 0,20 [ RunTime:0.001145s ]
---------------------------------------------------------------
[ 2018-08-01T11:12:36+08:00 ] 127.0.0.1 POST /api/wxapp/public/login
[ info ] sp.com/api/wxapp/public/login [运行时间：0.081885s][吞吐率：12.21req/s] [内存消耗：3,085.54kb] [文件加载：57]
[ info ] [ CACHE ] INIT File
[ info ] [ BEHAVIOR ] Run cmf\behavior\InitHookBehavior @app_init [ RunTime:0.004211s ]
[ info ] [ LANG ] C:\xampp\htdocs\smart_property\simplewind\thinkphp\lang\zh-cn.php
[ info ] [ ROUTE ] array (
  'type' => 'module',
  'module' => 
  array (
    0 => 'wxapp',
    1 => 'public',
    2 => 'login',
  ),
)
[ info ] [ HEADER ] array (
  'host' => 'sp.com',
  'connection' => 'keep-alive',
  'content-length' => '1033',
  'pragma' => 'no-cache',
  'cache-control' => 'no-cache',
  'origin' => 'http://127.0.0.1:49890',
  'xx-device-type' => 'wxapp',
  'user-agent' => 'Mozilla/5.0 (iPhone; CPU iPhone OS 9_1 like Mac OS X) AppleWebKit/601.1.46 (KHTML, like Gecko) Version/9.0 Mobile/13B143 Safari/601.1 wechatdevtools/1.02.1807200 MicroMessenger/6.5.7 Language/zh_CN webview/',
  'content-type' => 'application/x-www-form-urlencoded',
  'xx-api-version' => '1.1.0',
  'xx-token' => '',
  'accept' => '*/*',
  'referer' => 'https://servicewechat.com/wxf6c1f89dfc72bcc5/devtools/page-frame.html',
  'accept-encoding' => 'gzip, deflate',
)
[ info ] [ PARAM ] array (
  'code' => '061UT0eA0TI0Of10iqdA0imEdA0UT0er',
  'encrypted_data' => 'AqQMlGe+OH2THBIx4LYhCbX6k12Ls1U7crNZVAHGjKwzBwhMavTKtfsx2bEWYQUPQ5MA1O1/TlskSlobgs0rMqVolGzcu+1Bfvip9rpWnO/tdNN86GA7HLdDw5OvwN3zrFdOneWKSAwtcifJciu5lPPwlcYWkHlFCPMqEc1QWsDEA0mD91yUkYIrMP0zemsiKZbGC4cisBDDfR212zm367Jwm8HiNl1/6xGPYzT4xGreB+xNBRrNKq7mkOm+gdCaJ3qn8UnzzPgdP6eVggZTr0/Cw+20pYoaZrJoGALtVY2tk9Dp4MtA0/WxHkKAak0oM90rPLNLdhO+v5LMB+vYAWABf5T1V70QGCvU91Z8FhcOHG23AVznDXg011kPSlbCNoor39lbqTIUWCtdBlc6FkEJ0g9Faa6snmkqrhoILXMpSYJsrijE5iExCzR18ukxvITNxDZsBrNal19fiTcMruxowH9oHmBytrBrYg6HwEs=',
  'iv' => '7Rvtde+8Has746cAnjHhsQ==',
  'raw_data' => '{&quot;nickName&quot;:&quot;顶文洁&quot;,&quot;gender&quot;:1,&quot;language&quot;:&quot;zh_CN&quot;,&quot;city&quot;:&quot;Nanjing&quot;,&quot;province&quot;:&quot;Jiangsu&quot;,&quot;country&quot;:&quot;China&quot;,&quot;avatarUrl&quot;:&quot;https://wx.qlogo.cn/mmopen/vi_32/DYAIOgq83equdNlpG5AJiadT46PdJlVfU4icU2CGE4CLUjIib0D7CR3OwaAKPJKzeibBaIudQ0Nqu8ExZryhia8F22Q/132&quot;}',
  'signature' => 'd10900f7b552149a09d76990f35a1ed738b9cd72',
)
[ info ] [ LANG ] C:\xampp\htdocs\smart_property\public\api/../../simplewind/cmf/lang\zh-cn.php
[ info ] [ BEHAVIOR ] Run cmf\behavior\LangBehavior @app_begin [ RunTime:0.002793s ]
[ info ] [ RUN ] api\wxapp\controller\PublicController->login[ C:\xampp\htdocs\smart_property\api\wxapp\controller\PublicController.php ]
[ info ] [ DB ] INIT mysql
[ info ] [ LOG ] INIT File
[ sql ] [ DB ] CONNECT:[ UseTime:0.011580s ] mysql:host=127.0.0.1;port=3306;dbname=sp;charset=utf8mb4
[ sql ] [ SQL ] SHOW COLUMNS FROM `cmf_option` [ RunTime:0.012228s ]
[ sql ] [ SQL ] SELECT `option_value` FROM `cmf_option` WHERE  `option_name` = 'wxapp_settings' LIMIT 1 [ RunTime:0.000444s ]
---------------------------------------------------------------
[ 2018-08-01T11:12:51+08:00 ] 127.0.0.1 GET /api/portal/articles?page=1&order=-published_time
[ info ] sp.com/api/portal/articles?page=1&order=-published_time [运行时间：0.097500s][吞吐率：10.26req/s] [内存消耗：3,702.52kb] [文件加载：61]
[ info ] [ CACHE ] INIT File
[ info ] [ BEHAVIOR ] Run cmf\behavior\InitHookBehavior @app_init [ RunTime:0.004862s ]
[ info ] [ LANG ] C:\xampp\htdocs\smart_property\simplewind\thinkphp\lang\zh-cn.php
[ info ] [ ROUTE ] array (
  'type' => 'module',
  'module' => 
  array (
    0 => 'portal',
    1 => 'Articles',
    2 => 'index',
  ),
  'convert' => false,
)
[ info ] [ HEADER ] array (
  'host' => 'sp.com',
  'connection' => 'keep-alive',
  'pragma' => 'no-cache',
  'cache-control' => 'no-cache',
  'xx-device-type' => 'wxapp',
  'user-agent' => 'Mozilla/5.0 (iPhone; CPU iPhone OS 9_1 like Mac OS X) AppleWebKit/601.1.46 (KHTML, like Gecko) Version/9.0 Mobile/13B143 Safari/601.1 wechatdevtools/1.02.1807200 MicroMessenger/6.5.7 Language/zh_CN webview/',
  'content-type' => 'application/x-www-form-urlencoded',
  'xx-api-version' => '1.1.0',
  'xx-token' => '',
  'accept' => '*/*',
  'referer' => 'https://servicewechat.com/wxf6c1f89dfc72bcc5/devtools/page-frame.html',
  'accept-encoding' => 'gzip, deflate',
)
[ info ] [ PARAM ] array (
  'page' => '1',
  'order' => '-published_time',
)
[ info ] [ LANG ] C:\xampp\htdocs\smart_property\public\api/../../simplewind/cmf/lang\zh-cn.php
[ info ] [ BEHAVIOR ] Run cmf\behavior\LangBehavior @app_begin [ RunTime:0.002873s ]
[ info ] [ DB ] INIT mysql
[ info ] [ RUN ] api\portal\controller\ArticlesController->index[ C:\xampp\htdocs\smart_property\api\portal\controller\ArticlesController.php ]
[ info ] [ LOG ] INIT File
[ sql ] [ DB ] CONNECT:[ UseTime:0.002129s ] mysql:host=127.0.0.1;port=3306;dbname=sp;charset=utf8mb4
[ sql ] [ SQL ] SHOW COLUMNS FROM `cmf_portal_post` [ RunTime:0.014962s ]
[ sql ] [ SQL ] SELECT * FROM `cmf_portal_post` WHERE  ( `delete_time` = 0 AND `delete_time` = 0 AND `delete_time` = 0 AND `delete_time` = 0 )  AND ( `post_status` = 1 AND `post_status` = 1 AND `post_status` = 1 AND `post_status` = 1 )  AND ( `published_time` BETWEEN 1 AND 1533093171 AND `published_time` BETWEEN 1 AND 1533093171 AND `published_time` BETWEEN 1 AND 1533093171 AND `published_time` BETWEEN 1 AND 1533093171 )  AND `post_type` = 1 ORDER BY `published_time` DESC LIMIT 0,20 [ RunTime:0.000860s ]
---------------------------------------------------------------
[ 2018-08-01T11:12:51+08:00 ] 127.0.0.1 POST /api/wxapp/public/login
[ info ] sp.com/api/wxapp/public/login [运行时间：0.045997s][吞吐率：21.74req/s] [内存消耗：2,213.67kb] [文件加载：51]
[ info ] [ CACHE ] INIT File
[ info ] [ BEHAVIOR ] Run cmf\behavior\InitHookBehavior @app_init [ RunTime:0.004418s ]
[ info ] [ LANG ] C:\xampp\htdocs\smart_property\simplewind\thinkphp\lang\zh-cn.php
[ info ] [ ROUTE ] array (
  'type' => 'module',
  'module' => 
  array (
    0 => 'wxapp',
    1 => 'public',
    2 => 'login',
  ),
)
[ info ] [ HEADER ] array (
  'host' => 'sp.com',
  'connection' => 'keep-alive',
  'content-length' => '1047',
  'pragma' => 'no-cache',
  'cache-control' => 'no-cache',
  'origin' => 'http://127.0.0.1:49890',
  'xx-device-type' => 'wxapp',
  'user-agent' => 'Mozilla/5.0 (iPhone; CPU iPhone OS 9_1 like Mac OS X) AppleWebKit/601.1.46 (KHTML, like Gecko) Version/9.0 Mobile/13B143 Safari/601.1 wechatdevtools/1.02.1807200 MicroMessenger/6.5.7 Language/zh_CN webview/',
  'content-type' => 'application/x-www-form-urlencoded',
  'xx-api-version' => '1.1.0',
  'xx-token' => '',
  'accept' => '*/*',
  'referer' => 'https://servicewechat.com/wxf6c1f89dfc72bcc5/devtools/page-frame.html',
  'accept-encoding' => 'gzip, deflate',
)
[ info ] [ PARAM ] array (
  'code' => '081CmgO52olUMK0etnP52qaGO52CmgOe',
  'encrypted_data' => 'eFMBazHDjO7wedZwDwXnGT6SKEPrKaTPQPG+1oh59bPZkiqdYB/UjLFEy6QhI8a8T+zdYR2O6iJvPreCIfA7khsm+FzfcY1lLn8AbE2Kg5OSwX/9wRoQ0y0SdPNjBqyJFaEjAqkANJkMelFARc+NXuBGgOyLkFY4k+oCAQIHcN1cCCn3HbohJG1vqMl7brlxVJuqQKQkwLGP5+zs0J1sb9mUwvmyOJHPeiGx48l+YjHVzbA52o6ATGiKhvwK+UlMJsgfJAkrea3rRd1Jy+Ii0B+LHhSJB0Y1kVpEWE+ZfNCXv4ic712RJ0VeSLcM41ognK7k6XzCr1PL8S2B0wPX4eQ1YDiIVnsfp1LWjDJGw0QqBRTuST6kl5iRIFZRSNc46AIckocz8rnZzCK5JNh+E8sIH/++zGLx5o0M7ZWPhE8vCsJDWIVqbJ+aKCq6bDyJKfrnBfl5sEMA7dcvmJFgO5C28MpCv07eyXm2+4Nhra4=',
  'iv' => 'm3N2U/T7YCrZLj0yUdVZVw==',
  'raw_data' => '{&quot;nickName&quot;:&quot;顶文洁&quot;,&quot;gender&quot;:1,&quot;language&quot;:&quot;zh_CN&quot;,&quot;city&quot;:&quot;Nanjing&quot;,&quot;province&quot;:&quot;Jiangsu&quot;,&quot;country&quot;:&quot;China&quot;,&quot;avatarUrl&quot;:&quot;https://wx.qlogo.cn/mmopen/vi_32/DYAIOgq83equdNlpG5AJiadT46PdJlVfU4icU2CGE4CLUjIib0D7CR3OwaAKPJKzeibBaIudQ0Nqu8ExZryhia8F22Q/132&quot;}',
  'signature' => 'd10900f7b552149a09d76990f35a1ed738b9cd72',
)
[ info ] [ LANG ] C:\xampp\htdocs\smart_property\public\api/../../simplewind/cmf/lang\zh-cn.php
[ info ] [ BEHAVIOR ] Run cmf\behavior\LangBehavior @app_begin [ RunTime:0.003212s ]
[ info ] [ RUN ] api\wxapp\controller\PublicController->login[ C:\xampp\htdocs\smart_property\api\wxapp\controller\PublicController.php ]
[ info ] [ LOG ] INIT File
---------------------------------------------------------------
[ 2018-08-01T11:17:39+08:00 ] 127.0.0.1 GET /api/portal/articles?page=1&order=-published_time
[ info ] sp.com/api/portal/articles?page=1&order=-published_time [运行时间：0.113474s][吞吐率：8.81req/s] [内存消耗：3,702.52kb] [文件加载：61]
[ info ] [ CACHE ] INIT File
[ info ] [ BEHAVIOR ] Run cmf\behavior\InitHookBehavior @app_init [ RunTime:0.004420s ]
[ info ] [ LANG ] C:\xampp\htdocs\smart_property\simplewind\thinkphp\lang\zh-cn.php
[ info ] [ ROUTE ] array (
  'type' => 'module',
  'module' => 
  array (
    0 => 'portal',
    1 => 'Articles',
    2 => 'index',
  ),
  'convert' => false,
)
[ info ] [ HEADER ] array (
  'host' => 'sp.com',
  'connection' => 'keep-alive',
  'pragma' => 'no-cache',
  'cache-control' => 'no-cache',
  'xx-device-type' => 'wxapp',
  'user-agent' => 'Mozilla/5.0 (iPhone; CPU iPhone OS 9_1 like Mac OS X) AppleWebKit/601.1.46 (KHTML, like Gecko) Version/9.0 Mobile/13B143 Safari/601.1 wechatdevtools/1.02.1807200 MicroMessenger/6.5.7 Language/zh_CN webview/',
  'content-type' => 'application/x-www-form-urlencoded',
  'xx-api-version' => '1.1.0',
  'xx-token' => '',
  'accept' => '*/*',
  'referer' => 'https://servicewechat.com/wxf6c1f89dfc72bcc5/devtools/page-frame.html',
  'accept-encoding' => 'gzip, deflate',
)
[ info ] [ PARAM ] array (
  'page' => '1',
  'order' => '-published_time',
)
[ info ] [ LANG ] C:\xampp\htdocs\smart_property\public\api/../../simplewind/cmf/lang\zh-cn.php
[ info ] [ BEHAVIOR ] Run cmf\behavior\LangBehavior @app_begin [ RunTime:0.002634s ]
[ info ] [ DB ] INIT mysql
[ info ] [ RUN ] api\portal\controller\ArticlesController->index[ C:\xampp\htdocs\smart_property\api\portal\controller\ArticlesController.php ]
[ info ] [ LOG ] INIT File
[ sql ] [ DB ] CONNECT:[ UseTime:0.012171s ] mysql:host=127.0.0.1;port=3306;dbname=sp;charset=utf8mb4
[ sql ] [ SQL ] SHOW COLUMNS FROM `cmf_portal_post` [ RunTime:0.014187s ]
[ sql ] [ SQL ] SELECT * FROM `cmf_portal_post` WHERE  ( `delete_time` = 0 AND `delete_time` = 0 AND `delete_time` = 0 AND `delete_time` = 0 )  AND ( `post_status` = 1 AND `post_status` = 1 AND `post_status` = 1 AND `post_status` = 1 )  AND ( `published_time` BETWEEN 1 AND 1533093459 AND `published_time` BETWEEN 1 AND 1533093459 AND `published_time` BETWEEN 1 AND 1533093459 AND `published_time` BETWEEN 1 AND 1533093459 )  AND `post_type` = 1 ORDER BY `published_time` DESC LIMIT 0,20 [ RunTime:0.000835s ]
---------------------------------------------------------------
[ 2018-08-01T11:17:40+08:00 ] 127.0.0.1 POST /api/wxapp/public/login
[ info ] sp.com/api/wxapp/public/login [运行时间：0.046768s][吞吐率：21.38req/s] [内存消耗：2,213.64kb] [文件加载：51]
[ info ] [ CACHE ] INIT File
[ info ] [ BEHAVIOR ] Run cmf\behavior\InitHookBehavior @app_init [ RunTime:0.003906s ]
[ info ] [ LANG ] C:\xampp\htdocs\smart_property\simplewind\thinkphp\lang\zh-cn.php
[ info ] [ ROUTE ] array (
  'type' => 'module',
  'module' => 
  array (
    0 => 'wxapp',
    1 => 'public',
    2 => 'login',
  ),
)
[ info ] [ HEADER ] array (
  'host' => 'sp.com',
  'connection' => 'keep-alive',
  'content-length' => '1035',
  'pragma' => 'no-cache',
  'cache-control' => 'no-cache',
  'origin' => 'http://127.0.0.1:49890',
  'xx-device-type' => 'wxapp',
  'user-agent' => 'Mozilla/5.0 (iPhone; CPU iPhone OS 9_1 like Mac OS X) AppleWebKit/601.1.46 (KHTML, like Gecko) Version/9.0 Mobile/13B143 Safari/601.1 wechatdevtools/1.02.1807200 MicroMessenger/6.5.7 Language/zh_CN webview/',
  'content-type' => 'application/x-www-form-urlencoded',
  'xx-api-version' => '1.1.0',
  'xx-token' => '',
  'accept' => '*/*',
  'referer' => 'https://servicewechat.com/wxf6c1f89dfc72bcc5/devtools/page-frame.html',
  'accept-encoding' => 'gzip, deflate',
)
[ info ] [ PARAM ] array (
  'code' => '061bT4w80x6lsH1vFRz80DT7w80bT4wQ',
  'encrypted_data' => 'MdSkBOnf9mMEXZ16xsaiajD7o7fVs991O8Fhz9avfmC4mgX0Pc2U2ufWCVyvx7pKq1Mmz/QMqdtAOym0ONrVVXxHe2J8TDw8PPmtUpd4wGm0B/StAt8cA8w+61nvqVH9Qza7t6BmcGSZW8CAJLoC2vLo0pvXAt9epvCE0AQXMMgZJXtI+yT1x9v07rApL8IV/cvQP1F288CGx1L2V/s9Mqo1RX3EDLB0MTb4WjFJjueAAts8UaWKKjHeRWpfsaHgvhaYoyI15e1QFM9qcT7HffD1tsmu+iripEzZEikNPZUuQxYEQe08ktRnyRYhqVIWCdVJcda8dlZFKnKZdbm58ioD7VermVU0NenxKeQ31oI8+S3znkic4C7YvQ7um7q+NzzT/8A6z21jzKdEPQSoyWmlC2vlNihKzZKFPyU9CVXeaSd4Ydl9xye77CMZ2b6djh6d+5ybWIXWuMoYJMTOHBhk8eFAC+sdE+urjkd/pRs=',
  'iv' => 'ykF16Il6IzlCortyJgNERQ==',
  'raw_data' => '{&quot;nickName&quot;:&quot;顶文洁&quot;,&quot;gender&quot;:1,&quot;language&quot;:&quot;zh_CN&quot;,&quot;city&quot;:&quot;Nanjing&quot;,&quot;province&quot;:&quot;Jiangsu&quot;,&quot;country&quot;:&quot;China&quot;,&quot;avatarUrl&quot;:&quot;https://wx.qlogo.cn/mmopen/vi_32/DYAIOgq83equdNlpG5AJiadT46PdJlVfU4icU2CGE4CLUjIib0D7CR3OwaAKPJKzeibBaIudQ0Nqu8ExZryhia8F22Q/132&quot;}',
  'signature' => 'c0d6639c9448d66f791a94169a2c202c70645bce',
)
[ info ] [ LANG ] C:\xampp\htdocs\smart_property\public\api/../../simplewind/cmf/lang\zh-cn.php
[ info ] [ BEHAVIOR ] Run cmf\behavior\LangBehavior @app_begin [ RunTime:0.002670s ]
[ info ] [ RUN ] api\wxapp\controller\PublicController->login[ C:\xampp\htdocs\smart_property\api\wxapp\controller\PublicController.php ]
[ info ] [ LOG ] INIT File
---------------------------------------------------------------
[ 2018-08-01T11:22:08+08:00 ] 127.0.0.1 GET /api/portal/articles?page=1&order=-published_time
[ info ] sp.com/api/portal/articles?page=1&order=-published_time [运行时间：0.101195s][吞吐率：9.88req/s] [内存消耗：3,702.70kb] [文件加载：61]
[ info ] [ CACHE ] INIT File
[ info ] [ BEHAVIOR ] Run cmf\behavior\InitHookBehavior @app_init [ RunTime:0.004153s ]
[ info ] [ LANG ] C:\xampp\htdocs\smart_property\simplewind\thinkphp\lang\zh-cn.php
[ info ] [ ROUTE ] array (
  'type' => 'module',
  'module' => 
  array (
    0 => 'portal',
    1 => 'Articles',
    2 => 'index',
  ),
  'convert' => false,
)
[ info ] [ HEADER ] array (
  'host' => 'sp.com',
  'connection' => 'keep-alive',
  'pragma' => 'no-cache',
  'cache-control' => 'no-cache',
  'xx-device-type' => 'wxapp',
  'user-agent' => 'Mozilla/5.0 (iPhone; CPU iPhone OS 9_1 like Mac OS X) AppleWebKit/601.1.46 (KHTML, like Gecko) Version/9.0 Mobile/13B143 Safari/601.1 wechatdevtools/1.02.1807200 MicroMessenger/6.5.7 Language/zh_CN webview/',
  'content-type' => 'application/x-www-form-urlencoded',
  'xx-wxapp-appid' => 'wx0c23612938f9daca',
  'xx-api-version' => '1.1.0',
  'xx-token' => '',
  'accept' => '*/*',
  'referer' => 'https://servicewechat.com/wxf6c1f89dfc72bcc5/devtools/page-frame.html',
  'accept-encoding' => 'gzip, deflate',
)
[ info ] [ PARAM ] array (
  'page' => '1',
  'order' => '-published_time',
)
[ info ] [ LANG ] C:\xampp\htdocs\smart_property\public\api/../../simplewind/cmf/lang\zh-cn.php
[ info ] [ BEHAVIOR ] Run cmf\behavior\LangBehavior @app_begin [ RunTime:0.002582s ]
[ info ] [ DB ] INIT mysql
[ info ] [ RUN ] api\portal\controller\ArticlesController->index[ C:\xampp\htdocs\smart_property\api\portal\controller\ArticlesController.php ]
[ info ] [ LOG ] INIT File
[ sql ] [ DB ] CONNECT:[ UseTime:0.002059s ] mysql:host=127.0.0.1;port=3306;dbname=sp;charset=utf8mb4
[ sql ] [ SQL ] SHOW COLUMNS FROM `cmf_portal_post` [ RunTime:0.015178s ]
[ sql ] [ SQL ] SELECT * FROM `cmf_portal_post` WHERE  ( `delete_time` = 0 AND `delete_time` = 0 AND `delete_time` = 0 AND `delete_time` = 0 )  AND ( `post_status` = 1 AND `post_status` = 1 AND `post_status` = 1 AND `post_status` = 1 )  AND ( `published_time` BETWEEN 1 AND 1533093728 AND `published_time` BETWEEN 1 AND 1533093728 AND `published_time` BETWEEN 1 AND 1533093728 AND `published_time` BETWEEN 1 AND 1533093728 )  AND `post_type` = 1 ORDER BY `published_time` DESC LIMIT 0,20 [ RunTime:0.000814s ]
---------------------------------------------------------------
[ 2018-08-01T11:22:09+08:00 ] 127.0.0.1 POST /api/wxapp/public/login
[ info ] sp.com/api/wxapp/public/login [运行时间：0.237961s][吞吐率：4.20req/s] [内存消耗：2,214.05kb] [文件加载：51]
[ info ] [ CACHE ] INIT File
[ info ] [ BEHAVIOR ] Run cmf\behavior\InitHookBehavior @app_init [ RunTime:0.003970s ]
[ info ] [ LANG ] C:\xampp\htdocs\smart_property\simplewind\thinkphp\lang\zh-cn.php
[ info ] [ ROUTE ] array (
  'type' => 'module',
  'module' => 
  array (
    0 => 'wxapp',
    1 => 'public',
    2 => 'login',
  ),
)
[ info ] [ HEADER ] array (
  'host' => 'sp.com',
  'connection' => 'keep-alive',
  'content-length' => '1035',
  'pragma' => 'no-cache',
  'cache-control' => 'no-cache',
  'origin' => 'http://127.0.0.1:49890',
  'xx-device-type' => 'wxapp',
  'user-agent' => 'Mozilla/5.0 (iPhone; CPU iPhone OS 9_1 like Mac OS X) AppleWebKit/601.1.46 (KHTML, like Gecko) Version/9.0 Mobile/13B143 Safari/601.1 wechatdevtools/1.02.1807200 MicroMessenger/6.5.7 Language/zh_CN webview/',
  'content-type' => 'application/x-www-form-urlencoded',
  'xx-wxapp-appid' => 'wx0c23612938f9daca',
  'xx-api-version' => '1.1.0',
  'xx-token' => '',
  'accept' => '*/*',
  'referer' => 'https://servicewechat.com/wxf6c1f89dfc72bcc5/devtools/page-frame.html',
  'accept-encoding' => 'gzip, deflate',
)
[ info ] [ PARAM ] array (
  'code' => '001RCXrb0kQcuu1z9Asb0fEWrb0RCXrt',
  'encrypted_data' => 'pEpsId61dEwsxp6hdNd5yKAVcdFjTt8gCdD0dAiyXpBfIj2BjBYrYcl7+Kf3d14w+TXqS0v0qs6Rhx6UmUrJ8Hls7ePaNryDkGrC+/2VnZjf5HP63wivvd4TtAzwToNSQ0llvIIyWsSIv/YGEV0k81tU+8LkiYCOmxwxBZKzFBbLDhN8bNwpbcUtmtH7MLWbv0ZG5grZMvYWxVy4ofb9R/wwBIU8owwftiByQiGaW8Xykg7HUEPFdi2QWbpytRWunUlTPfiIrVuEIcQHybtcjYobybzUwTAqrq/gF23a6p1WpxommPTgD3jWdhyUT3xuJBLrY2EP3wO76QbdpnwjLX5Hd3sajwiJUnNnAF/AbaAL71lXJWcREeiGZnxxNklThUmHCqo3Rm0JisT2sz/mGdjVXJ6X+qRwc4hrno8gztTT7AK3XgMYi/kd0VRSYdjhqbcNDwZehjPWwpNzTc0uolRA/E6UCdaV+Mlwp8DumqI=',
  'iv' => 'wroO8K0t72WCBeZUIAUKuA==',
  'raw_data' => '{&quot;nickName&quot;:&quot;顶文洁&quot;,&quot;gender&quot;:1,&quot;language&quot;:&quot;zh_CN&quot;,&quot;city&quot;:&quot;Nanjing&quot;,&quot;province&quot;:&quot;Jiangsu&quot;,&quot;country&quot;:&quot;China&quot;,&quot;avatarUrl&quot;:&quot;https://wx.qlogo.cn/mmopen/vi_32/DYAIOgq83equdNlpG5AJiadT46PdJlVfU4icU2CGE4CLUjIib0D7CR3OwaAKPJKzeibBaIudQ0Nqu8ExZryhia8F22Q/132&quot;}',
  'signature' => '28f255a7d9dd1be6b52f2968dba0ea51c829eb49',
)
[ info ] [ LANG ] C:\xampp\htdocs\smart_property\public\api/../../simplewind/cmf/lang\zh-cn.php
[ info ] [ BEHAVIOR ] Run cmf\behavior\LangBehavior @app_begin [ RunTime:0.002744s ]
[ info ] [ RUN ] api\wxapp\controller\PublicController->login[ C:\xampp\htdocs\smart_property\api\wxapp\controller\PublicController.php ]
[ info ] [ LOG ] INIT File
---------------------------------------------------------------
[ 2018-08-01T11:22:14+08:00 ] 127.0.0.1 GET /api/portal/articles?page=1&order=-published_time
[ info ] sp.com/api/portal/articles?page=1&order=-published_time [运行时间：0.094829s][吞吐率：10.55req/s] [内存消耗：3,702.70kb] [文件加载：61]
[ info ] [ CACHE ] INIT File
[ info ] [ BEHAVIOR ] Run cmf\behavior\InitHookBehavior @app_init [ RunTime:0.004480s ]
[ info ] [ LANG ] C:\xampp\htdocs\smart_property\simplewind\thinkphp\lang\zh-cn.php
[ info ] [ ROUTE ] array (
  'type' => 'module',
  'module' => 
  array (
    0 => 'portal',
    1 => 'Articles',
    2 => 'index',
  ),
  'convert' => false,
)
[ info ] [ HEADER ] array (
  'host' => 'sp.com',
  'connection' => 'keep-alive',
  'pragma' => 'no-cache',
  'cache-control' => 'no-cache',
  'xx-device-type' => 'wxapp',
  'user-agent' => 'Mozilla/5.0 (iPhone; CPU iPhone OS 9_1 like Mac OS X) AppleWebKit/601.1.46 (KHTML, like Gecko) Version/9.0 Mobile/13B143 Safari/601.1 wechatdevtools/1.02.1807200 MicroMessenger/6.5.7 Language/zh_CN webview/',
  'content-type' => 'application/x-www-form-urlencoded',
  'xx-wxapp-appid' => 'wx0c23612938f9daca',
  'xx-api-version' => '1.1.0',
  'xx-token' => '',
  'accept' => '*/*',
  'referer' => 'https://servicewechat.com/wxf6c1f89dfc72bcc5/devtools/page-frame.html',
  'accept-encoding' => 'gzip, deflate',
)
[ info ] [ PARAM ] array (
  'page' => '1',
  'order' => '-published_time',
)
[ info ] [ LANG ] C:\xampp\htdocs\smart_property\public\api/../../simplewind/cmf/lang\zh-cn.php
[ info ] [ BEHAVIOR ] Run cmf\behavior\LangBehavior @app_begin [ RunTime:0.007463s ]
[ info ] [ DB ] INIT mysql
[ info ] [ RUN ] api\portal\controller\ArticlesController->index[ C:\xampp\htdocs\smart_property\api\portal\controller\ArticlesController.php ]
[ info ] [ LOG ] INIT File
[ sql ] [ DB ] CONNECT:[ UseTime:0.001986s ] mysql:host=127.0.0.1;port=3306;dbname=sp;charset=utf8mb4
[ sql ] [ SQL ] SHOW COLUMNS FROM `cmf_portal_post` [ RunTime:0.015503s ]
[ sql ] [ SQL ] SELECT * FROM `cmf_portal_post` WHERE  ( `delete_time` = 0 AND `delete_time` = 0 AND `delete_time` = 0 AND `delete_time` = 0 )  AND ( `post_status` = 1 AND `post_status` = 1 AND `post_status` = 1 AND `post_status` = 1 )  AND ( `published_time` BETWEEN 1 AND 1533093734 AND `published_time` BETWEEN 1 AND 1533093734 AND `published_time` BETWEEN 1 AND 1533093734 AND `published_time` BETWEEN 1 AND 1533093734 )  AND `post_type` = 1 ORDER BY `published_time` DESC LIMIT 0,20 [ RunTime:0.000754s ]
---------------------------------------------------------------
[ 2018-08-01T11:22:15+08:00 ] 127.0.0.1 POST /api/wxapp/public/login
[ info ] sp.com/api/wxapp/public/login [运行时间：0.158722s][吞吐率：6.30req/s] [内存消耗：2,213.98kb] [文件加载：51]
[ info ] [ CACHE ] INIT File
[ info ] [ BEHAVIOR ] Run cmf\behavior\InitHookBehavior @app_init [ RunTime:0.004206s ]
[ info ] [ LANG ] C:\xampp\htdocs\smart_property\simplewind\thinkphp\lang\zh-cn.php
[ info ] [ ROUTE ] array (
  'type' => 'module',
  'module' => 
  array (
    0 => 'wxapp',
    1 => 'public',
    2 => 'login',
  ),
)
[ info ] [ HEADER ] array (
  'host' => 'sp.com',
  'connection' => 'keep-alive',
  'content-length' => '1043',
  'pragma' => 'no-cache',
  'cache-control' => 'no-cache',
  'origin' => 'http://127.0.0.1:49890',
  'xx-device-type' => 'wxapp',
  'user-agent' => 'Mozilla/5.0 (iPhone; CPU iPhone OS 9_1 like Mac OS X) AppleWebKit/601.1.46 (KHTML, like Gecko) Version/9.0 Mobile/13B143 Safari/601.1 wechatdevtools/1.02.1807200 MicroMessenger/6.5.7 Language/zh_CN webview/',
  'content-type' => 'application/x-www-form-urlencoded',
  'xx-wxapp-appid' => 'wx0c23612938f9daca',
  'xx-api-version' => '1.1.0',
  'xx-token' => '',
  'accept' => '*/*',
  'referer' => 'https://servicewechat.com/wxf6c1f89dfc72bcc5/devtools/page-frame.html',
  'accept-encoding' => 'gzip, deflate',
)
[ info ] [ PARAM ] array (
  'code' => '021SRskU0xDEtX1BnrhU0bookU0SRskb',
  'encrypted_data' => 'GTxfMJmP6z5RenkXElaxr0c7n7lt2ZANT8SjQ9q3syqcGTOawNCa0U89Lb6nCFAiiPwYDScKSAlmQQkmmdFUkAU21omV9w4/R/Ewt+5OmZzkrI3AutlGD+lwe/scv53K1zMQJCDFDeRxqZFoOga0512c5nqZDssct+ofhox68ItLzCwv/Tffwr2GM9tzdp4L6jjfVnyG4Rw56s1pRvA0Wm1KKIJmohgbCvm5j7sbLf1hk4NENU6CCIH7LE6hsxafzYPL9XnUROZSOGgQeTOX2NHe404qECx1i7NTr5Badj0ZncfExhsnLUhUmyW4bNFHEaKa/XgYM16nBXUSbQIGqEXGx0tCebk18cdQRNNQVGiZlW9KLTzMrU8d4iQgOokTRB+TLA4MLxMCwpjcuSfPysVIfdi/zPfDGkco3+yt+/H/D8KCls9ngoLS2anddXxM6Hnc/Q+Desd1A31pi2sDuKn/Fiw90nG50EjFY/NB5Mo=',
  'iv' => 'eJoprFdU6dFATx6fU5MZng==',
  'raw_data' => '{&quot;nickName&quot;:&quot;顶文洁&quot;,&quot;gender&quot;:1,&quot;language&quot;:&quot;zh_CN&quot;,&quot;city&quot;:&quot;Nanjing&quot;,&quot;province&quot;:&quot;Jiangsu&quot;,&quot;country&quot;:&quot;China&quot;,&quot;avatarUrl&quot;:&quot;https://wx.qlogo.cn/mmopen/vi_32/DYAIOgq83equdNlpG5AJiadT46PdJlVfU4icU2CGE4CLUjIib0D7CR3OwaAKPJKzeibBaIudQ0Nqu8ExZryhia8F22Q/132&quot;}',
  'signature' => '28f255a7d9dd1be6b52f2968dba0ea51c829eb49',
)
[ info ] [ LANG ] C:\xampp\htdocs\smart_property\public\api/../../simplewind/cmf/lang\zh-cn.php
[ info ] [ BEHAVIOR ] Run cmf\behavior\LangBehavior @app_begin [ RunTime:0.002491s ]
[ info ] [ RUN ] api\wxapp\controller\PublicController->login[ C:\xampp\htdocs\smart_property\api\wxapp\controller\PublicController.php ]
[ info ] [ LOG ] INIT File
---------------------------------------------------------------
[ 2018-08-01T11:22:28+08:00 ] 127.0.0.1 POST /api/wxapp/public/login
[ info ] sp.com/api/wxapp/public/login [运行时间：0.218669s][吞吐率：4.57req/s] [内存消耗：2,214.02kb] [文件加载：51]
[ info ] [ CACHE ] INIT File
[ info ] [ BEHAVIOR ] Run cmf\behavior\InitHookBehavior @app_init [ RunTime:0.003757s ]
[ info ] [ LANG ] C:\xampp\htdocs\smart_property\simplewind\thinkphp\lang\zh-cn.php
[ info ] [ ROUTE ] array (
  'type' => 'module',
  'module' => 
  array (
    0 => 'wxapp',
    1 => 'public',
    2 => 'login',
  ),
)
[ info ] [ HEADER ] array (
  'host' => 'sp.com',
  'connection' => 'keep-alive',
  'content-length' => '1031',
  'pragma' => 'no-cache',
  'cache-control' => 'no-cache',
  'origin' => 'http://127.0.0.1:49890',
  'xx-device-type' => 'wxapp',
  'user-agent' => 'Mozilla/5.0 (iPhone; CPU iPhone OS 9_1 like Mac OS X) AppleWebKit/601.1.46 (KHTML, like Gecko) Version/9.0 Mobile/13B143 Safari/601.1 wechatdevtools/1.02.1807200 MicroMessenger/6.5.7 Language/zh_CN webview/',
  'content-type' => 'application/x-www-form-urlencoded',
  'xx-wxapp-appid' => 'wx0c23612938f9daca',
  'xx-api-version' => '1.1.0',
  'xx-token' => '',
  'accept' => '*/*',
  'referer' => 'https://servicewechat.com/wxf6c1f89dfc72bcc5/devtools/page-frame.html',
  'accept-encoding' => 'gzip, deflate',
)
[ info ] [ PARAM ] array (
  'code' => '021MftU115fnAO11YqU115JmU11MftUX',
  'encrypted_data' => 'o3bBTiXfcTREBBoA2uKZYWRg1FRhm9uksgZbC5St61V86DwtSKNK7skiKORysa+Tg3Zg/OSz64P9N6Va3Wn0F9N660HzIrR2nenuWdvClA4QXq5RkBMrdKGm6ZQZ9dMU4vtFlfUJrCQN1zHZ6TWurlJBlUeAcywopH6sQKMZyoBxPtVArulDfdC98/NVBqV1Zr/7nLlM5g52mBXt1kQ/42dHkqh0r+KVz+GTvgZRSqI4rXEU4MGOPwLa/De6jDCm2vFHWDDwUgX3XbDKLOQn0Dp28qXReNfHSwTsMM4axWvYKCMoN9cyLHZ0c1lOBll42X5qv6mXHbExISaH6FIF5hrwoogVJioAh2ADQfknU/ImpN64P5ZbZ1gpgJOdHbcSCCNfocn5SYArFntgnQZfidRQ+F/hYwHXuBksPS2mEkN3oie7egk7vG1DIuHhtX+QazFprL4pmgzrCcWvL2ZLWcH2UWgGnQibsgS0I57gOqk=',
  'iv' => 'HjPBpSKh7NIFJydFs4aS7A==',
  'raw_data' => '{&quot;nickName&quot;:&quot;顶文洁&quot;,&quot;gender&quot;:1,&quot;language&quot;:&quot;zh_CN&quot;,&quot;city&quot;:&quot;Nanjing&quot;,&quot;province&quot;:&quot;Jiangsu&quot;,&quot;country&quot;:&quot;China&quot;,&quot;avatarUrl&quot;:&quot;https://wx.qlogo.cn/mmopen/vi_32/DYAIOgq83equdNlpG5AJiadT46PdJlVfU4icU2CGE4CLUjIib0D7CR3OwaAKPJKzeibBaIudQ0Nqu8ExZryhia8F22Q/132&quot;}',
  'signature' => '28f255a7d9dd1be6b52f2968dba0ea51c829eb49',
)
[ info ] [ LANG ] C:\xampp\htdocs\smart_property\public\api/../../simplewind/cmf/lang\zh-cn.php
[ info ] [ BEHAVIOR ] Run cmf\behavior\LangBehavior @app_begin [ RunTime:0.002494s ]
[ info ] [ RUN ] api\wxapp\controller\PublicController->login[ C:\xampp\htdocs\smart_property\api\wxapp\controller\PublicController.php ]
[ info ] [ LOG ] INIT File
---------------------------------------------------------------
[ 2018-08-01T11:34:06+08:00 ] 127.0.0.1 GET /api/portal/articles?page=1&order=-published_time
[ info ] sp.com/api/portal/articles?page=1&order=-published_time [运行时间：0.114252s][吞吐率：8.75req/s] [内存消耗：3,702.70kb] [文件加载：61]
[ info ] [ CACHE ] INIT File
[ info ] [ BEHAVIOR ] Run cmf\behavior\InitHookBehavior @app_init [ RunTime:0.005004s ]
[ info ] [ LANG ] C:\xampp\htdocs\smart_property\simplewind\thinkphp\lang\zh-cn.php
[ info ] [ ROUTE ] array (
  'type' => 'module',
  'module' => 
  array (
    0 => 'portal',
    1 => 'Articles',
    2 => 'index',
  ),
  'convert' => false,
)
[ info ] [ HEADER ] array (
  'host' => 'sp.com',
  'connection' => 'keep-alive',
  'pragma' => 'no-cache',
  'cache-control' => 'no-cache',
  'xx-device-type' => 'wxapp',
  'user-agent' => 'Mozilla/5.0 (iPhone; CPU iPhone OS 9_1 like Mac OS X) AppleWebKit/601.1.46 (KHTML, like Gecko) Version/9.0 Mobile/13B143 Safari/601.1 wechatdevtools/1.02.1807200 MicroMessenger/6.5.7 Language/zh_CN webview/',
  'content-type' => 'application/x-www-form-urlencoded',
  'xx-wxapp-appid' => 'wx0c23612938f9daca',
  'xx-api-version' => '1.1.0',
  'xx-token' => '',
  'accept' => '*/*',
  'referer' => 'https://servicewechat.com/wxf6c1f89dfc72bcc5/devtools/page-frame.html',
  'accept-encoding' => 'gzip, deflate',
)
[ info ] [ PARAM ] array (
  'page' => '1',
  'order' => '-published_time',
)
[ info ] [ LANG ] C:\xampp\htdocs\smart_property\public\api/../../simplewind/cmf/lang\zh-cn.php
[ info ] [ BEHAVIOR ] Run cmf\behavior\LangBehavior @app_begin [ RunTime:0.003556s ]
[ info ] [ DB ] INIT mysql
[ info ] [ RUN ] api\portal\controller\ArticlesController->index[ C:\xampp\htdocs\smart_property\api\portal\controller\ArticlesController.php ]
[ info ] [ LOG ] INIT File
[ sql ] [ DB ] CONNECT:[ UseTime:0.003462s ] mysql:host=127.0.0.1;port=3306;dbname=sp;charset=utf8mb4
[ sql ] [ SQL ] SHOW COLUMNS FROM `cmf_portal_post` [ RunTime:0.023607s ]
[ sql ] [ SQL ] SELECT * FROM `cmf_portal_post` WHERE  ( `delete_time` = 0 AND `delete_time` = 0 AND `delete_time` = 0 AND `delete_time` = 0 )  AND ( `post_status` = 1 AND `post_status` = 1 AND `post_status` = 1 AND `post_status` = 1 )  AND ( `published_time` BETWEEN 1 AND 1533094446 AND `published_time` BETWEEN 1 AND 1533094446 AND `published_time` BETWEEN 1 AND 1533094446 AND `published_time` BETWEEN 1 AND 1533094446 )  AND `post_type` = 1 ORDER BY `published_time` DESC LIMIT 0,20 [ RunTime:0.000749s ]
---------------------------------------------------------------
[ 2018-08-01T11:34:07+08:00 ] 127.0.0.1 POST /api/wxapp/public/login
[ info ] sp.com/api/wxapp/public/login [运行时间：0.206479s][吞吐率：4.84req/s] [内存消耗：2,214.11kb] [文件加载：51]
[ info ] [ CACHE ] INIT File
[ info ] [ BEHAVIOR ] Run cmf\behavior\InitHookBehavior @app_init [ RunTime:0.006035s ]
[ info ] [ LANG ] C:\xampp\htdocs\smart_property\simplewind\thinkphp\lang\zh-cn.php
[ info ] [ ROUTE ] array (
  'type' => 'module',
  'module' => 
  array (
    0 => 'wxapp',
    1 => 'public',
    2 => 'login',
  ),
)
[ info ] [ HEADER ] array (
  'host' => 'sp.com',
  'connection' => 'keep-alive',
  'content-length' => '1051',
  'pragma' => 'no-cache',
  'cache-control' => 'no-cache',
  'origin' => 'http://127.0.0.1:49890',
  'xx-device-type' => 'wxapp',
  'user-agent' => 'Mozilla/5.0 (iPhone; CPU iPhone OS 9_1 like Mac OS X) AppleWebKit/601.1.46 (KHTML, like Gecko) Version/9.0 Mobile/13B143 Safari/601.1 wechatdevtools/1.02.1807200 MicroMessenger/6.5.7 Language/zh_CN webview/',
  'content-type' => 'application/x-www-form-urlencoded',
  'xx-wxapp-appid' => 'wx0c23612938f9daca',
  'xx-api-version' => '1.1.0',
  'xx-token' => '',
  'accept' => '*/*',
  'referer' => 'https://servicewechat.com/wxf6c1f89dfc72bcc5/devtools/page-frame.html',
  'accept-encoding' => 'gzip, deflate',
)
[ info ] [ PARAM ] array (
  'code' => '081RgWSY04Ny1229gMPY0DAMSY0RgWSf',
  'encrypted_data' => 'hI3++LsRTFulMTcRXGMyt1kLXkmfTNDeKkw2SAt6+Spimn2GXpbP2GyjJyNAQmN7NwZRj9H/yi7q1wZGAmOacoA/zsTvODjBoZpBuf7UdlN6akCPiNmbLC8fJZ/+5hDqh4v1e8o255xmhNN8Zy/hul7YkTHLcrMXXGrKPWMsoICErrgY7vz2wL2Aq3eUuRaA2k2jrCzhss6CL/1kDremLTNJtXq2+9H/HrrPYVl20O35r4MsJ82IpCZ0GjThiD91clNOZ1gl4or/fPNhbiSIYy9jsiTaAXoA/+sO0/aLxkg7pZNkmQnm0bPflKZbgDDFSkY+/c0XuRcCbPWziPLQVXNqkkMcM0a5dmcUXDY5+zrl/DI1Mv8bcovK7oHNHpF0hdxs1fmGGlJHBvJFT/FL2byzqclAszHJvoJPkOKfI0zuJXej1kfjRb1Rb2JzyLTcSpg63+XhkZ946bFAsbHyvfLIfnDa86hdONRIEck4Z2c=',
  'iv' => 'KG/dyaX3gCOYkH9cbECsZA==',
  'raw_data' => '{&quot;nickName&quot;:&quot;顶文洁&quot;,&quot;gender&quot;:1,&quot;language&quot;:&quot;zh_CN&quot;,&quot;city&quot;:&quot;Nanjing&quot;,&quot;province&quot;:&quot;Jiangsu&quot;,&quot;country&quot;:&quot;China&quot;,&quot;avatarUrl&quot;:&quot;https://wx.qlogo.cn/mmopen/vi_32/DYAIOgq83equdNlpG5AJiadT46PdJlVfU4icU2CGE4CLUjIib0D7CR3OwaAKPJKzeibBaIudQ0Nqu8ExZryhia8F22Q/132&quot;}',
  'signature' => 'e8d4a213febb6211da0e64c722a223d63ae6f537',
)
[ info ] [ LANG ] C:\xampp\htdocs\smart_property\public\api/../../simplewind/cmf/lang\zh-cn.php
[ info ] [ BEHAVIOR ] Run cmf\behavior\LangBehavior @app_begin [ RunTime:0.003976s ]
[ info ] [ RUN ] api\wxapp\controller\PublicController->login[ C:\xampp\htdocs\smart_property\api\wxapp\controller\PublicController.php ]
[ info ] [ LOG ] INIT File
---------------------------------------------------------------
[ 2018-08-01T11:37:18+08:00 ] 127.0.0.1 GET /api/portal/articles?page=1&order=-published_time
[ info ] sp.com/api/portal/articles?page=1&order=-published_time [运行时间：0.104473s][吞吐率：9.57req/s] [内存消耗：3,702.70kb] [文件加载：61]
[ info ] [ CACHE ] INIT File
[ info ] [ BEHAVIOR ] Run cmf\behavior\InitHookBehavior @app_init [ RunTime:0.004463s ]
[ info ] [ LANG ] C:\xampp\htdocs\smart_property\simplewind\thinkphp\lang\zh-cn.php
[ info ] [ ROUTE ] array (
  'type' => 'module',
  'module' => 
  array (
    0 => 'portal',
    1 => 'Articles',
    2 => 'index',
  ),
  'convert' => false,
)
[ info ] [ HEADER ] array (
  'host' => 'sp.com',
  'connection' => 'keep-alive',
  'pragma' => 'no-cache',
  'cache-control' => 'no-cache',
  'xx-device-type' => 'wxapp',
  'user-agent' => 'Mozilla/5.0 (iPhone; CPU iPhone OS 9_1 like Mac OS X) AppleWebKit/601.1.46 (KHTML, like Gecko) Version/9.0 Mobile/13B143 Safari/601.1 wechatdevtools/1.02.1807200 MicroMessenger/6.5.7 Language/zh_CN webview/',
  'content-type' => 'application/x-www-form-urlencoded',
  'xx-wxapp-appid' => 'wx0c23612938f9daca',
  'xx-api-version' => '1.1.0',
  'xx-token' => '',
  'accept' => '*/*',
  'referer' => 'https://servicewechat.com/wxf6c1f89dfc72bcc5/devtools/page-frame.html',
  'accept-encoding' => 'gzip, deflate',
)
[ info ] [ PARAM ] array (
  'page' => '1',
  'order' => '-published_time',
)
[ info ] [ LANG ] C:\xampp\htdocs\smart_property\public\api/../../simplewind/cmf/lang\zh-cn.php
[ info ] [ BEHAVIOR ] Run cmf\behavior\LangBehavior @app_begin [ RunTime:0.003483s ]
[ info ] [ DB ] INIT mysql
[ info ] [ RUN ] api\portal\controller\ArticlesController->index[ C:\xampp\htdocs\smart_property\api\portal\controller\ArticlesController.php ]
[ info ] [ LOG ] INIT File
[ sql ] [ DB ] CONNECT:[ UseTime:0.011978s ] mysql:host=127.0.0.1;port=3306;dbname=sp;charset=utf8mb4
[ sql ] [ SQL ] SHOW COLUMNS FROM `cmf_portal_post` [ RunTime:0.015706s ]
[ sql ] [ SQL ] SELECT * FROM `cmf_portal_post` WHERE  ( `delete_time` = 0 AND `delete_time` = 0 AND `delete_time` = 0 AND `delete_time` = 0 )  AND ( `post_status` = 1 AND `post_status` = 1 AND `post_status` = 1 AND `post_status` = 1 )  AND ( `published_time` BETWEEN 1 AND 1533094638 AND `published_time` BETWEEN 1 AND 1533094638 AND `published_time` BETWEEN 1 AND 1533094638 AND `published_time` BETWEEN 1 AND 1533094638 )  AND `post_type` = 1 ORDER BY `published_time` DESC LIMIT 0,20 [ RunTime:0.000851s ]
---------------------------------------------------------------
[ 2018-08-01T11:37:19+08:00 ] 127.0.0.1 POST /api/wxapp/public/login
[ info ] sp.com/api/wxapp/public/login [运行时间：0.179622s][吞吐率：5.57req/s] [内存消耗：2,214.13kb] [文件加载：51]
[ info ] [ CACHE ] INIT File
[ info ] [ BEHAVIOR ] Run cmf\behavior\InitHookBehavior @app_init [ RunTime:0.004675s ]
[ info ] [ LANG ] C:\xampp\htdocs\smart_property\simplewind\thinkphp\lang\zh-cn.php
[ info ] [ ROUTE ] array (
  'type' => 'module',
  'module' => 
  array (
    0 => 'wxapp',
    1 => 'public',
    2 => 'login',
  ),
)
[ info ] [ HEADER ] array (
  'host' => 'sp.com',
  'connection' => 'keep-alive',
  'content-length' => '1025',
  'pragma' => 'no-cache',
  'cache-control' => 'no-cache',
  'origin' => 'http://127.0.0.1:49890',
  'xx-device-type' => 'wxapp',
  'user-agent' => 'Mozilla/5.0 (iPhone; CPU iPhone OS 9_1 like Mac OS X) AppleWebKit/601.1.46 (KHTML, like Gecko) Version/9.0 Mobile/13B143 Safari/601.1 wechatdevtools/1.02.1807200 MicroMessenger/6.5.7 Language/zh_CN webview/',
  'content-type' => 'application/x-www-form-urlencoded',
  'xx-wxapp-appid' => 'wx0c23612938f9daca',
  'xx-api-version' => '1.1.0',
  'xx-token' => '',
  'accept' => '*/*',
  'referer' => 'https://servicewechat.com/wxf6c1f89dfc72bcc5/devtools/page-frame.html',
  'accept-encoding' => 'gzip, deflate',
)
[ info ] [ PARAM ] array (
  'code' => '0113yN6w10kPNa0mmQ9w1B3C6w13yN66',
  'encrypted_data' => 'g2z9135RBKbqWh005Pb21RQP5B9A82QNa2FiuU7S2EaFBrh8CjiPgXo1Te+OdKEcUy5FnMX2SEGdMbb/sjGSXMDufDM6AvY42rSjpepSqrhhlUAl5AVpgfcRx1zI8js1if2dxeSA5JH86nhkLabfmvH9E/0iuLVW7garniUo7xJRD4BfgqWHYpsc2eM9iOHQaOfQ69PDA8cqvStwLBjQOOrWRdZ5am0IQw3C3PHshtElPoSpZZCW73hrPOxsLQuknKikjUiOSohQhvnUYO/4Bv/IN0rZRBEGe5ILpcbXZxS1ZjnJZ1GOiTQ7jdw/auSXRZIBHcEHicmyVUuASG+4v/KYW8brErshAM0htt2KXpTht5pdNa9ylYuEAhCeC6by4cz1lVZ2UyfG1H5aHNlIKXFzEC+IZU4g9oN56oTRABE0i40mx1aDVx59p5POnyZZiggdfuVAchmFULjDi6XMxVhFOJ9bPFQmZSovRlG0zqA=',
  'iv' => 'bevyRhuKvDvzulwFibTNfA==',
  'raw_data' => '{&quot;nickName&quot;:&quot;顶文洁&quot;,&quot;gender&quot;:1,&quot;language&quot;:&quot;zh_CN&quot;,&quot;city&quot;:&quot;Nanjing&quot;,&quot;province&quot;:&quot;Jiangsu&quot;,&quot;country&quot;:&quot;China&quot;,&quot;avatarUrl&quot;:&quot;https://wx.qlogo.cn/mmopen/vi_32/DYAIOgq83equdNlpG5AJiadT46PdJlVfU4icU2CGE4CLUjIib0D7CR3OwaAKPJKzeibBaIudQ0Nqu8ExZryhia8F22Q/132&quot;}',
  'signature' => '0ea0094d9e9997e0b1e2c77e103993def056ac4a',
)
[ info ] [ LANG ] C:\xampp\htdocs\smart_property\public\api/../../simplewind/cmf/lang\zh-cn.php
[ info ] [ BEHAVIOR ] Run cmf\behavior\LangBehavior @app_begin [ RunTime:0.002968s ]
[ info ] [ RUN ] api\wxapp\controller\PublicController->login[ C:\xampp\htdocs\smart_property\api\wxapp\controller\PublicController.php ]
[ info ] [ LOG ] INIT File
---------------------------------------------------------------
[ 2018-08-01T11:39:39+08:00 ] 127.0.0.1 GET /api/portal/articles?page=1&order=-published_time
[ info ] sp.com/api/portal/articles?page=1&order=-published_time [运行时间：0.108474s][吞吐率：9.22req/s] [内存消耗：3,702.75kb] [文件加载：61]
[ info ] [ CACHE ] INIT File
[ info ] [ BEHAVIOR ] Run cmf\behavior\InitHookBehavior @app_init [ RunTime:0.005119s ]
[ info ] [ LANG ] C:\xampp\htdocs\smart_property\simplewind\thinkphp\lang\zh-cn.php
[ info ] [ ROUTE ] array (
  'type' => 'module',
  'module' => 
  array (
    0 => 'portal',
    1 => 'Articles',
    2 => 'index',
  ),
  'convert' => false,
)
[ info ] [ HEADER ] array (
  'host' => 'sp.com',
  'connection' => 'keep-alive',
  'pragma' => 'no-cache',
  'cache-control' => 'no-cache',
  'xx-device-type' => 'wxapp',
  'user-agent' => 'Mozilla/5.0 (iPhone; CPU iPhone OS 10_2 like Mac OS X) AppleWebKit/602.3.12 (KHTML, like Gecko) Mobile/14C92 Safari/601.1 wechatdevtools/1.02.1807200 MicroMessenger/6.5.7 Language/zh_CN webview/',
  'content-type' => 'application/x-www-form-urlencoded',
  'xx-wxapp-appid' => 'wx0c23612938f9daca',
  'xx-api-version' => '1.1.0',
  'xx-token' => '',
  'accept' => '*/*',
  'referer' => 'https://servicewechat.com/wx0c23612938f9daca/devtools/page-frame.html',
  'accept-encoding' => 'gzip, deflate',
)
[ info ] [ PARAM ] array (
  'page' => '1',
  'order' => '-published_time',
)
[ info ] [ LANG ] C:\xampp\htdocs\smart_property\public\api/../../simplewind/cmf/lang\zh-cn.php
[ info ] [ BEHAVIOR ] Run cmf\behavior\LangBehavior @app_begin [ RunTime:0.003382s ]
[ info ] [ DB ] INIT mysql
[ info ] [ RUN ] api\portal\controller\ArticlesController->index[ C:\xampp\htdocs\smart_property\api\portal\controller\ArticlesController.php ]
[ info ] [ LOG ] INIT File
[ sql ] [ DB ] CONNECT:[ UseTime:0.001873s ] mysql:host=127.0.0.1;port=3306;dbname=sp;charset=utf8mb4
[ sql ] [ SQL ] SHOW COLUMNS FROM `cmf_portal_post` [ RunTime:0.015635s ]
[ sql ] [ SQL ] SELECT * FROM `cmf_portal_post` WHERE  ( `delete_time` = 0 AND `delete_time` = 0 AND `delete_time` = 0 AND `delete_time` = 0 )  AND ( `post_status` = 1 AND `post_status` = 1 AND `post_status` = 1 AND `post_status` = 1 )  AND ( `published_time` BETWEEN 1 AND 1533094779 AND `published_time` BETWEEN 1 AND 1533094779 AND `published_time` BETWEEN 1 AND 1533094779 AND `published_time` BETWEEN 1 AND 1533094779 )  AND `post_type` = 1 ORDER BY `published_time` DESC LIMIT 0,20 [ RunTime:0.000861s ]
---------------------------------------------------------------
[ 2018-08-01T11:39:40+08:00 ] 127.0.0.1 POST /api/wxapp/public/login
[ info ] sp.com/api/wxapp/public/login [运行时间：0.385684s][吞吐率：2.59req/s] [内存消耗：3,157.05kb] [文件加载：61]
[ info ] [ CACHE ] INIT File
[ info ] [ BEHAVIOR ] Run cmf\behavior\InitHookBehavior @app_init [ RunTime:0.004030s ]
[ info ] [ LANG ] C:\xampp\htdocs\smart_property\simplewind\thinkphp\lang\zh-cn.php
[ info ] [ ROUTE ] array (
  'type' => 'module',
  'module' => 
  array (
    0 => 'wxapp',
    1 => 'public',
    2 => 'login',
  ),
)
[ info ] [ HEADER ] array (
  'host' => 'sp.com',
  'connection' => 'keep-alive',
  'content-length' => '1038',
  'pragma' => 'no-cache',
  'cache-control' => 'no-cache',
  'origin' => 'http://127.0.0.1:46055',
  'xx-device-type' => 'wxapp',
  'user-agent' => 'Mozilla/5.0 (iPhone; CPU iPhone OS 10_2 like Mac OS X) AppleWebKit/602.3.12 (KHTML, like Gecko) Mobile/14C92 Safari/601.1 wechatdevtools/1.02.1807200 MicroMessenger/6.5.7 Language/zh_CN webview/',
  'content-type' => 'application/x-www-form-urlencoded',
  'xx-wxapp-appid' => 'wx0c23612938f9daca',
  'xx-api-version' => '1.1.0',
  'xx-token' => '',
  'accept' => '*/*',
  'referer' => 'https://servicewechat.com/wx0c23612938f9daca/devtools/page-frame.html',
  'accept-encoding' => 'gzip, deflate',
)
[ info ] [ PARAM ] array (
  'code' => '001iHtxq046lzo1HPJtq0N8pxq0iHtx-',
  'encrypted_data' => 'RmwnUB+DUITmlfF3TTcuJViXQwyAriKpoDGPhdfYM56WJNnk67bG9Zt5RJyN8h3/X/FTqrPrsur5mpEJK/0ZrBdHsPXI9pH4Hjan9F+qmyoV2AleSikNYESp2HbH2JzFt9SubnhcItKqv10vkNz+eNjmUXBKyJ3TfUyJY5u6sbyeV+bdj4sjANBaOZYGNFfA3JtZW2w2a4osjmrP4PzdjV+w0wRRaKXdOCXEqXngxMjkyGU1AE5J7cr/vSsjDUew1S8z2WPQb5c1bSNGbgcgkc+Wbz1E3JeBQB/LOhMHpUrxZl0Zf1Tjqerah4mE0+w8eJcrshtFYEgesS3oVOf4Nas0IsbcnFZYcA7s5nDbewjQPkbFdwfLUdLxxU7Y6JK20PXqF3825WezicjARYw13c/VdObT0rUaPXXEhkJi6n/pOnYyFF4rS3xAns4hTx9vx3q4tmM6wp05AcEKzV1ol+ssPx/WPAW+XtfJDlo2Uyk=',
  'iv' => 'CCJpaVeefDDvmPknHRLlrw==',
  'raw_data' => '{&quot;nickName&quot;:&quot;顶文洁&quot;,&quot;gender&quot;:1,&quot;language&quot;:&quot;zh_CN&quot;,&quot;city&quot;:&quot;Nanjing&quot;,&quot;province&quot;:&quot;Jiangsu&quot;,&quot;country&quot;:&quot;China&quot;,&quot;avatarUrl&quot;:&quot;https://wx.qlogo.cn/mmopen/vi_32/DYAIOgq83ereKjgSTqAjfGBE8Y7ibgGGoSbpjibkQvPV9N7aG7NFvlTrR5qnhyVYfLRIUVLSzL98TFuJEccld0vQ/132&quot;}',
  'signature' => '132bcecf0f36edebbb9b8a1addbee67c4a278395',
)
[ info ] [ LANG ] C:\xampp\htdocs\smart_property\public\api/../../simplewind/cmf/lang\zh-cn.php
[ info ] [ BEHAVIOR ] Run cmf\behavior\LangBehavior @app_begin [ RunTime:0.003011s ]
[ info ] [ RUN ] api\wxapp\controller\PublicController->login[ C:\xampp\htdocs\smart_property\api\wxapp\controller\PublicController.php ]
[ info ] [ DB ] INIT mysql
[ info ] [ LOG ] INIT File
[ sql ] [ DB ] CONNECT:[ UseTime:0.011563s ] mysql:host=127.0.0.1;port=3306;dbname=sp;charset=utf8mb4
[ sql ] [ SQL ] SHOW COLUMNS FROM `cmf_third_party_user` [ RunTime:0.029238s ]
[ sql ] [ SQL ] SELECT * FROM `cmf_third_party_user` WHERE  `openid` = 'oPBsB5QjxDB6_I9ENM0JNqxkRH6I'  AND `app_id` = 'wx0c23612938f9daca' LIMIT 1 [ RunTime:0.000642s ]
[ sql ] [ SQL ] SHOW COLUMNS FROM `cmf_user` [ RunTime:0.014439s ]
[ sql ] [ SQL ] INSERT INTO `cmf_user` (`create_time` , `user_status` , `user_type` , `sex` , `user_nickname` , `avatar` , `last_login_ip` , `last_login_time`) VALUES (1533094780 , 1 , 2 , 1 , '顶文洁' , 'https://wx.qlogo.cn/mmopen/vi_32/DYAIOgq83ereKjgSTqAjfGBE8Y7ibgGGoSbpjibkQvPV9N7aG7NFvlTrR5qnhyVYfLRIUVLSzL98TFuJEccld0vQ/132' , '127.0.0.1' , 1533094780) [ RunTime:0.003094s ]
[ sql ] [ SQL ] INSERT INTO `cmf_third_party_user` (`openid` , `user_id` , `third_party` , `app_id` , `last_login_ip` , `union_id` , `last_login_time` , `create_time` , `login_times` , `status` , `more`) VALUES ('oPBsB5QjxDB6_I9ENM0JNqxkRH6I' , 5 , 'wxapp' , 'wx0c23612938f9daca' , '127.0.0.1' , '' , 1533094780 , 1533094780 , 1 , 1 , '{\"openId\":\"oPBsB5QjxDB6_I9ENM0JNqxkRH6I\",\"nickName\":\"\\u9876\\u6587\\u6d01\",\"gender\":1,\"language\":\"zh_CN\",\"city\":\"Nanjing\",\"province\":\"Jiangsu\",\"country\":\"China\",\"avatarUrl\":\"https:\\/\\/wx.qlogo.cn\\/mmopen\\/vi_32\\/DYAIOgq83ereKjgSTqAjfGBE8Y7ibgGGoSbpjibkQvPV9N7aG7NFvlTrR5qnhyVYfLRIUVLSzL98TFuJEccld0vQ\\/132\",\"sessionKey\":\"v5DxyYWDJxmV0KhEjeZVPQ==\"}') [ RunTime:0.001434s ]
[ sql ] [ SQL ] SHOW COLUMNS FROM `cmf_user_token` [ RunTime:0.012962s ]
[ sql ] [ SQL ] SELECT * FROM `cmf_user_token` WHERE  `user_id` = 5  AND `device_type` = 'wxapp' LIMIT 1 [ RunTime:0.000768s ]
[ sql ] [ SQL ] INSERT INTO `cmf_user_token` (`token` , `user_id` , `expire_time` , `create_time` , `device_type`) VALUES ('a0479f717a3fb5292323e4dcee71e3e2e7b51ae064be8a3a6598e69f2cdb2562' , 5 , 1548646780 , 1533094780 , 'wxapp') [ RunTime:0.001303s ]
[ sql ] [ SQL ] SELECT * FROM `cmf_user` WHERE  `id` = 5 LIMIT 1 [ RunTime:0.000618s ]
---------------------------------------------------------------
[ 2018-08-01T11:39:41+08:00 ] 127.0.0.1 GET /api/portal/articles?order=-published_time
[ info ] sp.com/api/portal/articles?order=-published_time [运行时间：0.098332s][吞吐率：10.17req/s] [内存消耗：3,710.17kb] [文件加载：61]
[ info ] [ CACHE ] INIT File
[ info ] [ BEHAVIOR ] Run cmf\behavior\InitHookBehavior @app_init [ RunTime:0.003916s ]
[ info ] [ LANG ] C:\xampp\htdocs\smart_property\simplewind\thinkphp\lang\zh-cn.php
[ info ] [ ROUTE ] array (
  'type' => 'module',
  'module' => 
  array (
    0 => 'portal',
    1 => 'Articles',
    2 => 'index',
  ),
  'convert' => false,
)
[ info ] [ HEADER ] array (
  'host' => 'sp.com',
  'connection' => 'keep-alive',
  'pragma' => 'no-cache',
  'cache-control' => 'no-cache',
  'xx-device-type' => 'wxapp',
  'user-agent' => 'Mozilla/5.0 (iPhone; CPU iPhone OS 10_2 like Mac OS X) AppleWebKit/602.3.12 (KHTML, like Gecko) Mobile/14C92 Safari/601.1 wechatdevtools/1.02.1807200 MicroMessenger/6.5.7 Language/zh_CN webview/',
  'content-type' => 'application/x-www-form-urlencoded',
  'xx-wxapp-appid' => 'wx0c23612938f9daca',
  'xx-api-version' => '1.1.0',
  'xx-token' => 'a0479f717a3fb5292323e4dcee71e3e2e7b51ae064be8a3a6598e69f2cdb2562',
  'accept' => '*/*',
  'referer' => 'https://servicewechat.com/wx0c23612938f9daca/devtools/page-frame.html',
  'accept-encoding' => 'gzip, deflate',
)
[ info ] [ PARAM ] array (
  'order' => '-published_time',
)
[ info ] [ LANG ] C:\xampp\htdocs\smart_property\public\api/../../simplewind/cmf/lang\zh-cn.php
[ info ] [ BEHAVIOR ] Run cmf\behavior\LangBehavior @app_begin [ RunTime:0.002569s ]
[ info ] [ DB ] INIT mysql
[ info ] [ RUN ] api\portal\controller\ArticlesController->index[ C:\xampp\htdocs\smart_property\api\portal\controller\ArticlesController.php ]
[ info ] [ LOG ] INIT File
[ sql ] [ DB ] CONNECT:[ UseTime:0.011358s ] mysql:host=127.0.0.1;port=3306;dbname=sp;charset=utf8mb4
[ sql ] [ SQL ] SHOW COLUMNS FROM `cmf_user_token` [ RunTime:0.013407s ]
[ sql ] [ SQL ] SELECT `b`.* FROM `cmf_user_token` `a` INNER JOIN `cmf_user` `b` ON `a`.`user_id`=`b`.`id` WHERE  `token` = 'a0479f717a3fb5292323e4dcee71e3e2e7b51ae064be8a3a6598e69f2cdb2562'  AND `device_type` = 'wxapp' LIMIT 1 [ RunTime:0.001163s ]
[ sql ] [ SQL ] SHOW COLUMNS FROM `cmf_portal_post` [ RunTime:0.009805s ]
[ sql ] [ SQL ] SELECT * FROM `cmf_portal_post` WHERE  ( `delete_time` = 0 AND `delete_time` = 0 AND `delete_time` = 0 AND `delete_time` = 0 )  AND ( `post_status` = 1 AND `post_status` = 1 AND `post_status` = 1 AND `post_status` = 1 )  AND ( `published_time` BETWEEN 1 AND 1533094781 AND `published_time` BETWEEN 1 AND 1533094781 AND `published_time` BETWEEN 1 AND 1533094781 AND `published_time` BETWEEN 1 AND 1533094781 )  AND `post_type` = 1 ORDER BY `published_time` DESC LIMIT 10 [ RunTime:0.000747s ]
---------------------------------------------------------------
[ 2018-08-01T11:39:54+08:00 ] 127.0.0.1 GET /api/user/favorites/my?page=1
[ info ] sp.com/api/user/favorites/my?page=1 [运行时间：0.142403s][吞吐率：7.02req/s] [内存消耗：3,564.12kb] [文件加载：61]
[ info ] [ CACHE ] INIT File
[ info ] [ BEHAVIOR ] Run cmf\behavior\InitHookBehavior @app_init [ RunTime:0.004356s ]
[ info ] [ LANG ] C:\xampp\htdocs\smart_property\simplewind\thinkphp\lang\zh-cn.php
[ info ] [ ROUTE ] array (
  'type' => 'module',
  'module' => 
  array (
    0 => 'user',
    1 => 'favorites',
    2 => 'getFavorites',
  ),
  'convert' => false,
)
[ info ] [ HEADER ] array (
  'host' => 'sp.com',
  'connection' => 'keep-alive',
  'pragma' => 'no-cache',
  'cache-control' => 'no-cache',
  'xx-device-type' => 'wxapp',
  'user-agent' => 'Mozilla/5.0 (iPhone; CPU iPhone OS 10_2 like Mac OS X) AppleWebKit/602.3.12 (KHTML, like Gecko) Mobile/14C92 Safari/601.1 wechatdevtools/1.02.1807200 MicroMessenger/6.5.7 Language/zh_CN webview/',
  'content-type' => 'application/x-www-form-urlencoded',
  'xx-wxapp-appid' => 'wx0c23612938f9daca',
  'xx-api-version' => '1.1.0',
  'xx-token' => 'a0479f717a3fb5292323e4dcee71e3e2e7b51ae064be8a3a6598e69f2cdb2562',
  'accept' => '*/*',
  'referer' => 'https://servicewechat.com/wx0c23612938f9daca/devtools/page-frame.html',
  'accept-encoding' => 'gzip, deflate',
)
[ info ] [ PARAM ] array (
  'page' => '1',
)
[ info ] [ LANG ] C:\xampp\htdocs\smart_property\public\api/../../simplewind/cmf/lang\zh-cn.php
[ info ] [ BEHAVIOR ] Run cmf\behavior\LangBehavior @app_begin [ RunTime:0.003852s ]
[ info ] [ DB ] INIT mysql
[ info ] [ RUN ] api\user\controller\FavoritesController->getFavorites[ C:\xampp\htdocs\smart_property\api\user\controller\FavoritesController.php ]
[ info ] [ LOG ] INIT File
[ sql ] [ DB ] CONNECT:[ UseTime:0.012111s ] mysql:host=127.0.0.1;port=3306;dbname=sp;charset=utf8mb4
[ sql ] [ SQL ] SHOW COLUMNS FROM `cmf_user_token` [ RunTime:0.015833s ]
[ sql ] [ SQL ] SELECT `b`.* FROM `cmf_user_token` `a` INNER JOIN `cmf_user` `b` ON `a`.`user_id`=`b`.`id` WHERE  `token` = 'a0479f717a3fb5292323e4dcee71e3e2e7b51ae064be8a3a6598e69f2cdb2562'  AND `device_type` = 'wxapp' LIMIT 1 [ RunTime:0.000666s ]
[ sql ] [ SQL ] SHOW COLUMNS FROM `cmf_user_favorite` [ RunTime:0.012205s ]
[ sql ] [ SQL ] SELECT * FROM `cmf_user_favorite` WHERE  `user_id` = 5 ORDER BY `create_time` DESC LIMIT 0,20 [ RunTime:0.000941s ]
