---------------------------------------------------------------
[ 2018-08-07T15:57:45+08:00 ] 127.0.0.1 GET /api/portal/articles?page=1&order=-published_time
[ info ] sp.com/api/portal/articles?page=1&order=-published_time [运行时间：0.829070s][吞吐率：1.21req/s] [内存消耗：3,710.21kb] [文件加载：61]
[ info ] [ CACHE ] INIT File
[ info ] [ BEHAVIOR ] Run cmf\behavior\InitHookBehavior @app_init [ RunTime:0.088771s ]
[ info ] [ LANG ] C:\xampp\htdocs\smart_property\simplewind\thinkphp\lang\zh-cn.php
[ info ] [ ROUTE ] array (
  'type' => 'module',
  'module' => 
  array (
    0 => 'portal',
    1 => 'Articles',
    2 => 'index',
  ),
  'convert' => false,
)
[ info ] [ HEADER ] array (
  'host' => 'sp.com',
  'connection' => 'keep-alive',
  'pragma' => 'no-cache',
  'cache-control' => 'no-cache',
  'xx-device-type' => 'wxapp',
  'user-agent' => 'Mozilla/5.0 (iPhone; CPU iPhone OS 10_2 like Mac OS X) AppleWebKit/602.3.12 (KHTML, like Gecko) Mobile/14C92 Safari/601.1 wechatdevtools/1.02.1808030 MicroMessenger/6.5.7 Language/zh_CN webview/',
  'content-type' => 'application/x-www-form-urlencoded',
  'xx-wxapp-appid' => 'wx0c23612938f9daca',
  'xx-api-version' => '1.1.0',
  'xx-token' => 'a0479f717a3fb5292323e4dcee71e3e2e7b51ae064be8a3a6598e69f2cdb2562',
  'accept' => '*/*',
  'referer' => 'https://servicewechat.com/wx0c23612938f9daca/devtools/page-frame.html',
  'accept-encoding' => 'gzip, deflate',
)
[ info ] [ PARAM ] array (
  'page' => '1',
  'order' => '-published_time',
)
[ info ] [ LANG ] C:\xampp\htdocs\smart_property\public\api/../../simplewind/cmf/lang\zh-cn.php
[ info ] [ BEHAVIOR ] Run cmf\behavior\LangBehavior @app_begin [ RunTime:0.019066s ]
[ info ] [ DB ] INIT mysql
[ info ] [ RUN ] api\portal\controller\ArticlesController->index[ C:\xampp\htdocs\smart_property\api\portal\controller\ArticlesController.php ]
[ info ] [ LOG ] INIT File
[ sql ] [ DB ] CONNECT:[ UseTime:0.017310s ] mysql:host=127.0.0.1;port=3306;dbname=sp;charset=utf8mb4
[ sql ] [ SQL ] SHOW COLUMNS FROM `cmf_user_token` [ RunTime:0.035331s ]
[ sql ] [ SQL ] SELECT `b`.* FROM `cmf_user_token` `a` INNER JOIN `cmf_user` `b` ON `a`.`user_id`=`b`.`id` WHERE  `token` = 'a0479f717a3fb5292323e4dcee71e3e2e7b51ae064be8a3a6598e69f2cdb2562'  AND `device_type` = 'wxapp' LIMIT 1 [ RunTime:0.009129s ]
[ sql ] [ SQL ] SHOW COLUMNS FROM `cmf_portal_post` [ RunTime:0.016846s ]
[ sql ] [ SQL ] SELECT * FROM `cmf_portal_post` WHERE  ( `delete_time` = 0 AND `delete_time` = 0 AND `delete_time` = 0 AND `delete_time` = 0 )  AND ( `post_status` = 1 AND `post_status` = 1 AND `post_status` = 1 AND `post_status` = 1 )  AND ( `published_time` BETWEEN 1 AND 1533628665 AND `published_time` BETWEEN 1 AND 1533628665 AND `published_time` BETWEEN 1 AND 1533628665 AND `published_time` BETWEEN 1 AND 1533628665 )  AND `post_type` = 1 ORDER BY `published_time` DESC LIMIT 0,20 [ RunTime:0.002304s ]
---------------------------------------------------------------
[ 2018-08-07T15:57:57+08:00 ] 127.0.0.1 GET /api/portal/articles?page=1&order=-published_time
[ info ] sp.com/api/portal/articles?page=1&order=-published_time [运行时间：0.122717s][吞吐率：8.15req/s] [内存消耗：3,702.75kb] [文件加载：61]
[ info ] [ CACHE ] INIT File
[ info ] [ BEHAVIOR ] Run cmf\behavior\InitHookBehavior @app_init [ RunTime:0.003004s ]
[ info ] [ LANG ] C:\xampp\htdocs\smart_property\simplewind\thinkphp\lang\zh-cn.php
[ info ] [ ROUTE ] array (
  'type' => 'module',
  'module' => 
  array (
    0 => 'portal',
    1 => 'Articles',
    2 => 'index',
  ),
  'convert' => false,
)
[ info ] [ HEADER ] array (
  'host' => 'sp.com',
  'connection' => 'keep-alive',
  'pragma' => 'no-cache',
  'cache-control' => 'no-cache',
  'xx-device-type' => 'wxapp',
  'user-agent' => 'Mozilla/5.0 (iPhone; CPU iPhone OS 10_2 like Mac OS X) AppleWebKit/602.3.12 (KHTML, like Gecko) Mobile/14C92 Safari/601.1 wechatdevtools/1.02.1808030 MicroMessenger/6.5.7 Language/zh_CN webview/',
  'content-type' => 'application/x-www-form-urlencoded',
  'xx-wxapp-appid' => 'wx0c23612938f9daca',
  'xx-api-version' => '1.1.0',
  'xx-token' => '',
  'accept' => '*/*',
  'referer' => 'https://servicewechat.com/wx0c23612938f9daca/devtools/page-frame.html',
  'accept-encoding' => 'gzip, deflate',
)
[ info ] [ PARAM ] array (
  'page' => '1',
  'order' => '-published_time',
)
[ info ] [ LANG ] C:\xampp\htdocs\smart_property\public\api/../../simplewind/cmf/lang\zh-cn.php
[ info ] [ BEHAVIOR ] Run cmf\behavior\LangBehavior @app_begin [ RunTime:0.001744s ]
[ info ] [ DB ] INIT mysql
[ info ] [ RUN ] api\portal\controller\ArticlesController->index[ C:\xampp\htdocs\smart_property\api\portal\controller\ArticlesController.php ]
[ info ] [ LOG ] INIT File
[ sql ] [ DB ] CONNECT:[ UseTime:0.012908s ] mysql:host=127.0.0.1;port=3306;dbname=sp;charset=utf8mb4
[ sql ] [ SQL ] SHOW COLUMNS FROM `cmf_portal_post` [ RunTime:0.030687s ]
[ sql ] [ SQL ] SELECT * FROM `cmf_portal_post` WHERE  ( `delete_time` = 0 AND `delete_time` = 0 AND `delete_time` = 0 AND `delete_time` = 0 )  AND ( `post_status` = 1 AND `post_status` = 1 AND `post_status` = 1 AND `post_status` = 1 )  AND ( `published_time` BETWEEN 1 AND 1533628677 AND `published_time` BETWEEN 1 AND 1533628677 AND `published_time` BETWEEN 1 AND 1533628677 AND `published_time` BETWEEN 1 AND 1533628677 )  AND `post_type` = 1 ORDER BY `published_time` DESC LIMIT 0,20 [ RunTime:0.000878s ]
---------------------------------------------------------------
[ 2018-08-07T15:57:57+08:00 ] 127.0.0.1 POST /api/wxapp/public/login
[ info ] sp.com/api/wxapp/public/login [运行时间：0.366665s][吞吐率：2.73req/s] [内存消耗：3,154.83kb] [文件加载：62]
[ info ] [ CACHE ] INIT File
[ info ] [ BEHAVIOR ] Run cmf\behavior\InitHookBehavior @app_init [ RunTime:0.002868s ]
[ info ] [ LANG ] C:\xampp\htdocs\smart_property\simplewind\thinkphp\lang\zh-cn.php
[ info ] [ ROUTE ] array (
  'type' => 'module',
  'module' => 
  array (
    0 => 'wxapp',
    1 => 'public',
    2 => 'login',
  ),
)
[ info ] [ HEADER ] array (
  'host' => 'sp.com',
  'connection' => 'keep-alive',
  'content-length' => '1038',
  'pragma' => 'no-cache',
  'cache-control' => 'no-cache',
  'origin' => 'http://127.0.0.1:25406',
  'xx-device-type' => 'wxapp',
  'user-agent' => 'Mozilla/5.0 (iPhone; CPU iPhone OS 10_2 like Mac OS X) AppleWebKit/602.3.12 (KHTML, like Gecko) Mobile/14C92 Safari/601.1 wechatdevtools/1.02.1808030 MicroMessenger/6.5.7 Language/zh_CN webview/',
  'content-type' => 'application/x-www-form-urlencoded',
  'xx-wxapp-appid' => 'wx0c23612938f9daca',
  'xx-api-version' => '1.1.0',
  'xx-token' => '',
  'accept' => '*/*',
  'referer' => 'https://servicewechat.com/wx0c23612938f9daca/devtools/page-frame.html',
  'accept-encoding' => 'gzip, deflate',
)
[ info ] [ PARAM ] array (
  'code' => '061lQu0n1pFj7k0CWtXm1OPs0n1lQu0d',
  'encrypted_data' => 'aARmu0Jz7ce0fyTa3Io5Jcpx5lJdWFhIKFwJHgtkkqg+W3G2nKsOf06Paa+nwHZJia3gKbd3XVyLETE0UiazWUx5UCPrFrmrk9Nl4nUnboPpZywBa/JOx0RCK9Fq62aYyasOwcN+pgTZg3G8z8x9PpSm7g2BQ9D+H5mIdbn9KANWEtn8I9o+MGwbaJ4Xk2Ug0Hs+oHl8W4KaTg3DlitNsuJb+oWtydMgywKki2V/mU8pFXVo/y7BUuEkbKESJ05/nGDEKUKkRxHl/8HhgbO72boEvGpK6bL5vJZh7YGtw80rFaGvr1ZOExbqDQUWZvNL++bGaJenWW57U0C71vWDE7yRHrU8MLqp4D+eOD8TmTKCUW/Z/tcUpKLppLFExLF0ix3b43PMl3V1narS1eeAPwKQE27UAleDMdsqnaUophA6Wh4PK2Gs2O4BLy0q4Xzv97WcasgbgYAA09RMrHfj0WRmg2tPzZSiDNaqrBkXT6M=',
  'iv' => 'auIWpJflkirluAWeSDB7Uw==',
  'raw_data' => '{&quot;nickName&quot;:&quot;顶文洁&quot;,&quot;gender&quot;:1,&quot;language&quot;:&quot;zh_CN&quot;,&quot;city&quot;:&quot;Nanjing&quot;,&quot;province&quot;:&quot;Jiangsu&quot;,&quot;country&quot;:&quot;China&quot;,&quot;avatarUrl&quot;:&quot;https://wx.qlogo.cn/mmopen/vi_32/DYAIOgq83ereKjgSTqAjfGBE8Y7ibgGGoSbpjibkQvPV9N7aG7NFvlTrR5qnhyVYfLRIUVLSzL98TFuJEccld0vQ/132&quot;}',
  'signature' => '2c4c33ae6c5d19d6318cb270714670d2c6d83e49',
)
[ info ] [ LANG ] C:\xampp\htdocs\smart_property\public\api/../../simplewind/cmf/lang\zh-cn.php
[ info ] [ BEHAVIOR ] Run cmf\behavior\LangBehavior @app_begin [ RunTime:0.001698s ]
[ info ] [ RUN ] api\wxapp\controller\PublicController->login[ C:\xampp\htdocs\smart_property\api\wxapp\controller\PublicController.php ]
[ info ] [ DB ] INIT mysql
[ info ] [ LOG ] INIT File
[ sql ] [ DB ] CONNECT:[ UseTime:0.013185s ] mysql:host=127.0.0.1;port=3306;dbname=sp;charset=utf8mb4
[ sql ] [ SQL ] SHOW COLUMNS FROM `cmf_third_party_user` [ RunTime:0.018676s ]
[ sql ] [ SQL ] SELECT * FROM `cmf_third_party_user` WHERE  `openid` = 'oPBsB5QjxDB6_I9ENM0JNqxkRH6I'  AND `app_id` = 'wx0c23612938f9daca' LIMIT 1 [ RunTime:0.000525s ]
[ sql ] [ SQL ] SHOW COLUMNS FROM `cmf_user_token` [ RunTime:0.010269s ]
[ sql ] [ SQL ] SELECT * FROM `cmf_user_token` WHERE  `user_id` = 5  AND `device_type` = 'wxapp' LIMIT 1 [ RunTime:0.000470s ]
[ sql ] [ SQL ] UPDATE `cmf_third_party_user`  SET `last_login_ip`='127.0.0.1',`last_login_time`=1533628677,`login_times`=login_times+1,`more`='{\"openId\":\"oPBsB5QjxDB6_I9ENM0JNqxkRH6I\",\"nickName\":\"\\u9876\\u6587\\u6d01\",\"gender\":1,\"language\":\"zh_CN\",\"city\":\"Nanjing\",\"province\":\"Jiangsu\",\"country\":\"China\",\"avatarUrl\":\"https:\\/\\/wx.qlogo.cn\\/mmopen\\/vi_32\\/DYAIOgq83ereKjgSTqAjfGBE8Y7ibgGGoSbpjibkQvPV9N7aG7NFvlTrR5qnhyVYfLRIUVLSzL98TFuJEccld0vQ\\/132\",\"sessionKey\":\"qZgymEhyqihSTvr1k2ezJg==\"}'  WHERE  `openid` = 'oPBsB5QjxDB6_I9ENM0JNqxkRH6I'  AND `app_id` = 'wx0c23612938f9daca' [ RunTime:0.003925s ]
[ sql ] [ SQL ] SHOW COLUMNS FROM `cmf_user` [ RunTime:0.009808s ]
[ sql ] [ SQL ] SELECT * FROM `cmf_user` WHERE  `id` = 5 LIMIT 1 [ RunTime:0.000499s ]
---------------------------------------------------------------
[ 2018-08-07T15:57:59+08:00 ] 127.0.0.1 GET /api/portal/articles?order=-published_time
[ info ] sp.com/api/portal/articles?order=-published_time [运行时间：0.098478s][吞吐率：10.15req/s] [内存消耗：3,710.17kb] [文件加载：61]
[ info ] [ CACHE ] INIT File
[ info ] [ BEHAVIOR ] Run cmf\behavior\InitHookBehavior @app_init [ RunTime:0.002994s ]
[ info ] [ LANG ] C:\xampp\htdocs\smart_property\simplewind\thinkphp\lang\zh-cn.php
[ info ] [ ROUTE ] array (
  'type' => 'module',
  'module' => 
  array (
    0 => 'portal',
    1 => 'Articles',
    2 => 'index',
  ),
  'convert' => false,
)
[ info ] [ HEADER ] array (
  'host' => 'sp.com',
  'connection' => 'keep-alive',
  'pragma' => 'no-cache',
  'cache-control' => 'no-cache',
  'xx-device-type' => 'wxapp',
  'user-agent' => 'Mozilla/5.0 (iPhone; CPU iPhone OS 10_2 like Mac OS X) AppleWebKit/602.3.12 (KHTML, like Gecko) Mobile/14C92 Safari/601.1 wechatdevtools/1.02.1808030 MicroMessenger/6.5.7 Language/zh_CN webview/',
  'content-type' => 'application/x-www-form-urlencoded',
  'xx-wxapp-appid' => 'wx0c23612938f9daca',
  'xx-api-version' => '1.1.0',
  'xx-token' => 'a0479f717a3fb5292323e4dcee71e3e2e7b51ae064be8a3a6598e69f2cdb2562',
  'accept' => '*/*',
  'referer' => 'https://servicewechat.com/wx0c23612938f9daca/devtools/page-frame.html',
  'accept-encoding' => 'gzip, deflate',
)
[ info ] [ PARAM ] array (
  'order' => '-published_time',
)
[ info ] [ LANG ] C:\xampp\htdocs\smart_property\public\api/../../simplewind/cmf/lang\zh-cn.php
[ info ] [ BEHAVIOR ] Run cmf\behavior\LangBehavior @app_begin [ RunTime:0.007516s ]
[ info ] [ DB ] INIT mysql
[ info ] [ RUN ] api\portal\controller\ArticlesController->index[ C:\xampp\htdocs\smart_property\api\portal\controller\ArticlesController.php ]
[ info ] [ LOG ] INIT File
[ sql ] [ DB ] CONNECT:[ UseTime:0.002360s ] mysql:host=127.0.0.1;port=3306;dbname=sp;charset=utf8mb4
[ sql ] [ SQL ] SHOW COLUMNS FROM `cmf_user_token` [ RunTime:0.013614s ]
[ sql ] [ SQL ] SELECT `b`.* FROM `cmf_user_token` `a` INNER JOIN `cmf_user` `b` ON `a`.`user_id`=`b`.`id` WHERE  `token` = 'a0479f717a3fb5292323e4dcee71e3e2e7b51ae064be8a3a6598e69f2cdb2562'  AND `device_type` = 'wxapp' LIMIT 1 [ RunTime:0.000589s ]
[ sql ] [ SQL ] SHOW COLUMNS FROM `cmf_portal_post` [ RunTime:0.011553s ]
[ sql ] [ SQL ] SELECT * FROM `cmf_portal_post` WHERE  ( `delete_time` = 0 AND `delete_time` = 0 AND `delete_time` = 0 AND `delete_time` = 0 )  AND ( `post_status` = 1 AND `post_status` = 1 AND `post_status` = 1 AND `post_status` = 1 )  AND ( `published_time` BETWEEN 1 AND 1533628679 AND `published_time` BETWEEN 1 AND 1533628679 AND `published_time` BETWEEN 1 AND 1533628679 AND `published_time` BETWEEN 1 AND 1533628679 )  AND `post_type` = 1 ORDER BY `published_time` DESC LIMIT 10 [ RunTime:0.000745s ]
