---------------------------------------------------------------
[ 2018-08-09T16:57:04+08:00 ] 127.0.0.1 GET /api/portal/articles?page=1&order=-published_time
[ info ] sp.com/api/portal/articles?page=1&order=-published_time [运行时间：0.218287s][吞吐率：4.58req/s] [内存消耗：3,710.22kb] [文件加载：61]
[ info ] [ CACHE ] INIT File
[ info ] [ BEHAVIOR ] Run cmf\behavior\InitHookBehavior @app_init [ RunTime:0.010154s ]
[ info ] [ LANG ] C:\xampp\htdocs\smart_property\simplewind\thinkphp\lang\zh-cn.php
[ info ] [ ROUTE ] array (
  'type' => 'module',
  'module' => 
  array (
    0 => 'portal',
    1 => 'Articles',
    2 => 'index',
  ),
  'convert' => false,
)
[ info ] [ HEADER ] array (
  'host' => 'sp.com',
  'connection' => 'keep-alive',
  'pragma' => 'no-cache',
  'cache-control' => 'no-cache',
  'xx-device-type' => 'wxapp',
  'user-agent' => 'Mozilla/5.0 (iPhone; CPU iPhone OS 10_2 like Mac OS X) AppleWebKit/602.3.12 (KHTML, like Gecko) Mobile/14C92 Safari/601.1 wechatdevtools/1.02.1808030 MicroMessenger/6.5.7 Language/zh_CN webview/',
  'content-type' => 'application/x-www-form-urlencoded',
  'xx-wxapp-appid' => 'wx0c23612938f9daca',
  'xx-api-version' => '1.1.0',
  'xx-token' => 'a0479f717a3fb5292323e4dcee71e3e2e7b51ae064be8a3a6598e69f2cdb2562',
  'accept' => '*/*',
  'referer' => 'https://servicewechat.com/wx0c23612938f9daca/devtools/page-frame.html',
  'accept-encoding' => 'gzip, deflate',
)
[ info ] [ PARAM ] array (
  'page' => '1',
  'order' => '-published_time',
)
[ info ] [ LANG ] C:\xampp\htdocs\smart_property\public\api/../../simplewind/cmf/lang\zh-cn.php
[ info ] [ BEHAVIOR ] Run cmf\behavior\LangBehavior @app_begin [ RunTime:0.002393s ]
[ info ] [ DB ] INIT mysql
[ info ] [ RUN ] api\portal\controller\ArticlesController->index[ C:\xampp\htdocs\smart_property\api\portal\controller\ArticlesController.php ]
[ info ] [ LOG ] INIT File
[ sql ] [ DB ] CONNECT:[ UseTime:0.002017s ] mysql:host=127.0.0.1;port=3306;dbname=sp;charset=utf8mb4
[ sql ] [ SQL ] SHOW COLUMNS FROM `cmf_user_token` [ RunTime:0.015657s ]
[ sql ] [ SQL ] SELECT `b`.* FROM `cmf_user_token` `a` INNER JOIN `cmf_user` `b` ON `a`.`user_id`=`b`.`id` WHERE  `token` = 'a0479f717a3fb5292323e4dcee71e3e2e7b51ae064be8a3a6598e69f2cdb2562'  AND `device_type` = 'wxapp' LIMIT 1 [ RunTime:0.000750s ]
[ sql ] [ SQL ] SHOW COLUMNS FROM `cmf_portal_post` [ RunTime:0.012862s ]
[ sql ] [ SQL ] SELECT * FROM `cmf_portal_post` WHERE  ( `delete_time` = 0 AND `delete_time` = 0 AND `delete_time` = 0 AND `delete_time` = 0 )  AND ( `post_status` = 1 AND `post_status` = 1 AND `post_status` = 1 AND `post_status` = 1 )  AND ( `published_time` BETWEEN 1 AND 1533805024 AND `published_time` BETWEEN 1 AND 1533805024 AND `published_time` BETWEEN 1 AND 1533805024 AND `published_time` BETWEEN 1 AND 1533805024 )  AND `post_type` = 1 ORDER BY `published_time` DESC LIMIT 0,20 [ RunTime:0.001191s ]
---------------------------------------------------------------
[ 2018-08-09T16:57:35+08:00 ] 127.0.0.1 GET /api/portal/articles?page=1&order=-published_time
[ info ] sp.com/api/portal/articles?page=1&order=-published_time [运行时间：0.114473s][吞吐率：8.74req/s] [内存消耗：3,710.23kb] [文件加载：61]
[ info ] [ CACHE ] INIT File
[ info ] [ BEHAVIOR ] Run cmf\behavior\InitHookBehavior @app_init [ RunTime:0.003897s ]
[ info ] [ LANG ] C:\xampp\htdocs\smart_property\simplewind\thinkphp\lang\zh-cn.php
[ info ] [ ROUTE ] array (
  'type' => 'module',
  'module' => 
  array (
    0 => 'portal',
    1 => 'Articles',
    2 => 'index',
  ),
  'convert' => false,
)
[ info ] [ HEADER ] array (
  'host' => 'sp.com',
  'connection' => 'keep-alive',
  'pragma' => 'no-cache',
  'cache-control' => 'no-cache',
  'xx-device-type' => 'wxapp',
  'user-agent' => 'Mozilla/5.0 (iPhone; CPU iPhone OS 10_2 like Mac OS X) AppleWebKit/602.3.12 (KHTML, like Gecko) Mobile/14C92 Safari/601.1 wechatdevtools/1.02.1808030 MicroMessenger/6.5.7 Language/zh_CN webview/',
  'content-type' => 'application/x-www-form-urlencoded',
  'xx-wxapp-appid' => 'wx0c23612938f9daca',
  'xx-api-version' => '1.1.0',
  'xx-token' => 'a0479f717a3fb5292323e4dcee71e3e2e7b51ae064be8a3a6598e69f2cdb2562',
  'accept' => '*/*',
  'referer' => 'https://servicewechat.com/wx0c23612938f9daca/devtools/page-frame.html',
  'accept-encoding' => 'gzip, deflate',
)
[ info ] [ PARAM ] array (
  'page' => '1',
  'order' => '-published_time',
)
[ info ] [ LANG ] C:\xampp\htdocs\smart_property\public\api/../../simplewind/cmf/lang\zh-cn.php
[ info ] [ BEHAVIOR ] Run cmf\behavior\LangBehavior @app_begin [ RunTime:0.002850s ]
[ info ] [ DB ] INIT mysql
[ info ] [ RUN ] api\portal\controller\ArticlesController->index[ C:\xampp\htdocs\smart_property\api\portal\controller\ArticlesController.php ]
[ info ] [ LOG ] INIT File
[ sql ] [ DB ] CONNECT:[ UseTime:0.001828s ] mysql:host=127.0.0.1;port=3306;dbname=sp;charset=utf8mb4
[ sql ] [ SQL ] SHOW COLUMNS FROM `cmf_user_token` [ RunTime:0.018789s ]
[ sql ] [ SQL ] SELECT `b`.* FROM `cmf_user_token` `a` INNER JOIN `cmf_user` `b` ON `a`.`user_id`=`b`.`id` WHERE  `token` = 'a0479f717a3fb5292323e4dcee71e3e2e7b51ae064be8a3a6598e69f2cdb2562'  AND `device_type` = 'wxapp' LIMIT 1 [ RunTime:0.000529s ]
[ sql ] [ SQL ] SHOW COLUMNS FROM `cmf_portal_post` [ RunTime:0.011041s ]
[ sql ] [ SQL ] SELECT * FROM `cmf_portal_post` WHERE  ( `delete_time` = 0 AND `delete_time` = 0 AND `delete_time` = 0 AND `delete_time` = 0 )  AND ( `post_status` = 1 AND `post_status` = 1 AND `post_status` = 1 AND `post_status` = 1 )  AND ( `published_time` BETWEEN 1 AND 1533805055 AND `published_time` BETWEEN 1 AND 1533805055 AND `published_time` BETWEEN 1 AND 1533805055 AND `published_time` BETWEEN 1 AND 1533805055 )  AND `post_type` = 1 ORDER BY `published_time` DESC LIMIT 0,20 [ RunTime:0.000658s ]
---------------------------------------------------------------
[ 2018-08-09T16:57:44+08:00 ] 127.0.0.1 GET /api/portal/articles?page=1&order=-published_time
[ info ] sp.com/api/portal/articles?page=1&order=-published_time [运行时间：0.106695s][吞吐率：9.37req/s] [内存消耗：3,710.23kb] [文件加载：61]
[ info ] [ CACHE ] INIT File
[ info ] [ BEHAVIOR ] Run cmf\behavior\InitHookBehavior @app_init [ RunTime:0.007557s ]
[ info ] [ LANG ] C:\xampp\htdocs\smart_property\simplewind\thinkphp\lang\zh-cn.php
[ info ] [ ROUTE ] array (
  'type' => 'module',
  'module' => 
  array (
    0 => 'portal',
    1 => 'Articles',
    2 => 'index',
  ),
  'convert' => false,
)
[ info ] [ HEADER ] array (
  'host' => 'sp.com',
  'connection' => 'keep-alive',
  'pragma' => 'no-cache',
  'cache-control' => 'no-cache',
  'xx-device-type' => 'wxapp',
  'user-agent' => 'Mozilla/5.0 (iPhone; CPU iPhone OS 10_2 like Mac OS X) AppleWebKit/602.3.12 (KHTML, like Gecko) Mobile/14C92 Safari/601.1 wechatdevtools/1.02.1808030 MicroMessenger/6.5.7 Language/zh_CN webview/',
  'content-type' => 'application/x-www-form-urlencoded',
  'xx-wxapp-appid' => 'wx0c23612938f9daca',
  'xx-api-version' => '1.1.0',
  'xx-token' => 'a0479f717a3fb5292323e4dcee71e3e2e7b51ae064be8a3a6598e69f2cdb2562',
  'accept' => '*/*',
  'referer' => 'https://servicewechat.com/wx0c23612938f9daca/devtools/page-frame.html',
  'accept-encoding' => 'gzip, deflate',
)
[ info ] [ PARAM ] array (
  'page' => '1',
  'order' => '-published_time',
)
[ info ] [ LANG ] C:\xampp\htdocs\smart_property\public\api/../../simplewind/cmf/lang\zh-cn.php
[ info ] [ BEHAVIOR ] Run cmf\behavior\LangBehavior @app_begin [ RunTime:0.004180s ]
[ info ] [ DB ] INIT mysql
[ info ] [ RUN ] api\portal\controller\ArticlesController->index[ C:\xampp\htdocs\smart_property\api\portal\controller\ArticlesController.php ]
[ info ] [ LOG ] INIT File
[ sql ] [ DB ] CONNECT:[ UseTime:0.001832s ] mysql:host=127.0.0.1;port=3306;dbname=sp;charset=utf8mb4
[ sql ] [ SQL ] SHOW COLUMNS FROM `cmf_user_token` [ RunTime:0.015322s ]
[ sql ] [ SQL ] SELECT `b`.* FROM `cmf_user_token` `a` INNER JOIN `cmf_user` `b` ON `a`.`user_id`=`b`.`id` WHERE  `token` = 'a0479f717a3fb5292323e4dcee71e3e2e7b51ae064be8a3a6598e69f2cdb2562'  AND `device_type` = 'wxapp' LIMIT 1 [ RunTime:0.000495s ]
[ sql ] [ SQL ] SHOW COLUMNS FROM `cmf_portal_post` [ RunTime:0.009823s ]
[ sql ] [ SQL ] SELECT * FROM `cmf_portal_post` WHERE  ( `delete_time` = 0 AND `delete_time` = 0 AND `delete_time` = 0 AND `delete_time` = 0 )  AND ( `post_status` = 1 AND `post_status` = 1 AND `post_status` = 1 AND `post_status` = 1 )  AND ( `published_time` BETWEEN 1 AND 1533805064 AND `published_time` BETWEEN 1 AND 1533805064 AND `published_time` BETWEEN 1 AND 1533805064 AND `published_time` BETWEEN 1 AND 1533805064 )  AND `post_type` = 1 ORDER BY `published_time` DESC LIMIT 0,20 [ RunTime:0.000754s ]
---------------------------------------------------------------
[ 2018-08-09T19:41:28+08:00 ] 127.0.0.1 GET /api/portal/articles?page=1&order=-published_time
[ info ] sp.com/api/portal/articles?page=1&order=-published_time [运行时间：0.095732s][吞吐率：10.45req/s] [内存消耗：3,702.48kb] [文件加载：61]
[ info ] [ CACHE ] INIT File
[ info ] [ BEHAVIOR ] Run cmf\behavior\InitHookBehavior @app_init [ RunTime:0.006659s ]
[ info ] [ LANG ] C:\xampp\htdocs\smart_property\simplewind\thinkphp\lang\zh-cn.php
[ info ] [ ROUTE ] array (
  'type' => 'module',
  'module' => 
  array (
    0 => 'portal',
    1 => 'Articles',
    2 => 'index',
  ),
  'convert' => false,
)
[ info ] [ HEADER ] array (
  'host' => 'sp.com',
  'connection' => 'keep-alive',
  'xx-device-type' => 'wxapp',
  'user-agent' => 'Mozilla/5.0 (iPhone; CPU iPhone OS 10_2 like Mac OS X) AppleWebKit/602.3.12 (KHTML, like Gecko) Mobile/14C92 Safari/601.1 wechatdevtools/1.02.1808030 MicroMessenger/6.5.7 Language/zh_CN webview/',
  'content-type' => 'application/x-www-form-urlencoded',
  'cache-control' => 'no-cache',
  'xx-wxapp-appid' => 'wx0c23612938f9daca',
  'xx-api-version' => '1.1.0',
  'xx-token' => '',
  'accept' => '*/*',
  'referer' => 'https://servicewechat.com/wx0c23612938f9daca/devtools/page-frame.html',
  'accept-encoding' => 'gzip, deflate',
)
[ info ] [ PARAM ] array (
  'page' => '1',
  'order' => '-published_time',
)
[ info ] [ LANG ] C:\xampp\htdocs\smart_property\public\api/../../simplewind/cmf/lang\zh-cn.php
[ info ] [ BEHAVIOR ] Run cmf\behavior\LangBehavior @app_begin [ RunTime:0.002938s ]
[ info ] [ DB ] INIT mysql
[ info ] [ RUN ] api\portal\controller\ArticlesController->index[ C:\xampp\htdocs\smart_property\api\portal\controller\ArticlesController.php ]
[ info ] [ LOG ] INIT File
[ sql ] [ DB ] CONNECT:[ UseTime:0.002601s ] mysql:host=127.0.0.1;port=3306;dbname=sp;charset=utf8mb4
[ sql ] [ SQL ] SHOW COLUMNS FROM `cmf_portal_post` [ RunTime:0.018048s ]
[ sql ] [ SQL ] SELECT * FROM `cmf_portal_post` WHERE  ( `delete_time` = 0 AND `delete_time` = 0 AND `delete_time` = 0 AND `delete_time` = 0 )  AND ( `post_status` = 1 AND `post_status` = 1 AND `post_status` = 1 AND `post_status` = 1 )  AND ( `published_time` BETWEEN 1 AND 1533814888 AND `published_time` BETWEEN 1 AND 1533814888 AND `published_time` BETWEEN 1 AND 1533814888 AND `published_time` BETWEEN 1 AND 1533814888 )  AND `post_type` = 1 ORDER BY `published_time` DESC LIMIT 0,20 [ RunTime:0.000856s ]
---------------------------------------------------------------
[ 2018-08-09T19:41:42+08:00 ] 127.0.0.1 GET /api/portal/articles?order=-published_time
[ info ] sp.com/api/portal/articles?order=-published_time [运行时间：0.093148s][吞吐率：10.74req/s] [内存消耗：3,702.30kb] [文件加载：61]
[ info ] [ CACHE ] INIT File
[ info ] [ BEHAVIOR ] Run cmf\behavior\InitHookBehavior @app_init [ RunTime:0.005574s ]
[ info ] [ LANG ] C:\xampp\htdocs\smart_property\simplewind\thinkphp\lang\zh-cn.php
[ info ] [ ROUTE ] array (
  'type' => 'module',
  'module' => 
  array (
    0 => 'portal',
    1 => 'Articles',
    2 => 'index',
  ),
  'convert' => false,
)
[ info ] [ HEADER ] array (
  'host' => 'sp.com',
  'connection' => 'keep-alive',
  'xx-device-type' => 'wxapp',
  'user-agent' => 'Mozilla/5.0 (iPhone; CPU iPhone OS 10_2 like Mac OS X) AppleWebKit/602.3.12 (KHTML, like Gecko) Mobile/14C92 Safari/601.1 wechatdevtools/1.02.1808030 MicroMessenger/6.5.7 Language/zh_CN webview/',
  'content-type' => 'application/x-www-form-urlencoded',
  'cache-control' => 'no-cache',
  'xx-wxapp-appid' => 'wx0c23612938f9daca',
  'xx-api-version' => '1.1.0',
  'xx-token' => '',
  'accept' => '*/*',
  'referer' => 'https://servicewechat.com/wx0c23612938f9daca/devtools/page-frame.html',
  'accept-encoding' => 'gzip, deflate',
)
[ info ] [ PARAM ] array (
  'order' => '-published_time',
)
[ info ] [ LANG ] C:\xampp\htdocs\smart_property\public\api/../../simplewind/cmf/lang\zh-cn.php
[ info ] [ BEHAVIOR ] Run cmf\behavior\LangBehavior @app_begin [ RunTime:0.002863s ]
[ info ] [ DB ] INIT mysql
[ info ] [ RUN ] api\portal\controller\ArticlesController->index[ C:\xampp\htdocs\smart_property\api\portal\controller\ArticlesController.php ]
[ info ] [ LOG ] INIT File
[ sql ] [ DB ] CONNECT:[ UseTime:0.002494s ] mysql:host=127.0.0.1;port=3306;dbname=sp;charset=utf8mb4
[ sql ] [ SQL ] SHOW COLUMNS FROM `cmf_portal_post` [ RunTime:0.014594s ]
[ sql ] [ SQL ] SELECT * FROM `cmf_portal_post` WHERE  ( `delete_time` = 0 AND `delete_time` = 0 AND `delete_time` = 0 AND `delete_time` = 0 )  AND ( `post_status` = 1 AND `post_status` = 1 AND `post_status` = 1 AND `post_status` = 1 )  AND ( `published_time` BETWEEN 1 AND 1533814902 AND `published_time` BETWEEN 1 AND 1533814902 AND `published_time` BETWEEN 1 AND 1533814902 AND `published_time` BETWEEN 1 AND 1533814902 )  AND `post_type` = 1 ORDER BY `published_time` DESC LIMIT 10 [ RunTime:0.000792s ]
---------------------------------------------------------------
[ 2018-08-09T19:41:59+08:00 ] 127.0.0.1 GET /api/portal/articles?page=1&order=-published_time
[ info ] sp.com/api/portal/articles?page=1&order=-published_time [运行时间：0.086484s][吞吐率：11.56req/s] [内存消耗：3,702.48kb] [文件加载：61]
[ info ] [ CACHE ] INIT File
[ info ] [ BEHAVIOR ] Run cmf\behavior\InitHookBehavior @app_init [ RunTime:0.004348s ]
[ info ] [ LANG ] C:\xampp\htdocs\smart_property\simplewind\thinkphp\lang\zh-cn.php
[ info ] [ ROUTE ] array (
  'type' => 'module',
  'module' => 
  array (
    0 => 'portal',
    1 => 'Articles',
    2 => 'index',
  ),
  'convert' => false,
)
[ info ] [ HEADER ] array (
  'host' => 'sp.com',
  'connection' => 'keep-alive',
  'xx-device-type' => 'wxapp',
  'user-agent' => 'Mozilla/5.0 (iPhone; CPU iPhone OS 10_2 like Mac OS X) AppleWebKit/602.3.12 (KHTML, like Gecko) Mobile/14C92 Safari/601.1 wechatdevtools/1.02.1808030 MicroMessenger/6.5.7 Language/zh_CN webview/',
  'content-type' => 'application/x-www-form-urlencoded',
  'cache-control' => 'no-cache',
  'xx-wxapp-appid' => 'wx0c23612938f9daca',
  'xx-api-version' => '1.1.0',
  'xx-token' => '',
  'accept' => '*/*',
  'referer' => 'https://servicewechat.com/wx0c23612938f9daca/devtools/page-frame.html',
  'accept-encoding' => 'gzip, deflate',
)
[ info ] [ PARAM ] array (
  'page' => '1',
  'order' => '-published_time',
)
[ info ] [ LANG ] C:\xampp\htdocs\smart_property\public\api/../../simplewind/cmf/lang\zh-cn.php
[ info ] [ BEHAVIOR ] Run cmf\behavior\LangBehavior @app_begin [ RunTime:0.002942s ]
[ info ] [ DB ] INIT mysql
[ info ] [ RUN ] api\portal\controller\ArticlesController->index[ C:\xampp\htdocs\smart_property\api\portal\controller\ArticlesController.php ]
[ info ] [ LOG ] INIT File
[ sql ] [ DB ] CONNECT:[ UseTime:0.002893s ] mysql:host=127.0.0.1;port=3306;dbname=sp;charset=utf8mb4
[ sql ] [ SQL ] SHOW COLUMNS FROM `cmf_portal_post` [ RunTime:0.017151s ]
[ sql ] [ SQL ] SELECT * FROM `cmf_portal_post` WHERE  ( `delete_time` = 0 AND `delete_time` = 0 AND `delete_time` = 0 AND `delete_time` = 0 )  AND ( `post_status` = 1 AND `post_status` = 1 AND `post_status` = 1 AND `post_status` = 1 )  AND ( `published_time` BETWEEN 1 AND 1533814919 AND `published_time` BETWEEN 1 AND 1533814919 AND `published_time` BETWEEN 1 AND 1533814919 AND `published_time` BETWEEN 1 AND 1533814919 )  AND `post_type` = 1 ORDER BY `published_time` DESC LIMIT 0,20 [ RunTime:0.000810s ]
---------------------------------------------------------------
[ 2018-08-09T19:42:10+08:00 ] 127.0.0.1 GET /api/portal/articles?page=1&order=-published_time
[ info ] sp.com/api/portal/articles?page=1&order=-published_time [运行时间：0.097609s][吞吐率：10.24req/s] [内存消耗：3,702.48kb] [文件加载：61]
[ info ] [ CACHE ] INIT File
[ info ] [ BEHAVIOR ] Run cmf\behavior\InitHookBehavior @app_init [ RunTime:0.003804s ]
[ info ] [ LANG ] C:\xampp\htdocs\smart_property\simplewind\thinkphp\lang\zh-cn.php
[ info ] [ ROUTE ] array (
  'type' => 'module',
  'module' => 
  array (
    0 => 'portal',
    1 => 'Articles',
    2 => 'index',
  ),
  'convert' => false,
)
[ info ] [ HEADER ] array (
  'host' => 'sp.com',
  'connection' => 'keep-alive',
  'xx-device-type' => 'wxapp',
  'user-agent' => 'Mozilla/5.0 (iPhone; CPU iPhone OS 10_2 like Mac OS X) AppleWebKit/602.3.12 (KHTML, like Gecko) Mobile/14C92 Safari/601.1 wechatdevtools/1.02.1808030 MicroMessenger/6.5.7 Language/zh_CN webview/',
  'content-type' => 'application/x-www-form-urlencoded',
  'cache-control' => 'no-cache',
  'xx-wxapp-appid' => 'wx0c23612938f9daca',
  'xx-api-version' => '1.1.0',
  'xx-token' => '',
  'accept' => '*/*',
  'referer' => 'https://servicewechat.com/wx0c23612938f9daca/devtools/page-frame.html',
  'accept-encoding' => 'gzip, deflate',
)
[ info ] [ PARAM ] array (
  'page' => '1',
  'order' => '-published_time',
)
[ info ] [ LANG ] C:\xampp\htdocs\smart_property\public\api/../../simplewind/cmf/lang\zh-cn.php
[ info ] [ BEHAVIOR ] Run cmf\behavior\LangBehavior @app_begin [ RunTime:0.002403s ]
[ info ] [ DB ] INIT mysql
[ info ] [ RUN ] api\portal\controller\ArticlesController->index[ C:\xampp\htdocs\smart_property\api\portal\controller\ArticlesController.php ]
[ info ] [ LOG ] INIT File
[ sql ] [ DB ] CONNECT:[ UseTime:0.003111s ] mysql:host=127.0.0.1;port=3306;dbname=sp;charset=utf8mb4
[ sql ] [ SQL ] SHOW COLUMNS FROM `cmf_portal_post` [ RunTime:0.014476s ]
[ sql ] [ SQL ] SELECT * FROM `cmf_portal_post` WHERE  ( `delete_time` = 0 AND `delete_time` = 0 AND `delete_time` = 0 AND `delete_time` = 0 )  AND ( `post_status` = 1 AND `post_status` = 1 AND `post_status` = 1 AND `post_status` = 1 )  AND ( `published_time` BETWEEN 1 AND 1533814930 AND `published_time` BETWEEN 1 AND 1533814930 AND `published_time` BETWEEN 1 AND 1533814930 AND `published_time` BETWEEN 1 AND 1533814930 )  AND `post_type` = 1 ORDER BY `published_time` DESC LIMIT 0,20 [ RunTime:0.000776s ]
---------------------------------------------------------------
[ 2018-08-09T19:42:13+08:00 ] 127.0.0.1 GET /api/portal/articles?order=-published_time
[ info ] sp.com/api/portal/articles?order=-published_time [运行时间：0.080990s][吞吐率：12.35req/s] [内存消耗：3,702.30kb] [文件加载：61]
[ info ] [ CACHE ] INIT File
[ info ] [ BEHAVIOR ] Run cmf\behavior\InitHookBehavior @app_init [ RunTime:0.004181s ]
[ info ] [ LANG ] C:\xampp\htdocs\smart_property\simplewind\thinkphp\lang\zh-cn.php
[ info ] [ ROUTE ] array (
  'type' => 'module',
  'module' => 
  array (
    0 => 'portal',
    1 => 'Articles',
    2 => 'index',
  ),
  'convert' => false,
)
[ info ] [ HEADER ] array (
  'host' => 'sp.com',
  'connection' => 'keep-alive',
  'xx-device-type' => 'wxapp',
  'user-agent' => 'Mozilla/5.0 (iPhone; CPU iPhone OS 10_2 like Mac OS X) AppleWebKit/602.3.12 (KHTML, like Gecko) Mobile/14C92 Safari/601.1 wechatdevtools/1.02.1808030 MicroMessenger/6.5.7 Language/zh_CN webview/',
  'content-type' => 'application/x-www-form-urlencoded',
  'cache-control' => 'no-cache',
  'xx-wxapp-appid' => 'wx0c23612938f9daca',
  'xx-api-version' => '1.1.0',
  'xx-token' => '',
  'accept' => '*/*',
  'referer' => 'https://servicewechat.com/wx0c23612938f9daca/devtools/page-frame.html',
  'accept-encoding' => 'gzip, deflate',
)
[ info ] [ PARAM ] array (
  'order' => '-published_time',
)
[ info ] [ LANG ] C:\xampp\htdocs\smart_property\public\api/../../simplewind/cmf/lang\zh-cn.php
[ info ] [ BEHAVIOR ] Run cmf\behavior\LangBehavior @app_begin [ RunTime:0.002641s ]
[ info ] [ DB ] INIT mysql
[ info ] [ RUN ] api\portal\controller\ArticlesController->index[ C:\xampp\htdocs\smart_property\api\portal\controller\ArticlesController.php ]
[ info ] [ LOG ] INIT File
[ sql ] [ DB ] CONNECT:[ UseTime:0.002483s ] mysql:host=127.0.0.1;port=3306;dbname=sp;charset=utf8mb4
[ sql ] [ SQL ] SHOW COLUMNS FROM `cmf_portal_post` [ RunTime:0.014239s ]
[ sql ] [ SQL ] SELECT * FROM `cmf_portal_post` WHERE  ( `delete_time` = 0 AND `delete_time` = 0 AND `delete_time` = 0 AND `delete_time` = 0 )  AND ( `post_status` = 1 AND `post_status` = 1 AND `post_status` = 1 AND `post_status` = 1 )  AND ( `published_time` BETWEEN 1 AND 1533814933 AND `published_time` BETWEEN 1 AND 1533814933 AND `published_time` BETWEEN 1 AND 1533814933 AND `published_time` BETWEEN 1 AND 1533814933 )  AND `post_type` = 1 ORDER BY `published_time` DESC LIMIT 10 [ RunTime:0.000777s ]
---------------------------------------------------------------
[ 2018-08-09T19:42:29+08:00 ] 127.0.0.1 POST /api/wxapp/public/login
[ info ] sp.com/api/wxapp/public/login [运行时间：0.377096s][吞吐率：2.65req/s] [内存消耗：3,155.28kb] [文件加载：62]
[ info ] [ CACHE ] INIT File
[ info ] [ BEHAVIOR ] Run cmf\behavior\InitHookBehavior @app_init [ RunTime:0.003938s ]
[ info ] [ LANG ] C:\xampp\htdocs\smart_property\simplewind\thinkphp\lang\zh-cn.php
[ info ] [ ROUTE ] array (
  'type' => 'module',
  'module' => 
  array (
    0 => 'wxapp',
    1 => 'public',
    2 => 'login',
  ),
)
[ info ] [ HEADER ] array (
  'host' => 'sp.com',
  'connection' => 'keep-alive',
  'content-length' => '1036',
  'origin' => 'http://127.0.0.1:40166',
  'xx-device-type' => 'wxapp',
  'user-agent' => 'Mozilla/5.0 (iPhone; CPU iPhone OS 10_2 like Mac OS X) AppleWebKit/602.3.12 (KHTML, like Gecko) Mobile/14C92 Safari/601.1 wechatdevtools/1.02.1808030 MicroMessenger/6.5.7 Language/zh_CN webview/',
  'content-type' => 'application/x-www-form-urlencoded',
  'cache-control' => 'no-cache',
  'xx-wxapp-appid' => 'wx0c23612938f9daca',
  'xx-api-version' => '1.1.0',
  'xx-token' => '',
  'accept' => '*/*',
  'referer' => 'https://servicewechat.com/wx0c23612938f9daca/devtools/page-frame.html',
  'accept-encoding' => 'gzip, deflate',
)
[ info ] [ PARAM ] array (
  'code' => '071ApVoI13srM70SIhqI1urcpI1ApVoi',
  'encrypted_data' => 'VIyTkTd0AHzQI8yNAi6eJ/SKU/XaPPRH0Qk14JnJgwm+/opVcz0v8C7Vc9ipprQ1kYvaF0Xukb6HAsGkc6ipPjGjp3zqRSxP3gL2QfUOaPewEV4tu4uqOKSUPNPRjfIUbK5+mO3xge6NBCvA4iia8jALqcKr7UOzvw8+ym9IeoSTPMCBQ3QT7X7BQwR8ylwK2PXnHIvVAOz3+Xf4tSjQ1BCmwNxsh4JH/0rDFo81sKx6Plppg2PUy2dXeGxAZea5S8STxXFKv7Sqa312kqefxKOieiZu/NnffSa0kPAUluUq3mDY/dVcpYw+WeZZKcz+pAnDeKXrdI3l3A3luySbccPo7NAgtUym86RAiHwYJtIPwTo+t9sK4cj04q4cKkXNl+PStOOLzd+XhpDOVmXW4cJSJJNf/S7uRfIulbeORK77SXvMbNEt76r9jRuOPeB38MpfbiOJXXqB7qdIcXGh5M3539Ef8v0EseP72xOOuPo=',
  'iv' => '6NGhvgpfiXy0E9OdCatG9Q==',
  'raw_data' => '{&quot;nickName&quot;:&quot;顶文洁&quot;,&quot;gender&quot;:1,&quot;language&quot;:&quot;zh_CN&quot;,&quot;city&quot;:&quot;Nanjing&quot;,&quot;province&quot;:&quot;Jiangsu&quot;,&quot;country&quot;:&quot;China&quot;,&quot;avatarUrl&quot;:&quot;https://wx.qlogo.cn/mmopen/vi_32/DYAIOgq83ereKjgSTqAjfGBE8Y7ibgGGoSbpjibkQvPV9N7aG7NFvlTrR5qnhyVYfLRIUVLSzL98TFuJEccld0vQ/132&quot;}',
  'signature' => '2feb4286116ecd5cd858e1e4373e430545e18dc6',
)
[ info ] [ LANG ] C:\xampp\htdocs\smart_property\public\api/../../simplewind/cmf/lang\zh-cn.php
[ info ] [ BEHAVIOR ] Run cmf\behavior\LangBehavior @app_begin [ RunTime:0.002515s ]
[ info ] [ RUN ] api\wxapp\controller\PublicController->login[ C:\xampp\htdocs\smart_property\api\wxapp\controller\PublicController.php ]
[ info ] [ DB ] INIT mysql
[ info ] [ LOG ] INIT File
[ sql ] [ DB ] CONNECT:[ UseTime:0.003303s ] mysql:host=127.0.0.1;port=3306;dbname=sp;charset=utf8mb4
[ sql ] [ SQL ] SHOW COLUMNS FROM `cmf_third_party_user` [ RunTime:0.012871s ]
[ sql ] [ SQL ] SELECT * FROM `cmf_third_party_user` WHERE  `openid` = 'oPBsB5QjxDB6_I9ENM0JNqxkRH6I'  AND `app_id` = 'wx0c23612938f9daca' LIMIT 1 [ RunTime:0.000535s ]
[ sql ] [ SQL ] SHOW COLUMNS FROM `cmf_user_token` [ RunTime:0.009271s ]
[ sql ] [ SQL ] SELECT * FROM `cmf_user_token` WHERE  `user_id` = 5  AND `device_type` = 'wxapp' LIMIT 1 [ RunTime:0.000443s ]
[ sql ] [ SQL ] UPDATE `cmf_third_party_user`  SET `last_login_ip`='127.0.0.1',`last_login_time`=1533814949,`login_times`=login_times+1,`more`='{\"openId\":\"oPBsB5QjxDB6_I9ENM0JNqxkRH6I\",\"nickName\":\"\\u9876\\u6587\\u6d01\",\"gender\":1,\"language\":\"zh_CN\",\"city\":\"Nanjing\",\"province\":\"Jiangsu\",\"country\":\"China\",\"avatarUrl\":\"https:\\/\\/wx.qlogo.cn\\/mmopen\\/vi_32\\/DYAIOgq83ereKjgSTqAjfGBE8Y7ibgGGoSbpjibkQvPV9N7aG7NFvlTrR5qnhyVYfLRIUVLSzL98TFuJEccld0vQ\\/132\",\"sessionKey\":\"038gPdW79gV\\/pKztAWqHlw==\"}'  WHERE  `openid` = 'oPBsB5QjxDB6_I9ENM0JNqxkRH6I'  AND `app_id` = 'wx0c23612938f9daca' [ RunTime:0.003051s ]
[ sql ] [ SQL ] SHOW COLUMNS FROM `cmf_user` [ RunTime:0.013763s ]
[ sql ] [ SQL ] SELECT * FROM `cmf_user` WHERE  `id` = 5 LIMIT 1 [ RunTime:0.000618s ]
---------------------------------------------------------------
[ 2018-08-09T19:42:31+08:00 ] 127.0.0.1 GET /api/portal/articles?order=-published_time
[ info ] sp.com/api/portal/articles?order=-published_time [运行时间：0.090158s][吞吐率：11.09req/s] [内存消耗：3,709.97kb] [文件加载：61]
[ info ] [ CACHE ] INIT File
[ info ] [ BEHAVIOR ] Run cmf\behavior\InitHookBehavior @app_init [ RunTime:0.003827s ]
[ info ] [ LANG ] C:\xampp\htdocs\smart_property\simplewind\thinkphp\lang\zh-cn.php
[ info ] [ ROUTE ] array (
  'type' => 'module',
  'module' => 
  array (
    0 => 'portal',
    1 => 'Articles',
    2 => 'index',
  ),
  'convert' => false,
)
[ info ] [ HEADER ] array (
  'host' => 'sp.com',
  'connection' => 'keep-alive',
  'xx-device-type' => 'wxapp',
  'user-agent' => 'Mozilla/5.0 (iPhone; CPU iPhone OS 10_2 like Mac OS X) AppleWebKit/602.3.12 (KHTML, like Gecko) Mobile/14C92 Safari/601.1 wechatdevtools/1.02.1808030 MicroMessenger/6.5.7 Language/zh_CN webview/',
  'content-type' => 'application/x-www-form-urlencoded',
  'cache-control' => 'no-cache',
  'xx-wxapp-appid' => 'wx0c23612938f9daca',
  'xx-api-version' => '1.1.0',
  'xx-token' => 'a0479f717a3fb5292323e4dcee71e3e2e7b51ae064be8a3a6598e69f2cdb2562',
  'accept' => '*/*',
  'referer' => 'https://servicewechat.com/wx0c23612938f9daca/devtools/page-frame.html',
  'accept-encoding' => 'gzip, deflate',
)
[ info ] [ PARAM ] array (
  'order' => '-published_time',
)
[ info ] [ LANG ] C:\xampp\htdocs\smart_property\public\api/../../simplewind/cmf/lang\zh-cn.php
[ info ] [ BEHAVIOR ] Run cmf\behavior\LangBehavior @app_begin [ RunTime:0.002352s ]
[ info ] [ DB ] INIT mysql
[ info ] [ RUN ] api\portal\controller\ArticlesController->index[ C:\xampp\htdocs\smart_property\api\portal\controller\ArticlesController.php ]
[ info ] [ LOG ] INIT File
[ sql ] [ DB ] CONNECT:[ UseTime:0.002415s ] mysql:host=127.0.0.1;port=3306;dbname=sp;charset=utf8mb4
[ sql ] [ SQL ] SHOW COLUMNS FROM `cmf_user_token` [ RunTime:0.012406s ]
[ sql ] [ SQL ] SELECT `b`.* FROM `cmf_user_token` `a` INNER JOIN `cmf_user` `b` ON `a`.`user_id`=`b`.`id` WHERE  `token` = 'a0479f717a3fb5292323e4dcee71e3e2e7b51ae064be8a3a6598e69f2cdb2562'  AND `device_type` = 'wxapp' LIMIT 1 [ RunTime:0.000654s ]
[ sql ] [ SQL ] SHOW COLUMNS FROM `cmf_portal_post` [ RunTime:0.009877s ]
[ sql ] [ SQL ] SELECT * FROM `cmf_portal_post` WHERE  ( `delete_time` = 0 AND `delete_time` = 0 AND `delete_time` = 0 AND `delete_time` = 0 )  AND ( `post_status` = 1 AND `post_status` = 1 AND `post_status` = 1 AND `post_status` = 1 )  AND ( `published_time` BETWEEN 1 AND 1533814951 AND `published_time` BETWEEN 1 AND 1533814951 AND `published_time` BETWEEN 1 AND 1533814951 AND `published_time` BETWEEN 1 AND 1533814951 )  AND `post_type` = 1 ORDER BY `published_time` DESC LIMIT 10 [ RunTime:0.000728s ]
