---------------------------------------------------------------
[ 2018-08-30T01:40:14+08:00 ] 127.0.0.1 GET /api/wxapp/public/setUserToken
[ info ] ac.com/api/wxapp/public/setUserToken [运行时间：0.267469s][吞吐率：3.74req/s] [内存消耗：2,028.07kb] [文件加载：55]
[ info ] [ CACHE ] INIT File
[ info ] [ BEHAVIOR ] Run cmf\behavior\InitHookBehavior @app_init [ RunTime:0.010309s ]
[ info ] [ LANG ] D:\workspace\www\ac_fun\simplewind\thinkphp\lang\zh-cn.php
[ info ] [ ROUTE ] array (
  'type' => 'module',
  'module' => 
  array (
    0 => 'wxapp',
    1 => 'public',
    2 => 'setUserToken',
  ),
)
[ info ] [ HEADER ] array (
  'host' => 'ac.com',
  'connection' => 'keep-alive',
  'upgrade-insecure-requests' => '1',
  'user-agent' => 'Mozilla/5.0 (Windows NT 10.0; WOW64) AppleWebKit/537.36 (KHTML, like Gecko) Chrome/68.0.3440.106 Safari/537.36',
  'accept' => 'text/html,application/xhtml+xml,application/xml;q=0.9,image/webp,image/apng,*/*;q=0.8',
  'accept-encoding' => 'gzip, deflate',
  'accept-language' => 'zh-CN,zh;q=0.9',
  'cookie' => 'admin_username=admin; thinkphp_show_page_trace=0|0; PHPSESSID=0a5gs3oc6r7n5f0m00ru8t51r9',
)
[ info ] [ PARAM ] array (
)
[ info ] [ LANG ] D:\workspace\www\ac_fun\public\api/../../simplewind/cmf/lang\zh-cn.php
[ info ] [ BEHAVIOR ] Run cmf\behavior\LangBehavior @app_begin [ RunTime:0.002588s ]
[ info ] [ RUN ] api\wxapp\controller\PublicController->setUserToken[ D:\workspace\www\ac_fun\api\wxapp\controller\PublicController.php ]
[ info ] [ LOG ] INIT File
[ error ] [0]致命错误: Class 'TokenModel' not found[D:\workspace\www\ac_fun\api\wxapp\controller\PublicController.php:153]
---------------------------------------------------------------
[ 2018-08-30T01:41:13+08:00 ] 127.0.0.1 GET /api/wxapp/public/setUserToken
[ info ] ac.com/api/wxapp/public/setUserToken [运行时间：0.044920s][吞吐率：22.26req/s] [内存消耗：2,028.40kb] [文件加载：55]
[ info ] [ CACHE ] INIT File
[ info ] [ BEHAVIOR ] Run cmf\behavior\InitHookBehavior @app_init [ RunTime:0.002799s ]
[ info ] [ LANG ] D:\workspace\www\ac_fun\simplewind\thinkphp\lang\zh-cn.php
[ info ] [ ROUTE ] array (
  'type' => 'module',
  'module' => 
  array (
    0 => 'wxapp',
    1 => 'public',
    2 => 'setUserToken',
  ),
)
[ info ] [ HEADER ] array (
  'host' => 'ac.com',
  'connection' => 'keep-alive',
  'cache-control' => 'max-age=0',
  'upgrade-insecure-requests' => '1',
  'user-agent' => 'Mozilla/5.0 (Windows NT 10.0; WOW64) AppleWebKit/537.36 (KHTML, like Gecko) Chrome/68.0.3440.106 Safari/537.36',
  'accept' => 'text/html,application/xhtml+xml,application/xml;q=0.9,image/webp,image/apng,*/*;q=0.8',
  'accept-encoding' => 'gzip, deflate',
  'accept-language' => 'zh-CN,zh;q=0.9',
  'cookie' => 'thinkphp_show_page_trace=0|0; admin_username=admin; thinkphp_show_page_trace=0|0; PHPSESSID=0a5gs3oc6r7n5f0m00ru8t51r9',
)
[ info ] [ PARAM ] array (
)
[ info ] [ LANG ] D:\workspace\www\ac_fun\public\api/../../simplewind/cmf/lang\zh-cn.php
[ info ] [ BEHAVIOR ] Run cmf\behavior\LangBehavior @app_begin [ RunTime:0.000848s ]
[ info ] [ RUN ] api\wxapp\controller\PublicController->setUserToken[ D:\workspace\www\ac_fun\api\wxapp\controller\PublicController.php ]
[ info ] [ LOG ] INIT File
[ error ] [0]致命错误: Class 'TokenModel' not found[D:\workspace\www\ac_fun\api\wxapp\controller\PublicController.php:153]
---------------------------------------------------------------
[ 2018-08-30T01:41:14+08:00 ] 127.0.0.1 GET /api/wxapp/public/setUserToken
[ info ] ac.com/api/wxapp/public/setUserToken [运行时间：0.045842s][吞吐率：21.81req/s] [内存消耗：2,028.40kb] [文件加载：55]
[ info ] [ CACHE ] INIT File
[ info ] [ BEHAVIOR ] Run cmf\behavior\InitHookBehavior @app_init [ RunTime:0.003160s ]
[ info ] [ LANG ] D:\workspace\www\ac_fun\simplewind\thinkphp\lang\zh-cn.php
[ info ] [ ROUTE ] array (
  'type' => 'module',
  'module' => 
  array (
    0 => 'wxapp',
    1 => 'public',
    2 => 'setUserToken',
  ),
)
[ info ] [ HEADER ] array (
  'host' => 'ac.com',
  'connection' => 'keep-alive',
  'cache-control' => 'max-age=0',
  'upgrade-insecure-requests' => '1',
  'user-agent' => 'Mozilla/5.0 (Windows NT 10.0; WOW64) AppleWebKit/537.36 (KHTML, like Gecko) Chrome/68.0.3440.106 Safari/537.36',
  'accept' => 'text/html,application/xhtml+xml,application/xml;q=0.9,image/webp,image/apng,*/*;q=0.8',
  'accept-encoding' => 'gzip, deflate',
  'accept-language' => 'zh-CN,zh;q=0.9',
  'cookie' => 'thinkphp_show_page_trace=0|0; admin_username=admin; thinkphp_show_page_trace=0|0; PHPSESSID=0a5gs3oc6r7n5f0m00ru8t51r9',
)
[ info ] [ PARAM ] array (
)
[ info ] [ LANG ] D:\workspace\www\ac_fun\public\api/../../simplewind/cmf/lang\zh-cn.php
[ info ] [ BEHAVIOR ] Run cmf\behavior\LangBehavior @app_begin [ RunTime:0.000756s ]
[ info ] [ RUN ] api\wxapp\controller\PublicController->setUserToken[ D:\workspace\www\ac_fun\api\wxapp\controller\PublicController.php ]
[ info ] [ LOG ] INIT File
[ error ] [0]致命错误: Class 'TokenModel' not found[D:\workspace\www\ac_fun\api\wxapp\controller\PublicController.php:153]
---------------------------------------------------------------
[ 2018-08-30T01:41:15+08:00 ] 127.0.0.1 GET /api/wxapp/public/setUserToken
[ info ] ac.com/api/wxapp/public/setUserToken [运行时间：0.041584s][吞吐率：24.05req/s] [内存消耗：2,028.40kb] [文件加载：55]
[ info ] [ CACHE ] INIT File
[ info ] [ BEHAVIOR ] Run cmf\behavior\InitHookBehavior @app_init [ RunTime:0.003375s ]
[ info ] [ LANG ] D:\workspace\www\ac_fun\simplewind\thinkphp\lang\zh-cn.php
[ info ] [ ROUTE ] array (
  'type' => 'module',
  'module' => 
  array (
    0 => 'wxapp',
    1 => 'public',
    2 => 'setUserToken',
  ),
)
[ info ] [ HEADER ] array (
  'host' => 'ac.com',
  'connection' => 'keep-alive',
  'cache-control' => 'max-age=0',
  'upgrade-insecure-requests' => '1',
  'user-agent' => 'Mozilla/5.0 (Windows NT 10.0; WOW64) AppleWebKit/537.36 (KHTML, like Gecko) Chrome/68.0.3440.106 Safari/537.36',
  'accept' => 'text/html,application/xhtml+xml,application/xml;q=0.9,image/webp,image/apng,*/*;q=0.8',
  'accept-encoding' => 'gzip, deflate',
  'accept-language' => 'zh-CN,zh;q=0.9',
  'cookie' => 'thinkphp_show_page_trace=0|0; admin_username=admin; thinkphp_show_page_trace=0|0; PHPSESSID=0a5gs3oc6r7n5f0m00ru8t51r9',
)
[ info ] [ PARAM ] array (
)
[ info ] [ LANG ] D:\workspace\www\ac_fun\public\api/../../simplewind/cmf/lang\zh-cn.php
[ info ] [ BEHAVIOR ] Run cmf\behavior\LangBehavior @app_begin [ RunTime:0.000770s ]
[ info ] [ RUN ] api\wxapp\controller\PublicController->setUserToken[ D:\workspace\www\ac_fun\api\wxapp\controller\PublicController.php ]
[ info ] [ LOG ] INIT File
[ error ] [0]致命错误: Class 'TokenModel' not found[D:\workspace\www\ac_fun\api\wxapp\controller\PublicController.php:153]
---------------------------------------------------------------
[ 2018-08-30T01:41:15+08:00 ] 127.0.0.1 GET /api/wxapp/public/setUserToken
[ info ] ac.com/api/wxapp/public/setUserToken [运行时间：0.039428s][吞吐率：25.36req/s] [内存消耗：2,028.40kb] [文件加载：55]
[ info ] [ CACHE ] INIT File
[ info ] [ BEHAVIOR ] Run cmf\behavior\InitHookBehavior @app_init [ RunTime:0.002542s ]
[ info ] [ LANG ] D:\workspace\www\ac_fun\simplewind\thinkphp\lang\zh-cn.php
[ info ] [ ROUTE ] array (
  'type' => 'module',
  'module' => 
  array (
    0 => 'wxapp',
    1 => 'public',
    2 => 'setUserToken',
  ),
)
[ info ] [ HEADER ] array (
  'host' => 'ac.com',
  'connection' => 'keep-alive',
  'cache-control' => 'max-age=0',
  'upgrade-insecure-requests' => '1',
  'user-agent' => 'Mozilla/5.0 (Windows NT 10.0; WOW64) AppleWebKit/537.36 (KHTML, like Gecko) Chrome/68.0.3440.106 Safari/537.36',
  'accept' => 'text/html,application/xhtml+xml,application/xml;q=0.9,image/webp,image/apng,*/*;q=0.8',
  'accept-encoding' => 'gzip, deflate',
  'accept-language' => 'zh-CN,zh;q=0.9',
  'cookie' => 'thinkphp_show_page_trace=0|0; admin_username=admin; thinkphp_show_page_trace=0|0; PHPSESSID=0a5gs3oc6r7n5f0m00ru8t51r9',
)
[ info ] [ PARAM ] array (
)
[ info ] [ LANG ] D:\workspace\www\ac_fun\public\api/../../simplewind/cmf/lang\zh-cn.php
[ info ] [ BEHAVIOR ] Run cmf\behavior\LangBehavior @app_begin [ RunTime:0.000862s ]
[ info ] [ RUN ] api\wxapp\controller\PublicController->setUserToken[ D:\workspace\www\ac_fun\api\wxapp\controller\PublicController.php ]
[ info ] [ LOG ] INIT File
[ error ] [0]致命错误: Class 'TokenModel' not found[D:\workspace\www\ac_fun\api\wxapp\controller\PublicController.php:153]
---------------------------------------------------------------
[ 2018-08-30T01:41:15+08:00 ] 127.0.0.1 GET /api/wxapp/public/setUserToken
[ info ] ac.com/api/wxapp/public/setUserToken [运行时间：0.038108s][吞吐率：26.24req/s] [内存消耗：2,028.40kb] [文件加载：55]
[ info ] [ CACHE ] INIT File
[ info ] [ BEHAVIOR ] Run cmf\behavior\InitHookBehavior @app_init [ RunTime:0.002366s ]
[ info ] [ LANG ] D:\workspace\www\ac_fun\simplewind\thinkphp\lang\zh-cn.php
[ info ] [ ROUTE ] array (
  'type' => 'module',
  'module' => 
  array (
    0 => 'wxapp',
    1 => 'public',
    2 => 'setUserToken',
  ),
)
[ info ] [ HEADER ] array (
  'host' => 'ac.com',
  'connection' => 'keep-alive',
  'cache-control' => 'max-age=0',
  'upgrade-insecure-requests' => '1',
  'user-agent' => 'Mozilla/5.0 (Windows NT 10.0; WOW64) AppleWebKit/537.36 (KHTML, like Gecko) Chrome/68.0.3440.106 Safari/537.36',
  'accept' => 'text/html,application/xhtml+xml,application/xml;q=0.9,image/webp,image/apng,*/*;q=0.8',
  'accept-encoding' => 'gzip, deflate',
  'accept-language' => 'zh-CN,zh;q=0.9',
  'cookie' => 'thinkphp_show_page_trace=0|0; admin_username=admin; thinkphp_show_page_trace=0|0; PHPSESSID=0a5gs3oc6r7n5f0m00ru8t51r9',
)
[ info ] [ PARAM ] array (
)
[ info ] [ LANG ] D:\workspace\www\ac_fun\public\api/../../simplewind/cmf/lang\zh-cn.php
[ info ] [ BEHAVIOR ] Run cmf\behavior\LangBehavior @app_begin [ RunTime:0.001462s ]
[ info ] [ RUN ] api\wxapp\controller\PublicController->setUserToken[ D:\workspace\www\ac_fun\api\wxapp\controller\PublicController.php ]
[ info ] [ LOG ] INIT File
[ error ] [0]致命错误: Class 'TokenModel' not found[D:\workspace\www\ac_fun\api\wxapp\controller\PublicController.php:153]
---------------------------------------------------------------
[ 2018-08-30T01:41:15+08:00 ] 127.0.0.1 GET /api/wxapp/public/setUserToken
[ info ] ac.com/api/wxapp/public/setUserToken [运行时间：0.037034s][吞吐率：27.00req/s] [内存消耗：2,028.40kb] [文件加载：55]
[ info ] [ CACHE ] INIT File
[ info ] [ BEHAVIOR ] Run cmf\behavior\InitHookBehavior @app_init [ RunTime:0.002903s ]
[ info ] [ LANG ] D:\workspace\www\ac_fun\simplewind\thinkphp\lang\zh-cn.php
[ info ] [ ROUTE ] array (
  'type' => 'module',
  'module' => 
  array (
    0 => 'wxapp',
    1 => 'public',
    2 => 'setUserToken',
  ),
)
[ info ] [ HEADER ] array (
  'host' => 'ac.com',
  'connection' => 'keep-alive',
  'cache-control' => 'max-age=0',
  'upgrade-insecure-requests' => '1',
  'user-agent' => 'Mozilla/5.0 (Windows NT 10.0; WOW64) AppleWebKit/537.36 (KHTML, like Gecko) Chrome/68.0.3440.106 Safari/537.36',
  'accept' => 'text/html,application/xhtml+xml,application/xml;q=0.9,image/webp,image/apng,*/*;q=0.8',
  'accept-encoding' => 'gzip, deflate',
  'accept-language' => 'zh-CN,zh;q=0.9',
  'cookie' => 'thinkphp_show_page_trace=0|0; admin_username=admin; thinkphp_show_page_trace=0|0; PHPSESSID=0a5gs3oc6r7n5f0m00ru8t51r9',
)
[ info ] [ PARAM ] array (
)
[ info ] [ LANG ] D:\workspace\www\ac_fun\public\api/../../simplewind/cmf/lang\zh-cn.php
[ info ] [ BEHAVIOR ] Run cmf\behavior\LangBehavior @app_begin [ RunTime:0.000787s ]
[ info ] [ RUN ] api\wxapp\controller\PublicController->setUserToken[ D:\workspace\www\ac_fun\api\wxapp\controller\PublicController.php ]
[ info ] [ LOG ] INIT File
[ error ] [0]致命错误: Class 'TokenModel' not found[D:\workspace\www\ac_fun\api\wxapp\controller\PublicController.php:153]
---------------------------------------------------------------
[ 2018-08-30T01:42:04+08:00 ] 127.0.0.1 GET /api/wxapp/public/setUserToken
[ info ] ac.com/api/wxapp/public/setUserToken [运行时间：0.221559s][吞吐率：4.51req/s] [内存消耗：2,035.42kb] [文件加载：58]
[ info ] [ CACHE ] INIT File
[ info ] [ BEHAVIOR ] Run cmf\behavior\InitHookBehavior @app_init [ RunTime:0.002475s ]
[ info ] [ LANG ] D:\workspace\www\ac_fun\simplewind\thinkphp\lang\zh-cn.php
[ info ] [ ROUTE ] array (
  'type' => 'module',
  'module' => 
  array (
    0 => 'wxapp',
    1 => 'public',
    2 => 'setUserToken',
  ),
)
[ info ] [ HEADER ] array (
  'host' => 'ac.com',
  'connection' => 'keep-alive',
  'cache-control' => 'max-age=0',
  'upgrade-insecure-requests' => '1',
  'user-agent' => 'Mozilla/5.0 (Windows NT 10.0; WOW64) AppleWebKit/537.36 (KHTML, like Gecko) Chrome/68.0.3440.106 Safari/537.36',
  'accept' => 'text/html,application/xhtml+xml,application/xml;q=0.9,image/webp,image/apng,*/*;q=0.8',
  'accept-encoding' => 'gzip, deflate',
  'accept-language' => 'zh-CN,zh;q=0.9',
  'cookie' => 'thinkphp_show_page_trace=0|0; admin_username=admin; thinkphp_show_page_trace=0|0; PHPSESSID=0a5gs3oc6r7n5f0m00ru8t51r9',
)
[ info ] [ PARAM ] array (
)
[ info ] [ LANG ] D:\workspace\www\ac_fun\public\api/../../simplewind/cmf/lang\zh-cn.php
[ info ] [ BEHAVIOR ] Run cmf\behavior\LangBehavior @app_begin [ RunTime:0.000781s ]
[ info ] [ RUN ] api\wxapp\controller\PublicController->setUserToken[ D:\workspace\www\ac_fun\api\wxapp\controller\PublicController.php ]
[ info ] [ LOG ] INIT File
[ error ] [2]call_user_func_array() expects parameter 1 to be a valid callback, first array member is not a valid class name or object[D:\workspace\www\ac_fun\api\common\RedisModel\BaseRedisModel.php:21]
---------------------------------------------------------------
[ 2018-08-30T01:44:00+08:00 ] 127.0.0.1 GET /api/wxapp/public/setUserToken
[ info ] ac.com/api/wxapp/public/setUserToken [运行时间：0.039268s][吞吐率：25.47req/s] [内存消耗：2,035.42kb] [文件加载：58]
[ info ] [ CACHE ] INIT File
[ info ] [ BEHAVIOR ] Run cmf\behavior\InitHookBehavior @app_init [ RunTime:0.003303s ]
[ info ] [ LANG ] D:\workspace\www\ac_fun\simplewind\thinkphp\lang\zh-cn.php
[ info ] [ ROUTE ] array (
  'type' => 'module',
  'module' => 
  array (
    0 => 'wxapp',
    1 => 'public',
    2 => 'setUserToken',
  ),
)
[ info ] [ HEADER ] array (
  'host' => 'ac.com',
  'connection' => 'keep-alive',
  'cache-control' => 'max-age=0',
  'upgrade-insecure-requests' => '1',
  'user-agent' => 'Mozilla/5.0 (Windows NT 10.0; WOW64) AppleWebKit/537.36 (KHTML, like Gecko) Chrome/68.0.3440.106 Safari/537.36',
  'accept' => 'text/html,application/xhtml+xml,application/xml;q=0.9,image/webp,image/apng,*/*;q=0.8',
  'accept-encoding' => 'gzip, deflate',
  'accept-language' => 'zh-CN,zh;q=0.9',
  'cookie' => 'thinkphp_show_page_trace=0|0; admin_username=admin; thinkphp_show_page_trace=0|0; PHPSESSID=0a5gs3oc6r7n5f0m00ru8t51r9',
)
[ info ] [ PARAM ] array (
)
[ info ] [ LANG ] D:\workspace\www\ac_fun\public\api/../../simplewind/cmf/lang\zh-cn.php
[ info ] [ BEHAVIOR ] Run cmf\behavior\LangBehavior @app_begin [ RunTime:0.001001s ]
[ info ] [ RUN ] api\wxapp\controller\PublicController->setUserToken[ D:\workspace\www\ac_fun\api\wxapp\controller\PublicController.php ]
[ info ] [ LOG ] INIT File
[ error ] [2]call_user_func_array() expects parameter 1 to be a valid callback, first array member is not a valid class name or object[D:\workspace\www\ac_fun\api\common\RedisModel\BaseRedisModel.php:21]
---------------------------------------------------------------
[ 2018-08-30T01:46:24+08:00 ] 127.0.0.1 GET /api/wxapp/public/setUserToken
[ info ] ac.com/api/wxapp/public/setUserToken [运行时间：0.043249s][吞吐率：23.12req/s] [内存消耗：2,035.42kb] [文件加载：58]
[ info ] [ CACHE ] INIT File
[ info ] [ BEHAVIOR ] Run cmf\behavior\InitHookBehavior @app_init [ RunTime:0.002664s ]
[ info ] [ LANG ] D:\workspace\www\ac_fun\simplewind\thinkphp\lang\zh-cn.php
[ info ] [ ROUTE ] array (
  'type' => 'module',
  'module' => 
  array (
    0 => 'wxapp',
    1 => 'public',
    2 => 'setUserToken',
  ),
)
[ info ] [ HEADER ] array (
  'host' => 'ac.com',
  'connection' => 'keep-alive',
  'cache-control' => 'max-age=0',
  'upgrade-insecure-requests' => '1',
  'user-agent' => 'Mozilla/5.0 (Windows NT 10.0; WOW64) AppleWebKit/537.36 (KHTML, like Gecko) Chrome/68.0.3440.106 Safari/537.36',
  'accept' => 'text/html,application/xhtml+xml,application/xml;q=0.9,image/webp,image/apng,*/*;q=0.8',
  'accept-encoding' => 'gzip, deflate',
  'accept-language' => 'zh-CN,zh;q=0.9',
  'cookie' => 'thinkphp_show_page_trace=0|0; admin_username=admin; thinkphp_show_page_trace=0|0; PHPSESSID=0a5gs3oc6r7n5f0m00ru8t51r9',
)
[ info ] [ PARAM ] array (
)
[ info ] [ LANG ] D:\workspace\www\ac_fun\public\api/../../simplewind/cmf/lang\zh-cn.php
[ info ] [ BEHAVIOR ] Run cmf\behavior\LangBehavior @app_begin [ RunTime:0.000946s ]
[ info ] [ RUN ] api\wxapp\controller\PublicController->setUserToken[ D:\workspace\www\ac_fun\api\wxapp\controller\PublicController.php ]
[ info ] [ LOG ] INIT File
[ error ] [2]call_user_func_array() expects parameter 1 to be a valid callback, first array member is not a valid class name or object[D:\workspace\www\ac_fun\api\common\RedisModel\BaseRedisModel.php:21]
---------------------------------------------------------------
[ 2018-08-30T01:46:25+08:00 ] 127.0.0.1 GET /api/wxapp/public/setUserToken
[ info ] ac.com/api/wxapp/public/setUserToken [运行时间：0.045170s][吞吐率：22.14req/s] [内存消耗：2,035.42kb] [文件加载：58]
[ info ] [ CACHE ] INIT File
[ info ] [ BEHAVIOR ] Run cmf\behavior\InitHookBehavior @app_init [ RunTime:0.004098s ]
[ info ] [ LANG ] D:\workspace\www\ac_fun\simplewind\thinkphp\lang\zh-cn.php
[ info ] [ ROUTE ] array (
  'type' => 'module',
  'module' => 
  array (
    0 => 'wxapp',
    1 => 'public',
    2 => 'setUserToken',
  ),
)
[ info ] [ HEADER ] array (
  'host' => 'ac.com',
  'connection' => 'keep-alive',
  'cache-control' => 'max-age=0',
  'upgrade-insecure-requests' => '1',
  'user-agent' => 'Mozilla/5.0 (Windows NT 10.0; WOW64) AppleWebKit/537.36 (KHTML, like Gecko) Chrome/68.0.3440.106 Safari/537.36',
  'accept' => 'text/html,application/xhtml+xml,application/xml;q=0.9,image/webp,image/apng,*/*;q=0.8',
  'accept-encoding' => 'gzip, deflate',
  'accept-language' => 'zh-CN,zh;q=0.9',
  'cookie' => 'thinkphp_show_page_trace=0|0; admin_username=admin; thinkphp_show_page_trace=0|0; PHPSESSID=0a5gs3oc6r7n5f0m00ru8t51r9',
)
[ info ] [ PARAM ] array (
)
[ info ] [ LANG ] D:\workspace\www\ac_fun\public\api/../../simplewind/cmf/lang\zh-cn.php
[ info ] [ BEHAVIOR ] Run cmf\behavior\LangBehavior @app_begin [ RunTime:0.000884s ]
[ info ] [ RUN ] api\wxapp\controller\PublicController->setUserToken[ D:\workspace\www\ac_fun\api\wxapp\controller\PublicController.php ]
[ info ] [ LOG ] INIT File
[ error ] [2]call_user_func_array() expects parameter 1 to be a valid callback, first array member is not a valid class name or object[D:\workspace\www\ac_fun\api\common\RedisModel\BaseRedisModel.php:21]
---------------------------------------------------------------
[ 2018-08-30T01:46:25+08:00 ] 127.0.0.1 GET /api/wxapp/public/setUserToken
[ info ] ac.com/api/wxapp/public/setUserToken [运行时间：0.035352s][吞吐率：28.29req/s] [内存消耗：2,035.42kb] [文件加载：58]
[ info ] [ CACHE ] INIT File
[ info ] [ BEHAVIOR ] Run cmf\behavior\InitHookBehavior @app_init [ RunTime:0.002383s ]
[ info ] [ LANG ] D:\workspace\www\ac_fun\simplewind\thinkphp\lang\zh-cn.php
[ info ] [ ROUTE ] array (
  'type' => 'module',
  'module' => 
  array (
    0 => 'wxapp',
    1 => 'public',
    2 => 'setUserToken',
  ),
)
[ info ] [ HEADER ] array (
  'host' => 'ac.com',
  'connection' => 'keep-alive',
  'cache-control' => 'max-age=0',
  'upgrade-insecure-requests' => '1',
  'user-agent' => 'Mozilla/5.0 (Windows NT 10.0; WOW64) AppleWebKit/537.36 (KHTML, like Gecko) Chrome/68.0.3440.106 Safari/537.36',
  'accept' => 'text/html,application/xhtml+xml,application/xml;q=0.9,image/webp,image/apng,*/*;q=0.8',
  'accept-encoding' => 'gzip, deflate',
  'accept-language' => 'zh-CN,zh;q=0.9',
  'cookie' => 'thinkphp_show_page_trace=0|0; admin_username=admin; thinkphp_show_page_trace=0|0; PHPSESSID=0a5gs3oc6r7n5f0m00ru8t51r9',
)
[ info ] [ PARAM ] array (
)
[ info ] [ LANG ] D:\workspace\www\ac_fun\public\api/../../simplewind/cmf/lang\zh-cn.php
[ info ] [ BEHAVIOR ] Run cmf\behavior\LangBehavior @app_begin [ RunTime:0.001591s ]
[ info ] [ RUN ] api\wxapp\controller\PublicController->setUserToken[ D:\workspace\www\ac_fun\api\wxapp\controller\PublicController.php ]
[ info ] [ LOG ] INIT File
[ error ] [2]call_user_func_array() expects parameter 1 to be a valid callback, first array member is not a valid class name or object[D:\workspace\www\ac_fun\api\common\RedisModel\BaseRedisModel.php:21]
---------------------------------------------------------------
[ 2018-08-30T01:46:25+08:00 ] 127.0.0.1 GET /api/wxapp/public/setUserToken
[ info ] ac.com/api/wxapp/public/setUserToken [运行时间：0.035556s][吞吐率：28.12req/s] [内存消耗：2,035.42kb] [文件加载：58]
[ info ] [ CACHE ] INIT File
[ info ] [ BEHAVIOR ] Run cmf\behavior\InitHookBehavior @app_init [ RunTime:0.001995s ]
[ info ] [ LANG ] D:\workspace\www\ac_fun\simplewind\thinkphp\lang\zh-cn.php
[ info ] [ ROUTE ] array (
  'type' => 'module',
  'module' => 
  array (
    0 => 'wxapp',
    1 => 'public',
    2 => 'setUserToken',
  ),
)
[ info ] [ HEADER ] array (
  'host' => 'ac.com',
  'connection' => 'keep-alive',
  'cache-control' => 'max-age=0',
  'upgrade-insecure-requests' => '1',
  'user-agent' => 'Mozilla/5.0 (Windows NT 10.0; WOW64) AppleWebKit/537.36 (KHTML, like Gecko) Chrome/68.0.3440.106 Safari/537.36',
  'accept' => 'text/html,application/xhtml+xml,application/xml;q=0.9,image/webp,image/apng,*/*;q=0.8',
  'accept-encoding' => 'gzip, deflate',
  'accept-language' => 'zh-CN,zh;q=0.9',
  'cookie' => 'thinkphp_show_page_trace=0|0; admin_username=admin; thinkphp_show_page_trace=0|0; PHPSESSID=0a5gs3oc6r7n5f0m00ru8t51r9',
)
[ info ] [ PARAM ] array (
)
[ info ] [ LANG ] D:\workspace\www\ac_fun\public\api/../../simplewind/cmf/lang\zh-cn.php
[ info ] [ BEHAVIOR ] Run cmf\behavior\LangBehavior @app_begin [ RunTime:0.000744s ]
[ info ] [ RUN ] api\wxapp\controller\PublicController->setUserToken[ D:\workspace\www\ac_fun\api\wxapp\controller\PublicController.php ]
[ info ] [ LOG ] INIT File
[ error ] [2]call_user_func_array() expects parameter 1 to be a valid callback, first array member is not a valid class name or object[D:\workspace\www\ac_fun\api\common\RedisModel\BaseRedisModel.php:21]
---------------------------------------------------------------
[ 2018-08-30T01:46:26+08:00 ] 127.0.0.1 GET /api/wxapp/public/setUserToken
[ info ] ac.com/api/wxapp/public/setUserToken [运行时间：0.036122s][吞吐率：27.68req/s] [内存消耗：2,035.42kb] [文件加载：58]
[ info ] [ CACHE ] INIT File
[ info ] [ BEHAVIOR ] Run cmf\behavior\InitHookBehavior @app_init [ RunTime:0.002006s ]
[ info ] [ LANG ] D:\workspace\www\ac_fun\simplewind\thinkphp\lang\zh-cn.php
[ info ] [ ROUTE ] array (
  'type' => 'module',
  'module' => 
  array (
    0 => 'wxapp',
    1 => 'public',
    2 => 'setUserToken',
  ),
)
[ info ] [ HEADER ] array (
  'host' => 'ac.com',
  'connection' => 'keep-alive',
  'cache-control' => 'max-age=0',
  'upgrade-insecure-requests' => '1',
  'user-agent' => 'Mozilla/5.0 (Windows NT 10.0; WOW64) AppleWebKit/537.36 (KHTML, like Gecko) Chrome/68.0.3440.106 Safari/537.36',
  'accept' => 'text/html,application/xhtml+xml,application/xml;q=0.9,image/webp,image/apng,*/*;q=0.8',
  'accept-encoding' => 'gzip, deflate',
  'accept-language' => 'zh-CN,zh;q=0.9',
  'cookie' => 'thinkphp_show_page_trace=0|0; admin_username=admin; thinkphp_show_page_trace=0|0; PHPSESSID=0a5gs3oc6r7n5f0m00ru8t51r9',
)
[ info ] [ PARAM ] array (
)
[ info ] [ LANG ] D:\workspace\www\ac_fun\public\api/../../simplewind/cmf/lang\zh-cn.php
[ info ] [ BEHAVIOR ] Run cmf\behavior\LangBehavior @app_begin [ RunTime:0.001163s ]
[ info ] [ RUN ] api\wxapp\controller\PublicController->setUserToken[ D:\workspace\www\ac_fun\api\wxapp\controller\PublicController.php ]
[ info ] [ LOG ] INIT File
[ error ] [2]call_user_func_array() expects parameter 1 to be a valid callback, first array member is not a valid class name or object[D:\workspace\www\ac_fun\api\common\RedisModel\BaseRedisModel.php:21]
---------------------------------------------------------------
[ 2018-08-30T01:46:26+08:00 ] 127.0.0.1 GET /api/wxapp/public/setUserToken
[ info ] ac.com/api/wxapp/public/setUserToken [运行时间：0.035162s][吞吐率：28.44req/s] [内存消耗：2,035.42kb] [文件加载：58]
[ info ] [ CACHE ] INIT File
[ info ] [ BEHAVIOR ] Run cmf\behavior\InitHookBehavior @app_init [ RunTime:0.001951s ]
[ info ] [ LANG ] D:\workspace\www\ac_fun\simplewind\thinkphp\lang\zh-cn.php
[ info ] [ ROUTE ] array (
  'type' => 'module',
  'module' => 
  array (
    0 => 'wxapp',
    1 => 'public',
    2 => 'setUserToken',
  ),
)
[ info ] [ HEADER ] array (
  'host' => 'ac.com',
  'connection' => 'keep-alive',
  'cache-control' => 'max-age=0',
  'upgrade-insecure-requests' => '1',
  'user-agent' => 'Mozilla/5.0 (Windows NT 10.0; WOW64) AppleWebKit/537.36 (KHTML, like Gecko) Chrome/68.0.3440.106 Safari/537.36',
  'accept' => 'text/html,application/xhtml+xml,application/xml;q=0.9,image/webp,image/apng,*/*;q=0.8',
  'accept-encoding' => 'gzip, deflate',
  'accept-language' => 'zh-CN,zh;q=0.9',
  'cookie' => 'thinkphp_show_page_trace=0|0; admin_username=admin; thinkphp_show_page_trace=0|0; PHPSESSID=0a5gs3oc6r7n5f0m00ru8t51r9',
)
[ info ] [ PARAM ] array (
)
[ info ] [ LANG ] D:\workspace\www\ac_fun\public\api/../../simplewind/cmf/lang\zh-cn.php
[ info ] [ BEHAVIOR ] Run cmf\behavior\LangBehavior @app_begin [ RunTime:0.000775s ]
[ info ] [ RUN ] api\wxapp\controller\PublicController->setUserToken[ D:\workspace\www\ac_fun\api\wxapp\controller\PublicController.php ]
[ info ] [ LOG ] INIT File
[ error ] [2]call_user_func_array() expects parameter 1 to be a valid callback, first array member is not a valid class name or object[D:\workspace\www\ac_fun\api\common\RedisModel\BaseRedisModel.php:21]
---------------------------------------------------------------
[ 2018-08-30T01:46:26+08:00 ] 127.0.0.1 GET /api/wxapp/public/setUserToken
[ info ] ac.com/api/wxapp/public/setUserToken [运行时间：0.048884s][吞吐率：20.46req/s] [内存消耗：2,035.42kb] [文件加载：58]
[ info ] [ CACHE ] INIT File
[ info ] [ BEHAVIOR ] Run cmf\behavior\InitHookBehavior @app_init [ RunTime:0.002435s ]
[ info ] [ LANG ] D:\workspace\www\ac_fun\simplewind\thinkphp\lang\zh-cn.php
[ info ] [ ROUTE ] array (
  'type' => 'module',
  'module' => 
  array (
    0 => 'wxapp',
    1 => 'public',
    2 => 'setUserToken',
  ),
)
[ info ] [ HEADER ] array (
  'host' => 'ac.com',
  'connection' => 'keep-alive',
  'cache-control' => 'max-age=0',
  'upgrade-insecure-requests' => '1',
  'user-agent' => 'Mozilla/5.0 (Windows NT 10.0; WOW64) AppleWebKit/537.36 (KHTML, like Gecko) Chrome/68.0.3440.106 Safari/537.36',
  'accept' => 'text/html,application/xhtml+xml,application/xml;q=0.9,image/webp,image/apng,*/*;q=0.8',
  'accept-encoding' => 'gzip, deflate',
  'accept-language' => 'zh-CN,zh;q=0.9',
  'cookie' => 'thinkphp_show_page_trace=0|0; admin_username=admin; thinkphp_show_page_trace=0|0; PHPSESSID=0a5gs3oc6r7n5f0m00ru8t51r9',
)
[ info ] [ PARAM ] array (
)
[ info ] [ LANG ] D:\workspace\www\ac_fun\public\api/../../simplewind/cmf/lang\zh-cn.php
[ info ] [ BEHAVIOR ] Run cmf\behavior\LangBehavior @app_begin [ RunTime:0.000740s ]
[ info ] [ RUN ] api\wxapp\controller\PublicController->setUserToken[ D:\workspace\www\ac_fun\api\wxapp\controller\PublicController.php ]
[ info ] [ LOG ] INIT File
[ error ] [2]call_user_func_array() expects parameter 1 to be a valid callback, first array member is not a valid class name or object[D:\workspace\www\ac_fun\api\common\RedisModel\BaseRedisModel.php:21]
---------------------------------------------------------------
[ 2018-08-30T01:46:26+08:00 ] 127.0.0.1 GET /api/wxapp/public/setUserToken
[ info ] ac.com/api/wxapp/public/setUserToken [运行时间：0.041877s][吞吐率：23.88req/s] [内存消耗：2,035.42kb] [文件加载：58]
[ info ] [ CACHE ] INIT File
[ info ] [ BEHAVIOR ] Run cmf\behavior\InitHookBehavior @app_init [ RunTime:0.002387s ]
[ info ] [ LANG ] D:\workspace\www\ac_fun\simplewind\thinkphp\lang\zh-cn.php
[ info ] [ ROUTE ] array (
  'type' => 'module',
  'module' => 
  array (
    0 => 'wxapp',
    1 => 'public',
    2 => 'setUserToken',
  ),
)
[ info ] [ HEADER ] array (
  'host' => 'ac.com',
  'connection' => 'keep-alive',
  'cache-control' => 'max-age=0',
  'upgrade-insecure-requests' => '1',
  'user-agent' => 'Mozilla/5.0 (Windows NT 10.0; WOW64) AppleWebKit/537.36 (KHTML, like Gecko) Chrome/68.0.3440.106 Safari/537.36',
  'accept' => 'text/html,application/xhtml+xml,application/xml;q=0.9,image/webp,image/apng,*/*;q=0.8',
  'accept-encoding' => 'gzip, deflate',
  'accept-language' => 'zh-CN,zh;q=0.9',
  'cookie' => 'thinkphp_show_page_trace=0|0; admin_username=admin; thinkphp_show_page_trace=0|0; PHPSESSID=0a5gs3oc6r7n5f0m00ru8t51r9',
)
[ info ] [ PARAM ] array (
)
[ info ] [ LANG ] D:\workspace\www\ac_fun\public\api/../../simplewind/cmf/lang\zh-cn.php
[ info ] [ BEHAVIOR ] Run cmf\behavior\LangBehavior @app_begin [ RunTime:0.000762s ]
[ info ] [ RUN ] api\wxapp\controller\PublicController->setUserToken[ D:\workspace\www\ac_fun\api\wxapp\controller\PublicController.php ]
[ info ] [ LOG ] INIT File
[ error ] [2]call_user_func_array() expects parameter 1 to be a valid callback, first array member is not a valid class name or object[D:\workspace\www\ac_fun\api\common\RedisModel\BaseRedisModel.php:21]
---------------------------------------------------------------
[ 2018-08-30T01:46:26+08:00 ] 127.0.0.1 GET /api/wxapp/public/setUserToken
[ info ] ac.com/api/wxapp/public/setUserToken [运行时间：0.033356s][吞吐率：29.98req/s] [内存消耗：2,035.42kb] [文件加载：58]
[ info ] [ CACHE ] INIT File
[ info ] [ BEHAVIOR ] Run cmf\behavior\InitHookBehavior @app_init [ RunTime:0.002023s ]
[ info ] [ LANG ] D:\workspace\www\ac_fun\simplewind\thinkphp\lang\zh-cn.php
[ info ] [ ROUTE ] array (
  'type' => 'module',
  'module' => 
  array (
    0 => 'wxapp',
    1 => 'public',
    2 => 'setUserToken',
  ),
)
[ info ] [ HEADER ] array (
  'host' => 'ac.com',
  'connection' => 'keep-alive',
  'cache-control' => 'max-age=0',
  'upgrade-insecure-requests' => '1',
  'user-agent' => 'Mozilla/5.0 (Windows NT 10.0; WOW64) AppleWebKit/537.36 (KHTML, like Gecko) Chrome/68.0.3440.106 Safari/537.36',
  'accept' => 'text/html,application/xhtml+xml,application/xml;q=0.9,image/webp,image/apng,*/*;q=0.8',
  'accept-encoding' => 'gzip, deflate',
  'accept-language' => 'zh-CN,zh;q=0.9',
  'cookie' => 'thinkphp_show_page_trace=0|0; admin_username=admin; thinkphp_show_page_trace=0|0; PHPSESSID=0a5gs3oc6r7n5f0m00ru8t51r9',
)
[ info ] [ PARAM ] array (
)
[ info ] [ LANG ] D:\workspace\www\ac_fun\public\api/../../simplewind/cmf/lang\zh-cn.php
[ info ] [ BEHAVIOR ] Run cmf\behavior\LangBehavior @app_begin [ RunTime:0.000768s ]
[ info ] [ RUN ] api\wxapp\controller\PublicController->setUserToken[ D:\workspace\www\ac_fun\api\wxapp\controller\PublicController.php ]
[ info ] [ LOG ] INIT File
[ error ] [2]call_user_func_array() expects parameter 1 to be a valid callback, first array member is not a valid class name or object[D:\workspace\www\ac_fun\api\common\RedisModel\BaseRedisModel.php:21]
---------------------------------------------------------------
[ 2018-08-30T01:46:27+08:00 ] 127.0.0.1 GET /api/wxapp/public/setUserToken
[ info ] ac.com/api/wxapp/public/setUserToken [运行时间：0.032766s][吞吐率：30.52req/s] [内存消耗：2,035.42kb] [文件加载：58]
[ info ] [ CACHE ] INIT File
[ info ] [ BEHAVIOR ] Run cmf\behavior\InitHookBehavior @app_init [ RunTime:0.001981s ]
[ info ] [ LANG ] D:\workspace\www\ac_fun\simplewind\thinkphp\lang\zh-cn.php
[ info ] [ ROUTE ] array (
  'type' => 'module',
  'module' => 
  array (
    0 => 'wxapp',
    1 => 'public',
    2 => 'setUserToken',
  ),
)
[ info ] [ HEADER ] array (
  'host' => 'ac.com',
  'connection' => 'keep-alive',
  'cache-control' => 'max-age=0',
  'upgrade-insecure-requests' => '1',
  'user-agent' => 'Mozilla/5.0 (Windows NT 10.0; WOW64) AppleWebKit/537.36 (KHTML, like Gecko) Chrome/68.0.3440.106 Safari/537.36',
  'accept' => 'text/html,application/xhtml+xml,application/xml;q=0.9,image/webp,image/apng,*/*;q=0.8',
  'accept-encoding' => 'gzip, deflate',
  'accept-language' => 'zh-CN,zh;q=0.9',
  'cookie' => 'thinkphp_show_page_trace=0|0; admin_username=admin; thinkphp_show_page_trace=0|0; PHPSESSID=0a5gs3oc6r7n5f0m00ru8t51r9',
)
[ info ] [ PARAM ] array (
)
[ info ] [ LANG ] D:\workspace\www\ac_fun\public\api/../../simplewind/cmf/lang\zh-cn.php
[ info ] [ BEHAVIOR ] Run cmf\behavior\LangBehavior @app_begin [ RunTime:0.001116s ]
[ info ] [ RUN ] api\wxapp\controller\PublicController->setUserToken[ D:\workspace\www\ac_fun\api\wxapp\controller\PublicController.php ]
[ info ] [ LOG ] INIT File
[ error ] [2]call_user_func_array() expects parameter 1 to be a valid callback, first array member is not a valid class name or object[D:\workspace\www\ac_fun\api\common\RedisModel\BaseRedisModel.php:21]
---------------------------------------------------------------
[ 2018-08-30T01:46:27+08:00 ] 127.0.0.1 GET /api/wxapp/public/setUserToken
[ info ] ac.com/api/wxapp/public/setUserToken [运行时间：0.036800s][吞吐率：27.17req/s] [内存消耗：2,035.42kb] [文件加载：58]
[ info ] [ CACHE ] INIT File
[ info ] [ BEHAVIOR ] Run cmf\behavior\InitHookBehavior @app_init [ RunTime:0.002563s ]
[ info ] [ LANG ] D:\workspace\www\ac_fun\simplewind\thinkphp\lang\zh-cn.php
[ info ] [ ROUTE ] array (
  'type' => 'module',
  'module' => 
  array (
    0 => 'wxapp',
    1 => 'public',
    2 => 'setUserToken',
  ),
)
[ info ] [ HEADER ] array (
  'host' => 'ac.com',
  'connection' => 'keep-alive',
  'cache-control' => 'max-age=0',
  'upgrade-insecure-requests' => '1',
  'user-agent' => 'Mozilla/5.0 (Windows NT 10.0; WOW64) AppleWebKit/537.36 (KHTML, like Gecko) Chrome/68.0.3440.106 Safari/537.36',
  'accept' => 'text/html,application/xhtml+xml,application/xml;q=0.9,image/webp,image/apng,*/*;q=0.8',
  'accept-encoding' => 'gzip, deflate',
  'accept-language' => 'zh-CN,zh;q=0.9',
  'cookie' => 'thinkphp_show_page_trace=0|0; admin_username=admin; thinkphp_show_page_trace=0|0; PHPSESSID=0a5gs3oc6r7n5f0m00ru8t51r9',
)
[ info ] [ PARAM ] array (
)
[ info ] [ LANG ] D:\workspace\www\ac_fun\public\api/../../simplewind/cmf/lang\zh-cn.php
[ info ] [ BEHAVIOR ] Run cmf\behavior\LangBehavior @app_begin [ RunTime:0.000812s ]
[ info ] [ RUN ] api\wxapp\controller\PublicController->setUserToken[ D:\workspace\www\ac_fun\api\wxapp\controller\PublicController.php ]
[ info ] [ LOG ] INIT File
[ error ] [2]call_user_func_array() expects parameter 1 to be a valid callback, first array member is not a valid class name or object[D:\workspace\www\ac_fun\api\common\RedisModel\BaseRedisModel.php:21]
---------------------------------------------------------------
[ 2018-08-30T01:46:27+08:00 ] 127.0.0.1 GET /api/wxapp/public/setUserToken
[ info ] ac.com/api/wxapp/public/setUserToken [运行时间：0.032118s][吞吐率：31.14req/s] [内存消耗：2,035.42kb] [文件加载：58]
[ info ] [ CACHE ] INIT File
[ info ] [ BEHAVIOR ] Run cmf\behavior\InitHookBehavior @app_init [ RunTime:0.001994s ]
[ info ] [ LANG ] D:\workspace\www\ac_fun\simplewind\thinkphp\lang\zh-cn.php
[ info ] [ ROUTE ] array (
  'type' => 'module',
  'module' => 
  array (
    0 => 'wxapp',
    1 => 'public',
    2 => 'setUserToken',
  ),
)
[ info ] [ HEADER ] array (
  'host' => 'ac.com',
  'connection' => 'keep-alive',
  'cache-control' => 'max-age=0',
  'upgrade-insecure-requests' => '1',
  'user-agent' => 'Mozilla/5.0 (Windows NT 10.0; WOW64) AppleWebKit/537.36 (KHTML, like Gecko) Chrome/68.0.3440.106 Safari/537.36',
  'accept' => 'text/html,application/xhtml+xml,application/xml;q=0.9,image/webp,image/apng,*/*;q=0.8',
  'accept-encoding' => 'gzip, deflate',
  'accept-language' => 'zh-CN,zh;q=0.9',
  'cookie' => 'thinkphp_show_page_trace=0|0; admin_username=admin; thinkphp_show_page_trace=0|0; PHPSESSID=0a5gs3oc6r7n5f0m00ru8t51r9',
)
[ info ] [ PARAM ] array (
)
[ info ] [ LANG ] D:\workspace\www\ac_fun\public\api/../../simplewind/cmf/lang\zh-cn.php
[ info ] [ BEHAVIOR ] Run cmf\behavior\LangBehavior @app_begin [ RunTime:0.000786s ]
[ info ] [ RUN ] api\wxapp\controller\PublicController->setUserToken[ D:\workspace\www\ac_fun\api\wxapp\controller\PublicController.php ]
[ info ] [ LOG ] INIT File
[ error ] [2]call_user_func_array() expects parameter 1 to be a valid callback, first array member is not a valid class name or object[D:\workspace\www\ac_fun\api\common\RedisModel\BaseRedisModel.php:21]
---------------------------------------------------------------
[ 2018-08-30T01:46:27+08:00 ] 127.0.0.1 GET /api/wxapp/public/setUserToken
[ info ] ac.com/api/wxapp/public/setUserToken [运行时间：0.032070s][吞吐率：31.18req/s] [内存消耗：2,035.42kb] [文件加载：58]
[ info ] [ CACHE ] INIT File
[ info ] [ BEHAVIOR ] Run cmf\behavior\InitHookBehavior @app_init [ RunTime:0.002024s ]
[ info ] [ LANG ] D:\workspace\www\ac_fun\simplewind\thinkphp\lang\zh-cn.php
[ info ] [ ROUTE ] array (
  'type' => 'module',
  'module' => 
  array (
    0 => 'wxapp',
    1 => 'public',
    2 => 'setUserToken',
  ),
)
[ info ] [ HEADER ] array (
  'host' => 'ac.com',
  'connection' => 'keep-alive',
  'cache-control' => 'max-age=0',
  'upgrade-insecure-requests' => '1',
  'user-agent' => 'Mozilla/5.0 (Windows NT 10.0; WOW64) AppleWebKit/537.36 (KHTML, like Gecko) Chrome/68.0.3440.106 Safari/537.36',
  'accept' => 'text/html,application/xhtml+xml,application/xml;q=0.9,image/webp,image/apng,*/*;q=0.8',
  'accept-encoding' => 'gzip, deflate',
  'accept-language' => 'zh-CN,zh;q=0.9',
  'cookie' => 'thinkphp_show_page_trace=0|0; admin_username=admin; thinkphp_show_page_trace=0|0; PHPSESSID=0a5gs3oc6r7n5f0m00ru8t51r9',
)
[ info ] [ PARAM ] array (
)
[ info ] [ LANG ] D:\workspace\www\ac_fun\public\api/../../simplewind/cmf/lang\zh-cn.php
[ info ] [ BEHAVIOR ] Run cmf\behavior\LangBehavior @app_begin [ RunTime:0.000772s ]
[ info ] [ RUN ] api\wxapp\controller\PublicController->setUserToken[ D:\workspace\www\ac_fun\api\wxapp\controller\PublicController.php ]
[ info ] [ LOG ] INIT File
[ error ] [2]call_user_func_array() expects parameter 1 to be a valid callback, first array member is not a valid class name or object[D:\workspace\www\ac_fun\api\common\RedisModel\BaseRedisModel.php:21]
---------------------------------------------------------------
[ 2018-08-30T01:46:27+08:00 ] 127.0.0.1 GET /api/wxapp/public/setUserToken
[ info ] ac.com/api/wxapp/public/setUserToken [运行时间：0.034770s][吞吐率：28.76req/s] [内存消耗：2,035.42kb] [文件加载：58]
[ info ] [ CACHE ] INIT File
[ info ] [ BEHAVIOR ] Run cmf\behavior\InitHookBehavior @app_init [ RunTime:0.002199s ]
[ info ] [ LANG ] D:\workspace\www\ac_fun\simplewind\thinkphp\lang\zh-cn.php
[ info ] [ ROUTE ] array (
  'type' => 'module',
  'module' => 
  array (
    0 => 'wxapp',
    1 => 'public',
    2 => 'setUserToken',
  ),
)
[ info ] [ HEADER ] array (
  'host' => 'ac.com',
  'connection' => 'keep-alive',
  'cache-control' => 'max-age=0',
  'upgrade-insecure-requests' => '1',
  'user-agent' => 'Mozilla/5.0 (Windows NT 10.0; WOW64) AppleWebKit/537.36 (KHTML, like Gecko) Chrome/68.0.3440.106 Safari/537.36',
  'accept' => 'text/html,application/xhtml+xml,application/xml;q=0.9,image/webp,image/apng,*/*;q=0.8',
  'accept-encoding' => 'gzip, deflate',
  'accept-language' => 'zh-CN,zh;q=0.9',
  'cookie' => 'thinkphp_show_page_trace=0|0; admin_username=admin; thinkphp_show_page_trace=0|0; PHPSESSID=0a5gs3oc6r7n5f0m00ru8t51r9',
)
[ info ] [ PARAM ] array (
)
[ info ] [ LANG ] D:\workspace\www\ac_fun\public\api/../../simplewind/cmf/lang\zh-cn.php
[ info ] [ BEHAVIOR ] Run cmf\behavior\LangBehavior @app_begin [ RunTime:0.000782s ]
[ info ] [ RUN ] api\wxapp\controller\PublicController->setUserToken[ D:\workspace\www\ac_fun\api\wxapp\controller\PublicController.php ]
[ info ] [ LOG ] INIT File
[ error ] [2]call_user_func_array() expects parameter 1 to be a valid callback, first array member is not a valid class name or object[D:\workspace\www\ac_fun\api\common\RedisModel\BaseRedisModel.php:21]
---------------------------------------------------------------
[ 2018-08-30T01:46:28+08:00 ] 127.0.0.1 GET /api/wxapp/public/setUserToken
[ info ] ac.com/api/wxapp/public/setUserToken [运行时间：0.040646s][吞吐率：24.60req/s] [内存消耗：2,035.42kb] [文件加载：58]
[ info ] [ CACHE ] INIT File
[ info ] [ BEHAVIOR ] Run cmf\behavior\InitHookBehavior @app_init [ RunTime:0.002285s ]
[ info ] [ LANG ] D:\workspace\www\ac_fun\simplewind\thinkphp\lang\zh-cn.php
[ info ] [ ROUTE ] array (
  'type' => 'module',
  'module' => 
  array (
    0 => 'wxapp',
    1 => 'public',
    2 => 'setUserToken',
  ),
)
[ info ] [ HEADER ] array (
  'host' => 'ac.com',
  'connection' => 'keep-alive',
  'cache-control' => 'max-age=0',
  'upgrade-insecure-requests' => '1',
  'user-agent' => 'Mozilla/5.0 (Windows NT 10.0; WOW64) AppleWebKit/537.36 (KHTML, like Gecko) Chrome/68.0.3440.106 Safari/537.36',
  'accept' => 'text/html,application/xhtml+xml,application/xml;q=0.9,image/webp,image/apng,*/*;q=0.8',
  'accept-encoding' => 'gzip, deflate',
  'accept-language' => 'zh-CN,zh;q=0.9',
  'cookie' => 'thinkphp_show_page_trace=0|0; admin_username=admin; thinkphp_show_page_trace=0|0; PHPSESSID=0a5gs3oc6r7n5f0m00ru8t51r9',
)
[ info ] [ PARAM ] array (
)
[ info ] [ LANG ] D:\workspace\www\ac_fun\public\api/../../simplewind/cmf/lang\zh-cn.php
[ info ] [ BEHAVIOR ] Run cmf\behavior\LangBehavior @app_begin [ RunTime:0.000783s ]
[ info ] [ RUN ] api\wxapp\controller\PublicController->setUserToken[ D:\workspace\www\ac_fun\api\wxapp\controller\PublicController.php ]
[ info ] [ LOG ] INIT File
[ error ] [2]call_user_func_array() expects parameter 1 to be a valid callback, first array member is not a valid class name or object[D:\workspace\www\ac_fun\api\common\RedisModel\BaseRedisModel.php:21]
---------------------------------------------------------------
[ 2018-08-30T01:46:28+08:00 ] 127.0.0.1 GET /api/wxapp/public/setUserToken
[ info ] ac.com/api/wxapp/public/setUserToken [运行时间：0.034740s][吞吐率：28.79req/s] [内存消耗：2,035.42kb] [文件加载：58]
[ info ] [ CACHE ] INIT File
[ info ] [ BEHAVIOR ] Run cmf\behavior\InitHookBehavior @app_init [ RunTime:0.002006s ]
[ info ] [ LANG ] D:\workspace\www\ac_fun\simplewind\thinkphp\lang\zh-cn.php
[ info ] [ ROUTE ] array (
  'type' => 'module',
  'module' => 
  array (
    0 => 'wxapp',
    1 => 'public',
    2 => 'setUserToken',
  ),
)
[ info ] [ HEADER ] array (
  'host' => 'ac.com',
  'connection' => 'keep-alive',
  'cache-control' => 'max-age=0',
  'upgrade-insecure-requests' => '1',
  'user-agent' => 'Mozilla/5.0 (Windows NT 10.0; WOW64) AppleWebKit/537.36 (KHTML, like Gecko) Chrome/68.0.3440.106 Safari/537.36',
  'accept' => 'text/html,application/xhtml+xml,application/xml;q=0.9,image/webp,image/apng,*/*;q=0.8',
  'accept-encoding' => 'gzip, deflate',
  'accept-language' => 'zh-CN,zh;q=0.9',
  'cookie' => 'thinkphp_show_page_trace=0|0; admin_username=admin; thinkphp_show_page_trace=0|0; PHPSESSID=0a5gs3oc6r7n5f0m00ru8t51r9',
)
[ info ] [ PARAM ] array (
)
[ info ] [ LANG ] D:\workspace\www\ac_fun\public\api/../../simplewind/cmf/lang\zh-cn.php
[ info ] [ BEHAVIOR ] Run cmf\behavior\LangBehavior @app_begin [ RunTime:0.000768s ]
[ info ] [ RUN ] api\wxapp\controller\PublicController->setUserToken[ D:\workspace\www\ac_fun\api\wxapp\controller\PublicController.php ]
[ info ] [ LOG ] INIT File
[ error ] [2]call_user_func_array() expects parameter 1 to be a valid callback, first array member is not a valid class name or object[D:\workspace\www\ac_fun\api\common\RedisModel\BaseRedisModel.php:21]
---------------------------------------------------------------
[ 2018-08-30T01:46:28+08:00 ] 127.0.0.1 GET /api/wxapp/public/setUserToken
[ info ] ac.com/api/wxapp/public/setUserToken [运行时间：0.039842s][吞吐率：25.10req/s] [内存消耗：2,035.42kb] [文件加载：58]
[ info ] [ CACHE ] INIT File
[ info ] [ BEHAVIOR ] Run cmf\behavior\InitHookBehavior @app_init [ RunTime:0.002086s ]
[ info ] [ LANG ] D:\workspace\www\ac_fun\simplewind\thinkphp\lang\zh-cn.php
[ info ] [ ROUTE ] array (
  'type' => 'module',
  'module' => 
  array (
    0 => 'wxapp',
    1 => 'public',
    2 => 'setUserToken',
  ),
)
[ info ] [ HEADER ] array (
  'host' => 'ac.com',
  'connection' => 'keep-alive',
  'cache-control' => 'max-age=0',
  'upgrade-insecure-requests' => '1',
  'user-agent' => 'Mozilla/5.0 (Windows NT 10.0; WOW64) AppleWebKit/537.36 (KHTML, like Gecko) Chrome/68.0.3440.106 Safari/537.36',
  'accept' => 'text/html,application/xhtml+xml,application/xml;q=0.9,image/webp,image/apng,*/*;q=0.8',
  'accept-encoding' => 'gzip, deflate',
  'accept-language' => 'zh-CN,zh;q=0.9',
  'cookie' => 'thinkphp_show_page_trace=0|0; admin_username=admin; thinkphp_show_page_trace=0|0; PHPSESSID=0a5gs3oc6r7n5f0m00ru8t51r9',
)
[ info ] [ PARAM ] array (
)
[ info ] [ LANG ] D:\workspace\www\ac_fun\public\api/../../simplewind/cmf/lang\zh-cn.php
[ info ] [ BEHAVIOR ] Run cmf\behavior\LangBehavior @app_begin [ RunTime:0.000772s ]
[ info ] [ RUN ] api\wxapp\controller\PublicController->setUserToken[ D:\workspace\www\ac_fun\api\wxapp\controller\PublicController.php ]
[ info ] [ LOG ] INIT File
[ error ] [2]call_user_func_array() expects parameter 1 to be a valid callback, first array member is not a valid class name or object[D:\workspace\www\ac_fun\api\common\RedisModel\BaseRedisModel.php:21]
---------------------------------------------------------------
[ 2018-08-30T01:46:28+08:00 ] 127.0.0.1 GET /api/wxapp/public/setUserToken
[ info ] ac.com/api/wxapp/public/setUserToken [运行时间：0.037252s][吞吐率：26.84req/s] [内存消耗：2,035.42kb] [文件加载：58]
[ info ] [ CACHE ] INIT File
[ info ] [ BEHAVIOR ] Run cmf\behavior\InitHookBehavior @app_init [ RunTime:0.002355s ]
[ info ] [ LANG ] D:\workspace\www\ac_fun\simplewind\thinkphp\lang\zh-cn.php
[ info ] [ ROUTE ] array (
  'type' => 'module',
  'module' => 
  array (
    0 => 'wxapp',
    1 => 'public',
    2 => 'setUserToken',
  ),
)
[ info ] [ HEADER ] array (
  'host' => 'ac.com',
  'connection' => 'keep-alive',
  'cache-control' => 'max-age=0',
  'upgrade-insecure-requests' => '1',
  'user-agent' => 'Mozilla/5.0 (Windows NT 10.0; WOW64) AppleWebKit/537.36 (KHTML, like Gecko) Chrome/68.0.3440.106 Safari/537.36',
  'accept' => 'text/html,application/xhtml+xml,application/xml;q=0.9,image/webp,image/apng,*/*;q=0.8',
  'accept-encoding' => 'gzip, deflate',
  'accept-language' => 'zh-CN,zh;q=0.9',
  'cookie' => 'thinkphp_show_page_trace=0|0; admin_username=admin; thinkphp_show_page_trace=0|0; PHPSESSID=0a5gs3oc6r7n5f0m00ru8t51r9',
)
[ info ] [ PARAM ] array (
)
[ info ] [ LANG ] D:\workspace\www\ac_fun\public\api/../../simplewind/cmf/lang\zh-cn.php
[ info ] [ BEHAVIOR ] Run cmf\behavior\LangBehavior @app_begin [ RunTime:0.000773s ]
[ info ] [ RUN ] api\wxapp\controller\PublicController->setUserToken[ D:\workspace\www\ac_fun\api\wxapp\controller\PublicController.php ]
[ info ] [ LOG ] INIT File
[ error ] [2]call_user_func_array() expects parameter 1 to be a valid callback, first array member is not a valid class name or object[D:\workspace\www\ac_fun\api\common\RedisModel\BaseRedisModel.php:21]
---------------------------------------------------------------
[ 2018-08-30T01:46:28+08:00 ] 127.0.0.1 GET /api/wxapp/public/setUserToken
[ info ] ac.com/api/wxapp/public/setUserToken [运行时间：0.033026s][吞吐率：30.28req/s] [内存消耗：2,035.42kb] [文件加载：58]
[ info ] [ CACHE ] INIT File
[ info ] [ BEHAVIOR ] Run cmf\behavior\InitHookBehavior @app_init [ RunTime:0.002947s ]
[ info ] [ LANG ] D:\workspace\www\ac_fun\simplewind\thinkphp\lang\zh-cn.php
[ info ] [ ROUTE ] array (
  'type' => 'module',
  'module' => 
  array (
    0 => 'wxapp',
    1 => 'public',
    2 => 'setUserToken',
  ),
)
[ info ] [ HEADER ] array (
  'host' => 'ac.com',
  'connection' => 'keep-alive',
  'cache-control' => 'max-age=0',
  'upgrade-insecure-requests' => '1',
  'user-agent' => 'Mozilla/5.0 (Windows NT 10.0; WOW64) AppleWebKit/537.36 (KHTML, like Gecko) Chrome/68.0.3440.106 Safari/537.36',
  'accept' => 'text/html,application/xhtml+xml,application/xml;q=0.9,image/webp,image/apng,*/*;q=0.8',
  'accept-encoding' => 'gzip, deflate',
  'accept-language' => 'zh-CN,zh;q=0.9',
  'cookie' => 'thinkphp_show_page_trace=0|0; admin_username=admin; thinkphp_show_page_trace=0|0; PHPSESSID=0a5gs3oc6r7n5f0m00ru8t51r9',
)
[ info ] [ PARAM ] array (
)
[ info ] [ LANG ] D:\workspace\www\ac_fun\public\api/../../simplewind/cmf/lang\zh-cn.php
[ info ] [ BEHAVIOR ] Run cmf\behavior\LangBehavior @app_begin [ RunTime:0.000753s ]
[ info ] [ RUN ] api\wxapp\controller\PublicController->setUserToken[ D:\workspace\www\ac_fun\api\wxapp\controller\PublicController.php ]
[ info ] [ LOG ] INIT File
[ error ] [2]call_user_func_array() expects parameter 1 to be a valid callback, first array member is not a valid class name or object[D:\workspace\www\ac_fun\api\common\RedisModel\BaseRedisModel.php:21]
---------------------------------------------------------------
[ 2018-08-30T01:46:29+08:00 ] 127.0.0.1 GET /api/wxapp/public/setUserToken
[ info ] ac.com/api/wxapp/public/setUserToken [运行时间：0.032773s][吞吐率：30.51req/s] [内存消耗：2,035.42kb] [文件加载：58]
[ info ] [ CACHE ] INIT File
[ info ] [ BEHAVIOR ] Run cmf\behavior\InitHookBehavior @app_init [ RunTime:0.003076s ]
[ info ] [ LANG ] D:\workspace\www\ac_fun\simplewind\thinkphp\lang\zh-cn.php
[ info ] [ ROUTE ] array (
  'type' => 'module',
  'module' => 
  array (
    0 => 'wxapp',
    1 => 'public',
    2 => 'setUserToken',
  ),
)
[ info ] [ HEADER ] array (
  'host' => 'ac.com',
  'connection' => 'keep-alive',
  'cache-control' => 'max-age=0',
  'upgrade-insecure-requests' => '1',
  'user-agent' => 'Mozilla/5.0 (Windows NT 10.0; WOW64) AppleWebKit/537.36 (KHTML, like Gecko) Chrome/68.0.3440.106 Safari/537.36',
  'accept' => 'text/html,application/xhtml+xml,application/xml;q=0.9,image/webp,image/apng,*/*;q=0.8',
  'accept-encoding' => 'gzip, deflate',
  'accept-language' => 'zh-CN,zh;q=0.9',
  'cookie' => 'thinkphp_show_page_trace=0|0; admin_username=admin; thinkphp_show_page_trace=0|0; PHPSESSID=0a5gs3oc6r7n5f0m00ru8t51r9',
)
[ info ] [ PARAM ] array (
)
[ info ] [ LANG ] D:\workspace\www\ac_fun\public\api/../../simplewind/cmf/lang\zh-cn.php
[ info ] [ BEHAVIOR ] Run cmf\behavior\LangBehavior @app_begin [ RunTime:0.000819s ]
[ info ] [ RUN ] api\wxapp\controller\PublicController->setUserToken[ D:\workspace\www\ac_fun\api\wxapp\controller\PublicController.php ]
[ info ] [ LOG ] INIT File
[ error ] [2]call_user_func_array() expects parameter 1 to be a valid callback, first array member is not a valid class name or object[D:\workspace\www\ac_fun\api\common\RedisModel\BaseRedisModel.php:21]
---------------------------------------------------------------
[ 2018-08-30T01:46:29+08:00 ] 127.0.0.1 GET /api/wxapp/public/setUserToken
[ info ] ac.com/api/wxapp/public/setUserToken [运行时间：0.036064s][吞吐率：27.73req/s] [内存消耗：2,035.42kb] [文件加载：58]
[ info ] [ CACHE ] INIT File
[ info ] [ BEHAVIOR ] Run cmf\behavior\InitHookBehavior @app_init [ RunTime:0.002362s ]
[ info ] [ LANG ] D:\workspace\www\ac_fun\simplewind\thinkphp\lang\zh-cn.php
[ info ] [ ROUTE ] array (
  'type' => 'module',
  'module' => 
  array (
    0 => 'wxapp',
    1 => 'public',
    2 => 'setUserToken',
  ),
)
[ info ] [ HEADER ] array (
  'host' => 'ac.com',
  'connection' => 'keep-alive',
  'cache-control' => 'max-age=0',
  'upgrade-insecure-requests' => '1',
  'user-agent' => 'Mozilla/5.0 (Windows NT 10.0; WOW64) AppleWebKit/537.36 (KHTML, like Gecko) Chrome/68.0.3440.106 Safari/537.36',
  'accept' => 'text/html,application/xhtml+xml,application/xml;q=0.9,image/webp,image/apng,*/*;q=0.8',
  'accept-encoding' => 'gzip, deflate',
  'accept-language' => 'zh-CN,zh;q=0.9',
  'cookie' => 'thinkphp_show_page_trace=0|0; admin_username=admin; thinkphp_show_page_trace=0|0; PHPSESSID=0a5gs3oc6r7n5f0m00ru8t51r9',
)
[ info ] [ PARAM ] array (
)
[ info ] [ LANG ] D:\workspace\www\ac_fun\public\api/../../simplewind/cmf/lang\zh-cn.php
[ info ] [ BEHAVIOR ] Run cmf\behavior\LangBehavior @app_begin [ RunTime:0.000773s ]
[ info ] [ RUN ] api\wxapp\controller\PublicController->setUserToken[ D:\workspace\www\ac_fun\api\wxapp\controller\PublicController.php ]
[ info ] [ LOG ] INIT File
[ error ] [2]call_user_func_array() expects parameter 1 to be a valid callback, first array member is not a valid class name or object[D:\workspace\www\ac_fun\api\common\RedisModel\BaseRedisModel.php:21]
---------------------------------------------------------------
[ 2018-08-30T01:46:29+08:00 ] 127.0.0.1 GET /api/wxapp/public/setUserToken
[ info ] ac.com/api/wxapp/public/setUserToken [运行时间：0.041743s][吞吐率：23.96req/s] [内存消耗：2,035.42kb] [文件加载：58]
[ info ] [ CACHE ] INIT File
[ info ] [ BEHAVIOR ] Run cmf\behavior\InitHookBehavior @app_init [ RunTime:0.001977s ]
[ info ] [ LANG ] D:\workspace\www\ac_fun\simplewind\thinkphp\lang\zh-cn.php
[ info ] [ ROUTE ] array (
  'type' => 'module',
  'module' => 
  array (
    0 => 'wxapp',
    1 => 'public',
    2 => 'setUserToken',
  ),
)
[ info ] [ HEADER ] array (
  'host' => 'ac.com',
  'connection' => 'keep-alive',
  'cache-control' => 'max-age=0',
  'upgrade-insecure-requests' => '1',
  'user-agent' => 'Mozilla/5.0 (Windows NT 10.0; WOW64) AppleWebKit/537.36 (KHTML, like Gecko) Chrome/68.0.3440.106 Safari/537.36',
  'accept' => 'text/html,application/xhtml+xml,application/xml;q=0.9,image/webp,image/apng,*/*;q=0.8',
  'accept-encoding' => 'gzip, deflate',
  'accept-language' => 'zh-CN,zh;q=0.9',
  'cookie' => 'thinkphp_show_page_trace=0|0; admin_username=admin; thinkphp_show_page_trace=0|0; PHPSESSID=0a5gs3oc6r7n5f0m00ru8t51r9',
)
[ info ] [ PARAM ] array (
)
[ info ] [ LANG ] D:\workspace\www\ac_fun\public\api/../../simplewind/cmf/lang\zh-cn.php
[ info ] [ BEHAVIOR ] Run cmf\behavior\LangBehavior @app_begin [ RunTime:0.000770s ]
[ info ] [ RUN ] api\wxapp\controller\PublicController->setUserToken[ D:\workspace\www\ac_fun\api\wxapp\controller\PublicController.php ]
[ info ] [ LOG ] INIT File
[ error ] [2]call_user_func_array() expects parameter 1 to be a valid callback, first array member is not a valid class name or object[D:\workspace\www\ac_fun\api\common\RedisModel\BaseRedisModel.php:21]
---------------------------------------------------------------
[ 2018-08-30T01:46:29+08:00 ] 127.0.0.1 GET /api/wxapp/public/setUserToken
[ info ] ac.com/api/wxapp/public/setUserToken [运行时间：0.040043s][吞吐率：24.97req/s] [内存消耗：2,035.42kb] [文件加载：58]
[ info ] [ CACHE ] INIT File
[ info ] [ BEHAVIOR ] Run cmf\behavior\InitHookBehavior @app_init [ RunTime:0.002246s ]
[ info ] [ LANG ] D:\workspace\www\ac_fun\simplewind\thinkphp\lang\zh-cn.php
[ info ] [ ROUTE ] array (
  'type' => 'module',
  'module' => 
  array (
    0 => 'wxapp',
    1 => 'public',
    2 => 'setUserToken',
  ),
)
[ info ] [ HEADER ] array (
  'host' => 'ac.com',
  'connection' => 'keep-alive',
  'cache-control' => 'max-age=0',
  'upgrade-insecure-requests' => '1',
  'user-agent' => 'Mozilla/5.0 (Windows NT 10.0; WOW64) AppleWebKit/537.36 (KHTML, like Gecko) Chrome/68.0.3440.106 Safari/537.36',
  'accept' => 'text/html,application/xhtml+xml,application/xml;q=0.9,image/webp,image/apng,*/*;q=0.8',
  'accept-encoding' => 'gzip, deflate',
  'accept-language' => 'zh-CN,zh;q=0.9',
  'cookie' => 'thinkphp_show_page_trace=0|0; admin_username=admin; thinkphp_show_page_trace=0|0; PHPSESSID=0a5gs3oc6r7n5f0m00ru8t51r9',
)
[ info ] [ PARAM ] array (
)
[ info ] [ LANG ] D:\workspace\www\ac_fun\public\api/../../simplewind/cmf/lang\zh-cn.php
[ info ] [ BEHAVIOR ] Run cmf\behavior\LangBehavior @app_begin [ RunTime:0.000821s ]
[ info ] [ RUN ] api\wxapp\controller\PublicController->setUserToken[ D:\workspace\www\ac_fun\api\wxapp\controller\PublicController.php ]
[ info ] [ LOG ] INIT File
[ error ] [2]call_user_func_array() expects parameter 1 to be a valid callback, first array member is not a valid class name or object[D:\workspace\www\ac_fun\api\common\RedisModel\BaseRedisModel.php:21]
---------------------------------------------------------------
[ 2018-08-30T01:46:29+08:00 ] 127.0.0.1 GET /api/wxapp/public/setUserToken
[ info ] ac.com/api/wxapp/public/setUserToken [运行时间：0.043027s][吞吐率：23.24req/s] [内存消耗：2,035.42kb] [文件加载：58]
[ info ] [ CACHE ] INIT File
[ info ] [ BEHAVIOR ] Run cmf\behavior\InitHookBehavior @app_init [ RunTime:0.002603s ]
[ info ] [ LANG ] D:\workspace\www\ac_fun\simplewind\thinkphp\lang\zh-cn.php
[ info ] [ ROUTE ] array (
  'type' => 'module',
  'module' => 
  array (
    0 => 'wxapp',
    1 => 'public',
    2 => 'setUserToken',
  ),
)
[ info ] [ HEADER ] array (
  'host' => 'ac.com',
  'connection' => 'keep-alive',
  'cache-control' => 'max-age=0',
  'upgrade-insecure-requests' => '1',
  'user-agent' => 'Mozilla/5.0 (Windows NT 10.0; WOW64) AppleWebKit/537.36 (KHTML, like Gecko) Chrome/68.0.3440.106 Safari/537.36',
  'accept' => 'text/html,application/xhtml+xml,application/xml;q=0.9,image/webp,image/apng,*/*;q=0.8',
  'accept-encoding' => 'gzip, deflate',
  'accept-language' => 'zh-CN,zh;q=0.9',
  'cookie' => 'thinkphp_show_page_trace=0|0; admin_username=admin; thinkphp_show_page_trace=0|0; PHPSESSID=0a5gs3oc6r7n5f0m00ru8t51r9',
)
[ info ] [ PARAM ] array (
)
[ info ] [ LANG ] D:\workspace\www\ac_fun\public\api/../../simplewind/cmf/lang\zh-cn.php
[ info ] [ BEHAVIOR ] Run cmf\behavior\LangBehavior @app_begin [ RunTime:0.000778s ]
[ info ] [ RUN ] api\wxapp\controller\PublicController->setUserToken[ D:\workspace\www\ac_fun\api\wxapp\controller\PublicController.php ]
[ info ] [ LOG ] INIT File
[ error ] [2]call_user_func_array() expects parameter 1 to be a valid callback, first array member is not a valid class name or object[D:\workspace\www\ac_fun\api\common\RedisModel\BaseRedisModel.php:21]
---------------------------------------------------------------
[ 2018-08-30T01:46:30+08:00 ] 127.0.0.1 GET /api/wxapp/public/setUserToken
[ info ] ac.com/api/wxapp/public/setUserToken [运行时间：0.039452s][吞吐率：25.35req/s] [内存消耗：2,035.42kb] [文件加载：58]
[ info ] [ CACHE ] INIT File
[ info ] [ BEHAVIOR ] Run cmf\behavior\InitHookBehavior @app_init [ RunTime:0.002301s ]
[ info ] [ LANG ] D:\workspace\www\ac_fun\simplewind\thinkphp\lang\zh-cn.php
[ info ] [ ROUTE ] array (
  'type' => 'module',
  'module' => 
  array (
    0 => 'wxapp',
    1 => 'public',
    2 => 'setUserToken',
  ),
)
[ info ] [ HEADER ] array (
  'host' => 'ac.com',
  'connection' => 'keep-alive',
  'cache-control' => 'max-age=0',
  'upgrade-insecure-requests' => '1',
  'user-agent' => 'Mozilla/5.0 (Windows NT 10.0; WOW64) AppleWebKit/537.36 (KHTML, like Gecko) Chrome/68.0.3440.106 Safari/537.36',
  'accept' => 'text/html,application/xhtml+xml,application/xml;q=0.9,image/webp,image/apng,*/*;q=0.8',
  'accept-encoding' => 'gzip, deflate',
  'accept-language' => 'zh-CN,zh;q=0.9',
  'cookie' => 'thinkphp_show_page_trace=0|0; admin_username=admin; thinkphp_show_page_trace=0|0; PHPSESSID=0a5gs3oc6r7n5f0m00ru8t51r9',
)
[ info ] [ PARAM ] array (
)
[ info ] [ LANG ] D:\workspace\www\ac_fun\public\api/../../simplewind/cmf/lang\zh-cn.php
[ info ] [ BEHAVIOR ] Run cmf\behavior\LangBehavior @app_begin [ RunTime:0.000818s ]
[ info ] [ RUN ] api\wxapp\controller\PublicController->setUserToken[ D:\workspace\www\ac_fun\api\wxapp\controller\PublicController.php ]
[ info ] [ LOG ] INIT File
[ error ] [2]call_user_func_array() expects parameter 1 to be a valid callback, first array member is not a valid class name or object[D:\workspace\www\ac_fun\api\common\RedisModel\BaseRedisModel.php:21]
---------------------------------------------------------------
[ 2018-08-30T01:46:30+08:00 ] 127.0.0.1 GET /api/wxapp/public/setUserToken
[ info ] ac.com/api/wxapp/public/setUserToken [运行时间：0.037680s][吞吐率：26.54req/s] [内存消耗：2,035.42kb] [文件加载：58]
[ info ] [ CACHE ] INIT File
[ info ] [ BEHAVIOR ] Run cmf\behavior\InitHookBehavior @app_init [ RunTime:0.001992s ]
[ info ] [ LANG ] D:\workspace\www\ac_fun\simplewind\thinkphp\lang\zh-cn.php
[ info ] [ ROUTE ] array (
  'type' => 'module',
  'module' => 
  array (
    0 => 'wxapp',
    1 => 'public',
    2 => 'setUserToken',
  ),
)
[ info ] [ HEADER ] array (
  'host' => 'ac.com',
  'connection' => 'keep-alive',
  'cache-control' => 'max-age=0',
  'upgrade-insecure-requests' => '1',
  'user-agent' => 'Mozilla/5.0 (Windows NT 10.0; WOW64) AppleWebKit/537.36 (KHTML, like Gecko) Chrome/68.0.3440.106 Safari/537.36',
  'accept' => 'text/html,application/xhtml+xml,application/xml;q=0.9,image/webp,image/apng,*/*;q=0.8',
  'accept-encoding' => 'gzip, deflate',
  'accept-language' => 'zh-CN,zh;q=0.9',
  'cookie' => 'thinkphp_show_page_trace=0|0; admin_username=admin; thinkphp_show_page_trace=0|0; PHPSESSID=0a5gs3oc6r7n5f0m00ru8t51r9',
)
[ info ] [ PARAM ] array (
)
[ info ] [ LANG ] D:\workspace\www\ac_fun\public\api/../../simplewind/cmf/lang\zh-cn.php
[ info ] [ BEHAVIOR ] Run cmf\behavior\LangBehavior @app_begin [ RunTime:0.000991s ]
[ info ] [ RUN ] api\wxapp\controller\PublicController->setUserToken[ D:\workspace\www\ac_fun\api\wxapp\controller\PublicController.php ]
[ info ] [ LOG ] INIT File
[ error ] [2]call_user_func_array() expects parameter 1 to be a valid callback, first array member is not a valid class name or object[D:\workspace\www\ac_fun\api\common\RedisModel\BaseRedisModel.php:21]
---------------------------------------------------------------
[ 2018-08-30T01:46:30+08:00 ] 127.0.0.1 GET /api/wxapp/public/setUserToken
[ info ] ac.com/api/wxapp/public/setUserToken [运行时间：0.033373s][吞吐率：29.96req/s] [内存消耗：2,035.42kb] [文件加载：58]
[ info ] [ CACHE ] INIT File
[ info ] [ BEHAVIOR ] Run cmf\behavior\InitHookBehavior @app_init [ RunTime:0.002049s ]
[ info ] [ LANG ] D:\workspace\www\ac_fun\simplewind\thinkphp\lang\zh-cn.php
[ info ] [ ROUTE ] array (
  'type' => 'module',
  'module' => 
  array (
    0 => 'wxapp',
    1 => 'public',
    2 => 'setUserToken',
  ),
)
[ info ] [ HEADER ] array (
  'host' => 'ac.com',
  'connection' => 'keep-alive',
  'cache-control' => 'max-age=0',
  'upgrade-insecure-requests' => '1',
  'user-agent' => 'Mozilla/5.0 (Windows NT 10.0; WOW64) AppleWebKit/537.36 (KHTML, like Gecko) Chrome/68.0.3440.106 Safari/537.36',
  'accept' => 'text/html,application/xhtml+xml,application/xml;q=0.9,image/webp,image/apng,*/*;q=0.8',
  'accept-encoding' => 'gzip, deflate',
  'accept-language' => 'zh-CN,zh;q=0.9',
  'cookie' => 'thinkphp_show_page_trace=0|0; admin_username=admin; thinkphp_show_page_trace=0|0; PHPSESSID=0a5gs3oc6r7n5f0m00ru8t51r9',
)
[ info ] [ PARAM ] array (
)
[ info ] [ LANG ] D:\workspace\www\ac_fun\public\api/../../simplewind/cmf/lang\zh-cn.php
[ info ] [ BEHAVIOR ] Run cmf\behavior\LangBehavior @app_begin [ RunTime:0.000772s ]
[ info ] [ RUN ] api\wxapp\controller\PublicController->setUserToken[ D:\workspace\www\ac_fun\api\wxapp\controller\PublicController.php ]
[ info ] [ LOG ] INIT File
[ error ] [2]call_user_func_array() expects parameter 1 to be a valid callback, first array member is not a valid class name or object[D:\workspace\www\ac_fun\api\common\RedisModel\BaseRedisModel.php:21]
---------------------------------------------------------------
[ 2018-08-30T01:46:30+08:00 ] 127.0.0.1 GET /api/wxapp/public/setUserToken
[ info ] ac.com/api/wxapp/public/setUserToken [运行时间：0.041171s][吞吐率：24.29req/s] [内存消耗：2,035.42kb] [文件加载：58]
[ info ] [ CACHE ] INIT File
[ info ] [ BEHAVIOR ] Run cmf\behavior\InitHookBehavior @app_init [ RunTime:0.002484s ]
[ info ] [ LANG ] D:\workspace\www\ac_fun\simplewind\thinkphp\lang\zh-cn.php
[ info ] [ ROUTE ] array (
  'type' => 'module',
  'module' => 
  array (
    0 => 'wxapp',
    1 => 'public',
    2 => 'setUserToken',
  ),
)
[ info ] [ HEADER ] array (
  'host' => 'ac.com',
  'connection' => 'keep-alive',
  'cache-control' => 'max-age=0',
  'upgrade-insecure-requests' => '1',
  'user-agent' => 'Mozilla/5.0 (Windows NT 10.0; WOW64) AppleWebKit/537.36 (KHTML, like Gecko) Chrome/68.0.3440.106 Safari/537.36',
  'accept' => 'text/html,application/xhtml+xml,application/xml;q=0.9,image/webp,image/apng,*/*;q=0.8',
  'accept-encoding' => 'gzip, deflate',
  'accept-language' => 'zh-CN,zh;q=0.9',
  'cookie' => 'thinkphp_show_page_trace=0|0; admin_username=admin; thinkphp_show_page_trace=0|0; PHPSESSID=0a5gs3oc6r7n5f0m00ru8t51r9',
)
[ info ] [ PARAM ] array (
)
[ info ] [ LANG ] D:\workspace\www\ac_fun\public\api/../../simplewind/cmf/lang\zh-cn.php
[ info ] [ BEHAVIOR ] Run cmf\behavior\LangBehavior @app_begin [ RunTime:0.000860s ]
[ info ] [ RUN ] api\wxapp\controller\PublicController->setUserToken[ D:\workspace\www\ac_fun\api\wxapp\controller\PublicController.php ]
[ info ] [ LOG ] INIT File
[ error ] [2]call_user_func_array() expects parameter 1 to be a valid callback, first array member is not a valid class name or object[D:\workspace\www\ac_fun\api\common\RedisModel\BaseRedisModel.php:21]
---------------------------------------------------------------
[ 2018-08-30T01:47:50+08:00 ] 127.0.0.1 GET /api/wxapp/public/setUserToken
[ info ] ac.com/api/wxapp/public/setUserToken [运行时间：38.600290s][吞吐率：0.03req/s] [内存消耗：2,036.02kb] [文件加载：58]
[ info ] [ CACHE ] INIT File
[ info ] [ BEHAVIOR ] Run cmf\behavior\InitHookBehavior @app_init [ RunTime:0.002593s ]
[ info ] [ LANG ] D:\workspace\www\ac_fun\simplewind\thinkphp\lang\zh-cn.php
[ info ] [ ROUTE ] array (
  'type' => 'module',
  'module' => 
  array (
    0 => 'wxapp',
    1 => 'public',
    2 => 'setUserToken',
  ),
)
[ info ] [ HEADER ] array (
  'host' => 'ac.com',
  'connection' => 'keep-alive',
  'cache-control' => 'max-age=0',
  'upgrade-insecure-requests' => '1',
  'user-agent' => 'Mozilla/5.0 (Windows NT 10.0; WOW64) AppleWebKit/537.36 (KHTML, like Gecko) Chrome/68.0.3440.106 Safari/537.36',
  'accept' => 'text/html,application/xhtml+xml,application/xml;q=0.9,image/webp,image/apng,*/*;q=0.8',
  'accept-encoding' => 'gzip, deflate',
  'accept-language' => 'zh-CN,zh;q=0.9',
  'cookie' => 'thinkphp_show_page_trace=0|0; admin_username=admin; thinkphp_show_page_trace=0|0; PHPSESSID=0a5gs3oc6r7n5f0m00ru8t51r9; XDEBUG_SESSION=XDEBUG_ECLIPSE',
)
[ info ] [ PARAM ] array (
)
[ info ] [ LANG ] D:\workspace\www\ac_fun\public\api/../../simplewind/cmf/lang\zh-cn.php
[ info ] [ BEHAVIOR ] Run cmf\behavior\LangBehavior @app_begin [ RunTime:0.000895s ]
[ info ] [ RUN ] api\wxapp\controller\PublicController->setUserToken[ D:\workspace\www\ac_fun\api\wxapp\controller\PublicController.php ]
[ info ] [ LOG ] INIT File
[ error ] [2]call_user_func_array() expects parameter 1 to be a valid callback, first array member is not a valid class name or object[D:\workspace\www\ac_fun\api\common\RedisModel\BaseRedisModel.php:21]
---------------------------------------------------------------
[ 2018-08-30T01:48:17+08:00 ] 127.0.0.1 GET /api/wxapp/public/setUserToken
[ info ] ac.com/api/wxapp/public/setUserToken [运行时间：22.612440s][吞吐率：0.04req/s] [内存消耗：2,034.78kb] [文件加载：58]
[ info ] [ CACHE ] INIT File
[ info ] [ BEHAVIOR ] Run cmf\behavior\InitHookBehavior @app_init [ RunTime:0.002253s ]
[ info ] [ LANG ] D:\workspace\www\ac_fun\simplewind\thinkphp\lang\zh-cn.php
[ info ] [ ROUTE ] array (
  'type' => 'module',
  'module' => 
  array (
    0 => 'wxapp',
    1 => 'public',
    2 => 'setUserToken',
  ),
)
[ info ] [ HEADER ] array (
  'host' => 'ac.com',
  'connection' => 'keep-alive',
  'cache-control' => 'max-age=0',
  'upgrade-insecure-requests' => '1',
  'user-agent' => 'Mozilla/5.0 (Windows NT 10.0; WOW64) AppleWebKit/537.36 (KHTML, like Gecko) Chrome/68.0.3440.106 Safari/537.36',
  'accept' => 'text/html,application/xhtml+xml,application/xml;q=0.9,image/webp,image/apng,*/*;q=0.8',
  'accept-encoding' => 'gzip, deflate',
  'accept-language' => 'zh-CN,zh;q=0.9',
  'cookie' => 'thinkphp_show_page_trace=0|0; admin_username=admin; thinkphp_show_page_trace=0|0; PHPSESSID=0a5gs3oc6r7n5f0m00ru8t51r9; XDEBUG_SESSION=XDEBUG_ECLIPSE',
)
[ info ] [ PARAM ] array (
)
[ info ] [ LANG ] D:\workspace\www\ac_fun\public\api/../../simplewind/cmf/lang\zh-cn.php
[ info ] [ BEHAVIOR ] Run cmf\behavior\LangBehavior @app_begin [ RunTime:0.000875s ]
[ info ] [ RUN ] api\wxapp\controller\PublicController->setUserToken[ D:\workspace\www\ac_fun\api\wxapp\controller\PublicController.php ]
[ info ] [ LOG ] INIT File
[ error ] [2]call_user_func_array() expects parameter 1 to be a valid callback, first array member is not a valid class name or object[D:\workspace\www\ac_fun\api\common\RedisModel\BaseRedisModel.php:21]
---------------------------------------------------------------
[ 2018-08-30T01:48:24+08:00 ] 127.0.0.1 GET /api/wxapp/public/setUserToken
[ info ] ac.com/api/wxapp/public/setUserToken [运行时间：0.646542s][吞吐率：1.55req/s] [内存消耗：2,018.82kb] [文件加载：54]
[ info ] [ CACHE ] INIT File
[ info ] [ BEHAVIOR ] Run cmf\behavior\InitHookBehavior @app_init [ RunTime:0.004607s ]
[ info ] [ LANG ] D:\workspace\www\ac_fun\simplewind\thinkphp\lang\zh-cn.php
[ info ] [ ROUTE ] array (
  'type' => 'module',
  'module' => 
  array (
    0 => 'wxapp',
    1 => 'public',
    2 => 'setUserToken',
  ),
)
[ info ] [ HEADER ] array (
  'host' => 'ac.com',
  'connection' => 'keep-alive',
  'cache-control' => 'max-age=0',
  'upgrade-insecure-requests' => '1',
  'user-agent' => 'Mozilla/5.0 (Windows NT 10.0; WOW64) AppleWebKit/537.36 (KHTML, like Gecko) Chrome/68.0.3440.106 Safari/537.36',
  'accept' => 'text/html,application/xhtml+xml,application/xml;q=0.9,image/webp,image/apng,*/*;q=0.8',
  'accept-encoding' => 'gzip, deflate',
  'accept-language' => 'zh-CN,zh;q=0.9',
  'cookie' => 'thinkphp_show_page_trace=0|0; admin_username=admin; thinkphp_show_page_trace=0|0; PHPSESSID=0a5gs3oc6r7n5f0m00ru8t51r9; XDEBUG_SESSION=XDEBUG_ECLIPSE',
)
[ info ] [ PARAM ] array (
)
[ info ] [ LANG ] D:\workspace\www\ac_fun\public\api/../../simplewind/cmf/lang\zh-cn.php
[ info ] [ BEHAVIOR ] Run cmf\behavior\LangBehavior @app_begin [ RunTime:0.001153s ]
[ info ] [ RUN ] api\wxapp\controller\PublicController->setUserToken[ D:\workspace\www\ac_fun\api\wxapp\controller\PublicController.php ]
[ info ] [ LOG ] INIT File
---------------------------------------------------------------
[ 2018-08-30T01:50:13+08:00 ] 127.0.0.1 GET /api/wxapp/public/setUserToken
[ info ] ac.com/api/wxapp/public/setUserToken [运行时间：0.622258s][吞吐率：1.61req/s] [内存消耗：2,019.46kb] [文件加载：54]
[ info ] [ CACHE ] INIT File
[ info ] [ BEHAVIOR ] Run cmf\behavior\InitHookBehavior @app_init [ RunTime:0.005395s ]
[ info ] [ LANG ] D:\workspace\www\ac_fun\simplewind\thinkphp\lang\zh-cn.php
[ info ] [ ROUTE ] array (
  'type' => 'module',
  'module' => 
  array (
    0 => 'wxapp',
    1 => 'public',
    2 => 'setUserToken',
  ),
)
[ info ] [ HEADER ] array (
  'host' => 'ac.com',
  'connection' => 'keep-alive',
  'cache-control' => 'max-age=0',
  'upgrade-insecure-requests' => '1',
  'user-agent' => 'Mozilla/5.0 (Windows NT 10.0; WOW64) AppleWebKit/537.36 (KHTML, like Gecko) Chrome/68.0.3440.106 Safari/537.36',
  'accept' => 'text/html,application/xhtml+xml,application/xml;q=0.9,image/webp,image/apng,*/*;q=0.8',
  'accept-encoding' => 'gzip, deflate',
  'accept-language' => 'zh-CN,zh;q=0.9',
  'cookie' => 'thinkphp_show_page_trace=0|0; admin_username=admin; thinkphp_show_page_trace=0|0; PHPSESSID=0a5gs3oc6r7n5f0m00ru8t51r9; XDEBUG_SESSION=XDEBUG_ECLIPSE',
)
[ info ] [ PARAM ] array (
)
[ info ] [ LANG ] D:\workspace\www\ac_fun\public\api/../../simplewind/cmf/lang\zh-cn.php
[ info ] [ BEHAVIOR ] Run cmf\behavior\LangBehavior @app_begin [ RunTime:0.001456s ]
[ info ] [ RUN ] api\wxapp\controller\PublicController->setUserToken[ D:\workspace\www\ac_fun\api\wxapp\controller\PublicController.php ]
[ info ] [ LOG ] INIT File
---------------------------------------------------------------
[ 2018-08-30T01:50:30+08:00 ] 127.0.0.1 GET /api/wxapp/public/getUserToken
[ info ] ac.com/api/wxapp/public/getUserToken [运行时间：9.696732s][吞吐率：0.10req/s] [内存消耗：2,019.05kb] [文件加载：54]
[ info ] [ CACHE ] INIT File
[ info ] [ BEHAVIOR ] Run cmf\behavior\InitHookBehavior @app_init [ RunTime:0.003262s ]
[ info ] [ LANG ] D:\workspace\www\ac_fun\simplewind\thinkphp\lang\zh-cn.php
[ info ] [ ROUTE ] array (
  'type' => 'module',
  'module' => 
  array (
    0 => 'wxapp',
    1 => 'public',
    2 => 'getUserToken',
  ),
)
[ info ] [ HEADER ] array (
  'host' => 'ac.com',
  'connection' => 'keep-alive',
  'upgrade-insecure-requests' => '1',
  'user-agent' => 'Mozilla/5.0 (Windows NT 10.0; WOW64) AppleWebKit/537.36 (KHTML, like Gecko) Chrome/68.0.3440.106 Safari/537.36',
  'accept' => 'text/html,application/xhtml+xml,application/xml;q=0.9,image/webp,image/apng,*/*;q=0.8',
  'accept-encoding' => 'gzip, deflate',
  'accept-language' => 'zh-CN,zh;q=0.9',
  'cookie' => 'thinkphp_show_page_trace=0|0; admin_username=admin; thinkphp_show_page_trace=0|0; PHPSESSID=0a5gs3oc6r7n5f0m00ru8t51r9; XDEBUG_SESSION=XDEBUG_ECLIPSE',
)
[ info ] [ PARAM ] array (
)
[ info ] [ LANG ] D:\workspace\www\ac_fun\public\api/../../simplewind/cmf/lang\zh-cn.php
[ info ] [ BEHAVIOR ] Run cmf\behavior\LangBehavior @app_begin [ RunTime:0.000909s ]
[ info ] [ RUN ] api\wxapp\controller\PublicController->getUserToken[ D:\workspace\www\ac_fun\api\wxapp\controller\PublicController.php ]
[ info ] [ LOG ] INIT File
---------------------------------------------------------------
[ 2018-08-30T01:51:17+08:00 ] 127.0.0.1 GET /api/wxapp/public/getUserToken
[ info ] ac.com/api/wxapp/public/getUserToken [运行时间：21.902187s][吞吐率：0.05req/s] [内存消耗：2,049.48kb] [文件加载：57]
[ info ] [ CACHE ] INIT File
[ info ] [ BEHAVIOR ] Run cmf\behavior\InitHookBehavior @app_init [ RunTime:0.004355s ]
[ info ] [ LANG ] D:\workspace\www\ac_fun\simplewind\thinkphp\lang\zh-cn.php
[ info ] [ ROUTE ] array (
  'type' => 'module',
  'module' => 
  array (
    0 => 'wxapp',
    1 => 'public',
    2 => 'getUserToken',
  ),
)
[ info ] [ HEADER ] array (
  'host' => 'ac.com',
  'connection' => 'keep-alive',
  'cache-control' => 'max-age=0',
  'upgrade-insecure-requests' => '1',
  'user-agent' => 'Mozilla/5.0 (Windows NT 10.0; WOW64) AppleWebKit/537.36 (KHTML, like Gecko) Chrome/68.0.3440.106 Safari/537.36',
  'accept' => 'text/html,application/xhtml+xml,application/xml;q=0.9,image/webp,image/apng,*/*;q=0.8',
  'accept-encoding' => 'gzip, deflate',
  'accept-language' => 'zh-CN,zh;q=0.9',
  'cookie' => 'thinkphp_show_page_trace=0|0; admin_username=admin; thinkphp_show_page_trace=0|0; PHPSESSID=0a5gs3oc6r7n5f0m00ru8t51r9; XDEBUG_SESSION=XDEBUG_ECLIPSE',
)
[ info ] [ PARAM ] array (
)
[ info ] [ LANG ] D:\workspace\www\ac_fun\public\api/../../simplewind/cmf/lang\zh-cn.php
[ info ] [ BEHAVIOR ] Run cmf\behavior\LangBehavior @app_begin [ RunTime:0.000987s ]
[ info ] [ RUN ] api\wxapp\controller\PublicController->getUserToken[ D:\workspace\www\ac_fun\api\wxapp\controller\PublicController.php ]
[ info ] [ LOG ] INIT File
[ error ] [0]ӷһʱûȷ𸴻ӵûзӦӳʧܡ
[D:\workspace\www\ac_fun\simplewind\thinkphp\library\think\cache\driver\Redis.php:53]
---------------------------------------------------------------
[ 2018-08-30T01:51:23+08:00 ] 127.0.0.1 GET /api/wxapp/public/getUserToken
[ info ] ac.com/api/wxapp/public/getUserToken [运行时间：1.648684s][吞吐率：0.61req/s] [内存消耗：2,019.78kb] [文件加载：54]
[ info ] [ CACHE ] INIT File
[ info ] [ BEHAVIOR ] Run cmf\behavior\InitHookBehavior @app_init [ RunTime:0.004803s ]
[ info ] [ LANG ] D:\workspace\www\ac_fun\simplewind\thinkphp\lang\zh-cn.php
[ info ] [ ROUTE ] array (
  'type' => 'module',
  'module' => 
  array (
    0 => 'wxapp',
    1 => 'public',
    2 => 'getUserToken',
  ),
)
[ info ] [ HEADER ] array (
  'host' => 'ac.com',
  'connection' => 'keep-alive',
  'cache-control' => 'max-age=0',
  'upgrade-insecure-requests' => '1',
  'user-agent' => 'Mozilla/5.0 (Windows NT 10.0; WOW64) AppleWebKit/537.36 (KHTML, like Gecko) Chrome/68.0.3440.106 Safari/537.36',
  'accept' => 'text/html,application/xhtml+xml,application/xml;q=0.9,image/webp,image/apng,*/*;q=0.8',
  'accept-encoding' => 'gzip, deflate',
  'accept-language' => 'zh-CN,zh;q=0.9',
  'cookie' => 'thinkphp_show_page_trace=0|0; admin_username=admin; thinkphp_show_page_trace=0|0; PHPSESSID=0a5gs3oc6r7n5f0m00ru8t51r9; XDEBUG_SESSION=XDEBUG_ECLIPSE',
)
[ info ] [ PARAM ] array (
)
[ info ] [ LANG ] D:\workspace\www\ac_fun\public\api/../../simplewind/cmf/lang\zh-cn.php
[ info ] [ BEHAVIOR ] Run cmf\behavior\LangBehavior @app_begin [ RunTime:0.000793s ]
[ info ] [ RUN ] api\wxapp\controller\PublicController->getUserToken[ D:\workspace\www\ac_fun\api\wxapp\controller\PublicController.php ]
[ info ] [ LOG ] INIT File
---------------------------------------------------------------
[ 2018-08-30T01:51:46+08:00 ] 127.0.0.1 GET /api/wxapp/public/getUserToken
[ info ] ac.com/api/wxapp/public/getUserToken [运行时间：13.479771s][吞吐率：0.07req/s] [内存消耗：2,021.71kb] [文件加载：54]
[ info ] [ CACHE ] INIT File
[ info ] [ BEHAVIOR ] Run cmf\behavior\InitHookBehavior @app_init [ RunTime:0.004675s ]
[ info ] [ LANG ] D:\workspace\www\ac_fun\simplewind\thinkphp\lang\zh-cn.php
[ info ] [ ROUTE ] array (
  'type' => 'module',
  'module' => 
  array (
    0 => 'wxapp',
    1 => 'public',
    2 => 'getUserToken',
  ),
)
[ info ] [ HEADER ] array (
  'host' => 'ac.com',
  'connection' => 'keep-alive',
  'cache-control' => 'max-age=0',
  'upgrade-insecure-requests' => '1',
  'user-agent' => 'Mozilla/5.0 (Windows NT 10.0; WOW64) AppleWebKit/537.36 (KHTML, like Gecko) Chrome/68.0.3440.106 Safari/537.36',
  'accept' => 'text/html,application/xhtml+xml,application/xml;q=0.9,image/webp,image/apng,*/*;q=0.8',
  'accept-encoding' => 'gzip, deflate',
  'accept-language' => 'zh-CN,zh;q=0.9',
  'cookie' => 'thinkphp_show_page_trace=0|0; admin_username=admin; thinkphp_show_page_trace=0|0; PHPSESSID=0a5gs3oc6r7n5f0m00ru8t51r9; XDEBUG_SESSION=XDEBUG_ECLIPSE',
)
[ info ] [ PARAM ] array (
)
[ info ] [ LANG ] D:\workspace\www\ac_fun\public\api/../../simplewind/cmf/lang\zh-cn.php
[ info ] [ BEHAVIOR ] Run cmf\behavior\LangBehavior @app_begin [ RunTime:0.001176s ]
[ info ] [ RUN ] api\wxapp\controller\PublicController->getUserToken[ D:\workspace\www\ac_fun\api\wxapp\controller\PublicController.php ]
[ info ] [ LOG ] INIT File
---------------------------------------------------------------
[ 2018-08-30T01:51:51+08:00 ] 127.0.0.1 GET /api/wxapp/public/getUserToken
[ info ] ac.com/api/wxapp/public/getUserToken [运行时间：0.911638s][吞吐率：1.10req/s] [内存消耗：2,019.78kb] [文件加载：54]
[ info ] [ CACHE ] INIT File
[ info ] [ BEHAVIOR ] Run cmf\behavior\InitHookBehavior @app_init [ RunTime:0.003738s ]
[ info ] [ LANG ] D:\workspace\www\ac_fun\simplewind\thinkphp\lang\zh-cn.php
[ info ] [ ROUTE ] array (
  'type' => 'module',
  'module' => 
  array (
    0 => 'wxapp',
    1 => 'public',
    2 => 'getUserToken',
  ),
)
[ info ] [ HEADER ] array (
  'host' => 'ac.com',
  'connection' => 'keep-alive',
  'cache-control' => 'max-age=0',
  'upgrade-insecure-requests' => '1',
  'user-agent' => 'Mozilla/5.0 (Windows NT 10.0; WOW64) AppleWebKit/537.36 (KHTML, like Gecko) Chrome/68.0.3440.106 Safari/537.36',
  'accept' => 'text/html,application/xhtml+xml,application/xml;q=0.9,image/webp,image/apng,*/*;q=0.8',
  'accept-encoding' => 'gzip, deflate',
  'accept-language' => 'zh-CN,zh;q=0.9',
  'cookie' => 'thinkphp_show_page_trace=0|0; admin_username=admin; thinkphp_show_page_trace=0|0; PHPSESSID=0a5gs3oc6r7n5f0m00ru8t51r9; XDEBUG_SESSION=XDEBUG_ECLIPSE',
)
[ info ] [ PARAM ] array (
)
[ info ] [ LANG ] D:\workspace\www\ac_fun\public\api/../../simplewind/cmf/lang\zh-cn.php
[ info ] [ BEHAVIOR ] Run cmf\behavior\LangBehavior @app_begin [ RunTime:0.001468s ]
[ info ] [ RUN ] api\wxapp\controller\PublicController->getUserToken[ D:\workspace\www\ac_fun\api\wxapp\controller\PublicController.php ]
[ info ] [ LOG ] INIT File
---------------------------------------------------------------
[ 2018-08-30T01:51:55+08:00 ] 127.0.0.1 GET /api/wxapp/public/getUserToken
[ info ] ac.com/api/wxapp/public/getUserToken [运行时间：0.609247s][吞吐率：1.64req/s] [内存消耗：2,019.78kb] [文件加载：54]
[ info ] [ CACHE ] INIT File
[ info ] [ BEHAVIOR ] Run cmf\behavior\InitHookBehavior @app_init [ RunTime:0.004612s ]
[ info ] [ LANG ] D:\workspace\www\ac_fun\simplewind\thinkphp\lang\zh-cn.php
[ info ] [ ROUTE ] array (
  'type' => 'module',
  'module' => 
  array (
    0 => 'wxapp',
    1 => 'public',
    2 => 'getUserToken',
  ),
)
[ info ] [ HEADER ] array (
  'host' => 'ac.com',
  'connection' => 'keep-alive',
  'cache-control' => 'max-age=0',
  'upgrade-insecure-requests' => '1',
  'user-agent' => 'Mozilla/5.0 (Windows NT 10.0; WOW64) AppleWebKit/537.36 (KHTML, like Gecko) Chrome/68.0.3440.106 Safari/537.36',
  'accept' => 'text/html,application/xhtml+xml,application/xml;q=0.9,image/webp,image/apng,*/*;q=0.8',
  'accept-encoding' => 'gzip, deflate',
  'accept-language' => 'zh-CN,zh;q=0.9',
  'cookie' => 'thinkphp_show_page_trace=0|0; admin_username=admin; thinkphp_show_page_trace=0|0; PHPSESSID=0a5gs3oc6r7n5f0m00ru8t51r9; XDEBUG_SESSION=XDEBUG_ECLIPSE',
)
[ info ] [ PARAM ] array (
)
[ info ] [ LANG ] D:\workspace\www\ac_fun\public\api/../../simplewind/cmf/lang\zh-cn.php
[ info ] [ BEHAVIOR ] Run cmf\behavior\LangBehavior @app_begin [ RunTime:0.000780s ]
[ info ] [ RUN ] api\wxapp\controller\PublicController->getUserToken[ D:\workspace\www\ac_fun\api\wxapp\controller\PublicController.php ]
[ info ] [ LOG ] INIT File
---------------------------------------------------------------
[ 2018-08-30T01:51:58+08:00 ] 127.0.0.1 GET /api/wxapp/public/getUserToken
[ info ] ac.com/api/wxapp/public/getUserToken [运行时间：0.598980s][吞吐率：1.67req/s] [内存消耗：2,019.78kb] [文件加载：54]
[ info ] [ CACHE ] INIT File
[ info ] [ BEHAVIOR ] Run cmf\behavior\InitHookBehavior @app_init [ RunTime:0.001981s ]
[ info ] [ LANG ] D:\workspace\www\ac_fun\simplewind\thinkphp\lang\zh-cn.php
[ info ] [ ROUTE ] array (
  'type' => 'module',
  'module' => 
  array (
    0 => 'wxapp',
    1 => 'public',
    2 => 'getUserToken',
  ),
)
[ info ] [ HEADER ] array (
  'host' => 'ac.com',
  'connection' => 'keep-alive',
  'cache-control' => 'max-age=0',
  'upgrade-insecure-requests' => '1',
  'user-agent' => 'Mozilla/5.0 (Windows NT 10.0; WOW64) AppleWebKit/537.36 (KHTML, like Gecko) Chrome/68.0.3440.106 Safari/537.36',
  'accept' => 'text/html,application/xhtml+xml,application/xml;q=0.9,image/webp,image/apng,*/*;q=0.8',
  'accept-encoding' => 'gzip, deflate',
  'accept-language' => 'zh-CN,zh;q=0.9',
  'cookie' => 'thinkphp_show_page_trace=0|0; admin_username=admin; thinkphp_show_page_trace=0|0; PHPSESSID=0a5gs3oc6r7n5f0m00ru8t51r9; XDEBUG_SESSION=XDEBUG_ECLIPSE',
)
[ info ] [ PARAM ] array (
)
[ info ] [ LANG ] D:\workspace\www\ac_fun\public\api/../../simplewind/cmf/lang\zh-cn.php
[ info ] [ BEHAVIOR ] Run cmf\behavior\LangBehavior @app_begin [ RunTime:0.000828s ]
[ info ] [ RUN ] api\wxapp\controller\PublicController->getUserToken[ D:\workspace\www\ac_fun\api\wxapp\controller\PublicController.php ]
[ info ] [ LOG ] INIT File
---------------------------------------------------------------
[ 2018-08-30T01:52:02+08:00 ] 127.0.0.1 GET /api/wxapp/public/getUserToken
[ info ] ac.com/api/wxapp/public/getUserToken [运行时间：0.997788s][吞吐率：1.00req/s] [内存消耗：2,019.78kb] [文件加载：54]
[ info ] [ CACHE ] INIT File
[ info ] [ BEHAVIOR ] Run cmf\behavior\InitHookBehavior @app_init [ RunTime:0.004637s ]
[ info ] [ LANG ] D:\workspace\www\ac_fun\simplewind\thinkphp\lang\zh-cn.php
[ info ] [ ROUTE ] array (
  'type' => 'module',
  'module' => 
  array (
    0 => 'wxapp',
    1 => 'public',
    2 => 'getUserToken',
  ),
)
[ info ] [ HEADER ] array (
  'host' => 'ac.com',
  'connection' => 'keep-alive',
  'cache-control' => 'max-age=0',
  'upgrade-insecure-requests' => '1',
  'user-agent' => 'Mozilla/5.0 (Windows NT 10.0; WOW64) AppleWebKit/537.36 (KHTML, like Gecko) Chrome/68.0.3440.106 Safari/537.36',
  'accept' => 'text/html,application/xhtml+xml,application/xml;q=0.9,image/webp,image/apng,*/*;q=0.8',
  'accept-encoding' => 'gzip, deflate',
  'accept-language' => 'zh-CN,zh;q=0.9',
  'cookie' => 'thinkphp_show_page_trace=0|0; admin_username=admin; thinkphp_show_page_trace=0|0; PHPSESSID=0a5gs3oc6r7n5f0m00ru8t51r9; XDEBUG_SESSION=XDEBUG_ECLIPSE',
)
[ info ] [ PARAM ] array (
)
[ info ] [ LANG ] D:\workspace\www\ac_fun\public\api/../../simplewind/cmf/lang\zh-cn.php
[ info ] [ BEHAVIOR ] Run cmf\behavior\LangBehavior @app_begin [ RunTime:0.000775s ]
[ info ] [ RUN ] api\wxapp\controller\PublicController->getUserToken[ D:\workspace\www\ac_fun\api\wxapp\controller\PublicController.php ]
[ info ] [ LOG ] INIT File
