---------------------------------------------------------------
[ 2018-08-19T19:19:09+08:00 ] 127.0.0.1 GET /
[ info ] sp.com/ [运行时间：4.502268s][吞吐率：0.22req/s] [内存消耗：4,236.08kb] [文件加载：84]
[ info ] [ CACHE ] INIT File
[ info ] [ BEHAVIOR ] Run cmf\behavior\InitHookBehavior @app_init [ RunTime:0.176678s ]
[ info ] [ LANG ] D:\workspace\www\sp\web\simplewind\thinkphp\lang\zh-cn.php
[ info ] [ ROUTE ] array (
  'type' => 'module',
  'module' => 
  array (
    0 => '',
    1 => NULL,
    2 => NULL,
  ),
)
[ info ] [ HEADER ] array (
  'host' => 'sp.com',
  'connection' => 'keep-alive',
  'upgrade-insecure-requests' => '1',
  'user-agent' => 'Mozilla/5.0 (Windows NT 10.0; WOW64) AppleWebKit/537.36 (KHTML, like Gecko) Chrome/68.0.3440.106 Safari/537.36',
  'accept' => 'text/html,application/xhtml+xml,application/xml;q=0.9,image/webp,image/apng,*/*;q=0.8',
  'accept-encoding' => 'gzip, deflate',
  'accept-language' => 'zh-CN,zh;q=0.9',
)
[ info ] [ PARAM ] array (
)
[ info ] [ LANG ] D:\workspace\www\sp\web\public/../simplewind/cmf/lang\zh-cn.php
[ info ] [ LANG ] D:\workspace\www\sp\web\public/../app/admin\lang\zh-cn\common.php
[ info ] [ LANG ] D:\workspace\www\sp\web\public/../app/portal\lang\zh-cn\common.php
[ info ] [ BEHAVIOR ] Run cmf\behavior\LangBehavior @app_begin [ RunTime:0.087010s ]
[ info ] [ LANG ] D:\workspace\www\sp\web\public/../app/portal\lang\zh-cn.php
[ info ] [ DB ] INIT mysql
[ info ] [ LANG ] D:\workspace\www\sp\web\public/../app/portal\lang\zh-cn\home.php
[ info ] [ BEHAVIOR ] Run cmf\behavior\HomeLangBehavior @home_init [ RunTime:0.033123s ]
[ info ] [ RUN ] app\portal\controller\IndexController->index[ D:\workspace\www\sp\web\app\portal\controller\IndexController.php ]
[ info ] [ VIEW ] themes/simpleboot3/portal\\index.html [ array (
  0 => 'site_info',
  1 => 'theme_vars',
  2 => 'theme_widgets',
) ]
[ info ] [ SESSION ] INIT array (
  'id' => '',
  'var_session_id' => '',
  'prefix' => 'think',
  'type' => '',
  'auto_start' => true,
)
[ info ] [ LOG ] INIT File
[ sql ] [ DB ] CONNECT:[ UseTime:0.001520s ] mysql:host=127.0.0.1;port=3306;dbname=sp;charset=utf8mb4
[ sql ] [ SQL ] SHOW COLUMNS FROM `cmf_option` [ RunTime:0.035407s ]
[ sql ] [ SQL ] SELECT `option_value` FROM `cmf_option` WHERE  `option_name` = 'cdn_settings' LIMIT 1 [ RunTime:0.028585s ]
[ sql ] [ SQL ] SHOW COLUMNS FROM `cmf_theme_file` [ RunTime:0.038794s ]
[ sql ] [ SQL ] SELECT * FROM `cmf_theme_file` WHERE  `theme` = 'simpleboot3'  AND `file` = 'portal/article' LIMIT 1 [ RunTime:0.001666s ]
[ sql ] [ SQL ] UPDATE `cmf_theme_file`  SET `theme`='simpleboot3',`action`='portal/Article/index',`file`='portal/article',`name`='文章页',`more`='{\"vars\":{\"hot_articles_category_id\":{\"title\":\"Hot Articles\\u5206\\u7c7bID\",\"value\":\"1\",\"type\":\"text\",\"tip\":\"\",\"rule\":[]}}}',`config_more`='{\"vars\":{\"hot_articles_category_id\":{\"title\":\"Hot Articles\\u5206\\u7c7bID\",\"value\":\"1\",\"type\":\"text\",\"tip\":\"\",\"rule\":[]}}}',`description`='文章页模板文件',`is_public`=0,`list_order`=10  WHERE  `theme` = 'simpleboot3'  AND `file` = 'portal/article' [ RunTime:0.107151s ]
[ sql ] [ SQL ] SELECT * FROM `cmf_theme_file` WHERE  `theme` = 'simpleboot3'  AND `file` = 'portal/contact' LIMIT 1 [ RunTime:0.001102s ]
[ sql ] [ SQL ] UPDATE `cmf_theme_file`  SET `theme`='simpleboot3',`action`='portal/Page/index',`file`='portal/contact',`name`='联系我们页',`more`='{\"vars\":{\"baidu_map_info_window_text\":{\"title\":\"\\u767e\\u5ea6\\u5730\\u56fe\\u6807\\u6ce8\\u6587\\u5b57\",\"name\":\"baidu_map_info_window_text\",\"value\":\"ThinkCMF<br\\/><span class=\'\'>\\u5730\\u5740\\uff1a\\u4e0a\\u6d77\\u5e02\\u5f90\\u6c47\\u533a\\u659c\\u571f\\u8def2601\\u53f7<\\/span>\",\"type\":\"text\",\"tip\":\"\\u767e\\u5ea6\\u5730\\u56fe\\u6807\\u6ce8\\u6587\\u5b57,\\u652f\\u6301\\u7b80\\u5355html\\u4ee3\\u7801\",\"rule\":[]},\"company_location\":{\"title\":\"\\u516c\\u53f8\\u5750\\u6807\",\"value\":\"\",\"type\":\"location\",\"tip\":\"\",\"rule\":{\"require\":true}},\"address_cn\":{\"title\":\"\\u516c\\u53f8\\u5730\\u5740\",\"value\":\"\\u4e0a\\u6d77\\u5e02\\u5f90\\u6c47\\u533a\\u659c\\u571f\\u8def0001\\u53f7\",\"type\":\"text\",\"tip\":\"\",\"rule\":{\"require\":true}},\"address_en\":{\"title\":\"\\u516c\\u53f8\\u5730\\u5740\\uff08\\u82f1\\u6587\\uff09\",\"value\":\"NO.0001 Xie Tu Road, Shanghai China\",\"type\":\"text\",\"tip\":\"\",\"rule\":{\"require\":true}},\"email\":{\"title\":\"\\u516c\\u53f8\\u90ae\\u7bb1\",\"value\":\"catman@thinkcmf.com\",\"type\":\"text\",\"tip\":\"\",\"rule\":{\"require\":true}},\"phone_cn\":{\"title\":\"\\u516c\\u53f8\\u7535\\u8bdd\",\"value\":\"021 1000 0001\",\"type\":\"text\",\"tip\":\"\",\"rule\":{\"require\":true}},\"phone_en\":{\"title\":\"\\u516c\\u53f8\\u7535\\u8bdd\\uff08\\u82f1\\u6587\\uff09\",\"value\":\"+8621 1000 0001\",\"type\":\"text\",\"tip\":\"\",\"rule\":{\"require\":true}},\"qq\":{\"title\":\"\\u8054\\u7cfbQQ\",\"value\":\"478519726\",\"type\":\"text\",\"tip\":\"\\u591a\\u4e2a QQ\\u4ee5\\u82f1\\u6587\\u9017\\u53f7\\u9694\\u5f00\",\"rule\":{\"require\":true}}}}',`config_more`='{\"vars\":{\"baidu_map_info_window_text\":{\"title\":\"\\u767e\\u5ea6\\u5730\\u56fe\\u6807\\u6ce8\\u6587\\u5b57\",\"name\":\"baidu_map_info_window_text\",\"value\":\"ThinkCMF<br\\/><span class=\'\'>\\u5730\\u5740\\uff1a\\u4e0a\\u6d77\\u5e02\\u5f90\\u6c47\\u533a\\u659c\\u571f\\u8def2601\\u53f7<\\/span>\",\"type\":\"text\",\"tip\":\"\\u767e\\u5ea6\\u5730\\u56fe\\u6807\\u6ce8\\u6587\\u5b57,\\u652f\\u6301\\u7b80\\u5355html\\u4ee3\\u7801\",\"rule\":[]},\"company_location\":{\"title\":\"\\u516c\\u53f8\\u5750\\u6807\",\"value\":\"\",\"type\":\"location\",\"tip\":\"\",\"rule\":{\"require\":true}},\"address_cn\":{\"title\":\"\\u516c\\u53f8\\u5730\\u5740\",\"value\":\"\\u4e0a\\u6d77\\u5e02\\u5f90\\u6c47\\u533a\\u659c\\u571f\\u8def0001\\u53f7\",\"type\":\"text\",\"tip\":\"\",\"rule\":{\"require\":true}},\"address_en\":{\"title\":\"\\u516c\\u53f8\\u5730\\u5740\\uff08\\u82f1\\u6587\\uff09\",\"value\":\"NO.0001 Xie Tu Road, Shanghai China\",\"type\":\"text\",\"tip\":\"\",\"rule\":{\"require\":true}},\"email\":{\"title\":\"\\u516c\\u53f8\\u90ae\\u7bb1\",\"value\":\"catman@thinkcmf.com\",\"type\":\"text\",\"tip\":\"\",\"rule\":{\"require\":true}},\"phone_cn\":{\"title\":\"\\u516c\\u53f8\\u7535\\u8bdd\",\"value\":\"021 1000 0001\",\"type\":\"text\",\"tip\":\"\",\"rule\":{\"require\":true}},\"phone_en\":{\"title\":\"\\u516c\\u53f8\\u7535\\u8bdd\\uff08\\u82f1\\u6587\\uff09\",\"value\":\"+8621 1000 0001\",\"type\":\"text\",\"tip\":\"\",\"rule\":{\"require\":true}},\"qq\":{\"title\":\"\\u8054\\u7cfbQQ\",\"value\":\"478519726\",\"type\":\"text\",\"tip\":\"\\u591a\\u4e2a QQ\\u4ee5\\u82f1\\u6587\\u9017\\u53f7\\u9694\\u5f00\",\"rule\":{\"require\":true}}}}',`description`='联系我们页模板文件',`is_public`=0,`list_order`=10  WHERE  `theme` = 'simpleboot3'  AND `file` = 'portal/contact' [ RunTime:0.058942s ]
[ sql ] [ SQL ] SELECT * FROM `cmf_theme_file` WHERE  `theme` = 'simpleboot3'  AND `file` = 'portal/index' LIMIT 1 [ RunTime:0.000745s ]
[ sql ] [ SQL ] UPDATE `cmf_theme_file`  SET `theme`='simpleboot3',`action`='portal/Index/index',`file`='portal/index',`name`='首页',`more`='{\"vars\":{\"top_slide\":{\"title\":\"\\u9876\\u90e8\\u5e7b\\u706f\\u7247\",\"value\":\"\",\"type\":\"text\",\"dataSource\":{\"api\":\"admin\\/Slide\\/index\",\"multi\":false},\"placeholder\":\"\\u8bf7\\u9009\\u62e9\\u9876\\u90e8\\u5e7b\\u706f\\u7247\",\"tip\":\"\\u9876\\u90e8\\u5e7b\\u706f\\u7247\",\"rule\":{\"require\":true}}},\"widgets\":{\"features\":{\"title\":\"\\u5feb\\u901f\\u4e86\\u89e3ThinkCMF\",\"display\":\"1\",\"vars\":{\"sub_title\":{\"title\":\"\\u526f\\u6807\\u9898\",\"value\":\"Quickly understand the ThinkCMF\",\"type\":\"text\",\"placeholder\":\"\\u8bf7\\u8f93\\u5165\\u526f\\u6807\\u9898\",\"tip\":\"\",\"rule\":{\"require\":true}},\"features\":{\"title\":\"\\u7279\\u6027\\u4ecb\\u7ecd\",\"value\":[{\"title\":\"MVC\\u5206\\u5c42\\u6a21\\u5f0f\",\"icon\":\"bars\",\"content\":\"\\u4f7f\\u7528MVC\\u5e94\\u7528\\u7a0b\\u5e8f\\u88ab\\u5206\\u6210\\u4e09\\u4e2a\\u6838\\u5fc3\\u90e8\\u4ef6\\uff1a\\u6a21\\u578b\\uff08M\\uff09\\u3001\\u89c6\\u56fe\\uff08V\\uff09\\u3001\\u63a7\\u5236\\u5668\\uff08C\\uff09\\uff0c\\u4ed6\\u4e0d\\u662f\\u4e00\\u4e2a\\u65b0\\u7684\\u6982\\u5ff5\\uff0c\\u53ea\\u662fThinkCMF\\u5c06\\u5176\\u53d1\\u6325\\u5230\\u4e86\\u6781\\u81f4\\u3002\"},{\"title\":\"\\u7528\\u6237\\u7ba1\\u7406\",\"icon\":\"group\",\"content\":\"ThinkCMF\\u5185\\u7f6e\\u4e86\\u7075\\u6d3b\\u7684\\u7528\\u6237\\u7ba1\\u7406\\u65b9\\u5f0f\\uff0c\\u5e76\\u53ef\\u76f4\\u63a5\\u4e0e\\u7b2c\\u4e09\\u65b9\\u7ad9\\u70b9\\u8fdb\\u884c\\u4e92\\u8054\\u4e92\\u901a\\uff0c\\u5982\\u679c\\u4f60\\u613f\\u610f\\u751a\\u81f3\\u53ef\\u4ee5\\u5bf9\\u5355\\u4e2a\\u7528\\u6237\\u6216\\u7fa4\\u4f53\\u7528\\u6237\\u7684\\u884c\\u4e3a\\u8fdb\\u884c\\u8bb0\\u5f55\\u53ca\\u5206\\u4eab\\uff0c\\u4e3a\\u60a8\\u7684\\u8fd0\\u8425\\u51b3\\u7b56\\u63d0\\u4f9b\\u6709\\u6548\\u53c2\\u8003\\u6570\\u636e\\u3002\"},{\"title\":\"\\u4e91\\u7aef\\u90e8\\u7f72\",\"icon\":\"cloud\",\"content\":\"\\u901a\\u8fc7\\u9a71\\u52a8\\u7684\\u65b9\\u5f0f\\u53ef\\u4ee5\\u8f7b\\u677e\\u652f\\u6301\\u4e91\\u5e73\\u53f0\\u7684\\u90e8\\u7f72\\uff0c\\u8ba9\\u4f60\\u7684\\u7f51\\u7ad9\\u65e0\\u7f1d\\u8fc1\\u79fb\\uff0c\\u5185\\u7f6e\\u5df2\\u7ecf\\u652f\\u6301SAE\\u3001BAE\\uff0c\\u6b63\\u5f0f\\u7248\\u5c06\\u5bf9\\u4e91\\u7aef\\u90e8\\u7f72\\u8fdb\\u884c\\u8fdb\\u4e00\\u6b65\\u4f18\\u5316\\u3002\"},{\"title\":\"\\u5b89\\u5168\\u7b56\\u7565\",\"icon\":\"heart\",\"content\":\"\\u63d0\\u4f9b\\u7684\\u7a33\\u5065\\u7684\\u5b89\\u5168\\u7b56\\u7565\\uff0c\\u5305\\u62ec\\u5907\\u4efd\\u6062\\u590d\\uff0c\\u5bb9\\u9519\\uff0c\\u9632\\u6cbb\\u6076\\u610f\\u653b\\u51fb\\u767b\\u9646\\uff0c\\u7f51\\u9875\\u9632\\u7be1\\u6539\\u7b49\\u591a\\u9879\\u5b89\\u5168\\u7ba1\\u7406\\u529f\\u80fd\\uff0c\\u4fdd\\u8bc1\\u7cfb\\u7edf\\u5b89\\u5168\\uff0c\\u53ef\\u9760\\uff0c\\u7a33\\u5b9a\\u7684\\u8fd0\\u884c\\u3002\"},{\"title\":\"\\u5e94\\u7528\\u6a21\\u5757\\u5316\",\"icon\":\"cubes\",\"content\":\"\\u63d0\\u51fa\\u5168\\u65b0\\u7684\\u5e94\\u7528\\u6a21\\u5f0f\\u8fdb\\u884c\\u6269\\u5c55\\uff0c\\u4e0d\\u7ba1\\u662f\\u4f60\\u5f00\\u53d1\\u4e00\\u4e2a\\u5c0f\\u529f\\u80fd\\u8fd8\\u662f\\u4e00\\u4e2a\\u5168\\u65b0\\u7684\\u7ad9\\u70b9\\uff0c\\u5728ThinkCMF\\u4e2d\\u4f60\\u53ea\\u662f\\u589e\\u52a0\\u4e86\\u4e00\\u4e2aAPP\\uff0c\\u6bcf\\u4e2a\\u72ec\\u7acb\\u8fd0\\u884c\\u4e92\\u4e0d\\u5f71\\u54cd\\uff0c\\u4fbf\\u4e8e\\u7075\\u6d3b\\u6269\\u5c55\\u548c\\u4e8c\\u6b21\\u5f00\\u53d1\\u3002\"},{\"title\":\"\\u514d\\u8d39\\u5f00\\u6e90\",\"icon\":\"certificate\",\"content\":\"\\u4ee3\\u7801\\u9075\\u5faaApache2\\u5f00\\u6e90\\u534f\\u8bae\\uff0c\\u514d\\u8d39\\u4f7f\\u7528\\uff0c\\u5bf9\\u5546\\u4e1a\\u7528\\u6237\\u4e5f\\u65e0\\u4efb\\u4f55\\u9650\\u5236\\u3002\"}],\"type\":\"array\",\"item\":{\"title\":{\"title\":\"\\u6807\\u9898\",\"value\":\"\",\"type\":\"text\",\"rule\":{\"require\":true}},\"icon\":{\"title\":\"\\u56fe\\u6807\",\"value\":\"\",\"type\":\"text\"},\"content\":{\"title\":\"\\u63cf\\u8ff0\",\"value\":\"\",\"type\":\"textarea\"}},\"tip\":\"\"}}},\"last_news\":{\"title\":\"\\u6700\\u65b0\\u8d44\\u8baf\",\"display\":\"1\",\"vars\":{\"last_news_category_id\":{\"title\":\"\\u6587\\u7ae0\\u5206\\u7c7bID\",\"value\":\"\",\"type\":\"text\",\"dataSource\":{\"api\":\"portal\\/Category\\/index\",\"multi\":true},\"placeholder\":\"\\u8bf7\\u9009\\u62e9\\u5206\\u7c7b\",\"tip\":\"\",\"rule\":{\"require\":true}}}}}}',`config_more`='{\"vars\":{\"top_slide\":{\"title\":\"\\u9876\\u90e8\\u5e7b\\u706f\\u7247\",\"value\":\"\",\"type\":\"text\",\"dataSource\":{\"api\":\"admin\\/Slide\\/index\",\"multi\":false},\"placeholder\":\"\\u8bf7\\u9009\\u62e9\\u9876\\u90e8\\u5e7b\\u706f\\u7247\",\"tip\":\"\\u9876\\u90e8\\u5e7b\\u706f\\u7247\",\"rule\":{\"require\":true}}},\"widgets\":{\"features\":{\"title\":\"\\u5feb\\u901f\\u4e86\\u89e3ThinkCMF\",\"display\":\"1\",\"vars\":{\"sub_title\":{\"title\":\"\\u526f\\u6807\\u9898\",\"value\":\"Quickly understand the ThinkCMF\",\"type\":\"text\",\"placeholder\":\"\\u8bf7\\u8f93\\u5165\\u526f\\u6807\\u9898\",\"tip\":\"\",\"rule\":{\"require\":true}},\"features\":{\"title\":\"\\u7279\\u6027\\u4ecb\\u7ecd\",\"value\":[{\"title\":\"MVC\\u5206\\u5c42\\u6a21\\u5f0f\",\"icon\":\"bars\",\"content\":\"\\u4f7f\\u7528MVC\\u5e94\\u7528\\u7a0b\\u5e8f\\u88ab\\u5206\\u6210\\u4e09\\u4e2a\\u6838\\u5fc3\\u90e8\\u4ef6\\uff1a\\u6a21\\u578b\\uff08M\\uff09\\u3001\\u89c6\\u56fe\\uff08V\\uff09\\u3001\\u63a7\\u5236\\u5668\\uff08C\\uff09\\uff0c\\u4ed6\\u4e0d\\u662f\\u4e00\\u4e2a\\u65b0\\u7684\\u6982\\u5ff5\\uff0c\\u53ea\\u662fThinkCMF\\u5c06\\u5176\\u53d1\\u6325\\u5230\\u4e86\\u6781\\u81f4\\u3002\"},{\"title\":\"\\u7528\\u6237\\u7ba1\\u7406\",\"icon\":\"group\",\"content\":\"ThinkCMF\\u5185\\u7f6e\\u4e86\\u7075\\u6d3b\\u7684\\u7528\\u6237\\u7ba1\\u7406\\u65b9\\u5f0f\\uff0c\\u5e76\\u53ef\\u76f4\\u63a5\\u4e0e\\u7b2c\\u4e09\\u65b9\\u7ad9\\u70b9\\u8fdb\\u884c\\u4e92\\u8054\\u4e92\\u901a\\uff0c\\u5982\\u679c\\u4f60\\u613f\\u610f\\u751a\\u81f3\\u53ef\\u4ee5\\u5bf9\\u5355\\u4e2a\\u7528\\u6237\\u6216\\u7fa4\\u4f53\\u7528\\u6237\\u7684\\u884c\\u4e3a\\u8fdb\\u884c\\u8bb0\\u5f55\\u53ca\\u5206\\u4eab\\uff0c\\u4e3a\\u60a8\\u7684\\u8fd0\\u8425\\u51b3\\u7b56\\u63d0\\u4f9b\\u6709\\u6548\\u53c2\\u8003\\u6570\\u636e\\u3002\"},{\"title\":\"\\u4e91\\u7aef\\u90e8\\u7f72\",\"icon\":\"cloud\",\"content\":\"\\u901a\\u8fc7\\u9a71\\u52a8\\u7684\\u65b9\\u5f0f\\u53ef\\u4ee5\\u8f7b\\u677e\\u652f\\u6301\\u4e91\\u5e73\\u53f0\\u7684\\u90e8\\u7f72\\uff0c\\u8ba9\\u4f60\\u7684\\u7f51\\u7ad9\\u65e0\\u7f1d\\u8fc1\\u79fb\\uff0c\\u5185\\u7f6e\\u5df2\\u7ecf\\u652f\\u6301SAE\\u3001BAE\\uff0c\\u6b63\\u5f0f\\u7248\\u5c06\\u5bf9\\u4e91\\u7aef\\u90e8\\u7f72\\u8fdb\\u884c\\u8fdb\\u4e00\\u6b65\\u4f18\\u5316\\u3002\"},{\"title\":\"\\u5b89\\u5168\\u7b56\\u7565\",\"icon\":\"heart\",\"content\":\"\\u63d0\\u4f9b\\u7684\\u7a33\\u5065\\u7684\\u5b89\\u5168\\u7b56\\u7565\\uff0c\\u5305\\u62ec\\u5907\\u4efd\\u6062\\u590d\\uff0c\\u5bb9\\u9519\\uff0c\\u9632\\u6cbb\\u6076\\u610f\\u653b\\u51fb\\u767b\\u9646\\uff0c\\u7f51\\u9875\\u9632\\u7be1\\u6539\\u7b49\\u591a\\u9879\\u5b89\\u5168\\u7ba1\\u7406\\u529f\\u80fd\\uff0c\\u4fdd\\u8bc1\\u7cfb\\u7edf\\u5b89\\u5168\\uff0c\\u53ef\\u9760\\uff0c\\u7a33\\u5b9a\\u7684\\u8fd0\\u884c\\u3002\"},{\"title\":\"\\u5e94\\u7528\\u6a21\\u5757\\u5316\",\"icon\":\"cubes\",\"content\":\"\\u63d0\\u51fa\\u5168\\u65b0\\u7684\\u5e94\\u7528\\u6a21\\u5f0f\\u8fdb\\u884c\\u6269\\u5c55\\uff0c\\u4e0d\\u7ba1\\u662f\\u4f60\\u5f00\\u53d1\\u4e00\\u4e2a\\u5c0f\\u529f\\u80fd\\u8fd8\\u662f\\u4e00\\u4e2a\\u5168\\u65b0\\u7684\\u7ad9\\u70b9\\uff0c\\u5728ThinkCMF\\u4e2d\\u4f60\\u53ea\\u662f\\u589e\\u52a0\\u4e86\\u4e00\\u4e2aAPP\\uff0c\\u6bcf\\u4e2a\\u72ec\\u7acb\\u8fd0\\u884c\\u4e92\\u4e0d\\u5f71\\u54cd\\uff0c\\u4fbf\\u4e8e\\u7075\\u6d3b\\u6269\\u5c55\\u548c\\u4e8c\\u6b21\\u5f00\\u53d1\\u3002\"},{\"title\":\"\\u514d\\u8d39\\u5f00\\u6e90\",\"icon\":\"certificate\",\"content\":\"\\u4ee3\\u7801\\u9075\\u5faaApache2\\u5f00\\u6e90\\u534f\\u8bae\\uff0c\\u514d\\u8d39\\u4f7f\\u7528\\uff0c\\u5bf9\\u5546\\u4e1a\\u7528\\u6237\\u4e5f\\u65e0\\u4efb\\u4f55\\u9650\\u5236\\u3002\"}],\"type\":\"array\",\"item\":{\"title\":{\"title\":\"\\u6807\\u9898\",\"value\":\"\",\"type\":\"text\",\"rule\":{\"require\":true}},\"icon\":{\"title\":\"\\u56fe\\u6807\",\"value\":\"\",\"type\":\"text\"},\"content\":{\"title\":\"\\u63cf\\u8ff0\",\"value\":\"\",\"type\":\"textarea\"}},\"tip\":\"\"}}},\"last_news\":{\"title\":\"\\u6700\\u65b0\\u8d44\\u8baf\",\"display\":\"1\",\"vars\":{\"last_news_category_id\":{\"title\":\"\\u6587\\u7ae0\\u5206\\u7c7bID\",\"value\":\"\",\"type\":\"text\",\"dataSource\":{\"api\":\"portal\\/Category\\/index\",\"multi\":true},\"placeholder\":\"\\u8bf7\\u9009\\u62e9\\u5206\\u7c7b\",\"tip\":\"\",\"rule\":{\"require\":true}}}}}}',`description`='首页模板文件',`is_public`=0,`list_order`=5  WHERE  `theme` = 'simpleboot3'  AND `file` = 'portal/index' [ RunTime:0.067513s ]
[ sql ] [ SQL ] SELECT * FROM `cmf_theme_file` WHERE  `theme` = 'simpleboot3'  AND `file` = 'portal/list' LIMIT 1 [ RunTime:0.001373s ]
[ sql ] [ SQL ] UPDATE `cmf_theme_file`  SET `theme`='simpleboot3',`action`='portal/List/index',`file`='portal/list',`name`='文章列表页',`more`='{\"vars\":[],\"widgets\":{\"hottest_articles\":{\"title\":\"\\u70ed\\u95e8\\u6587\\u7ae0\",\"display\":\"1\",\"vars\":{\"hottest_articles_category_id\":{\"title\":\"\\u6587\\u7ae0\\u5206\\u7c7bID\",\"value\":\"\",\"type\":\"text\",\"dataSource\":{\"api\":\"portal\\/category\\/index\",\"multi\":true},\"placeholder\":\"\\u8bf7\\u9009\\u62e9\\u5206\\u7c7b\",\"tip\":\"\",\"rule\":{\"require\":true}}}},\"last_articles\":{\"title\":\"\\u6700\\u65b0\\u53d1\\u5e03\",\"display\":\"1\",\"vars\":{\"last_articles_category_id\":{\"title\":\"\\u6587\\u7ae0\\u5206\\u7c7bID\",\"value\":\"\",\"type\":\"text\",\"dataSource\":{\"api\":\"portal\\/category\\/index\",\"multi\":true},\"placeholder\":\"\\u8bf7\\u9009\\u62e9\\u5206\\u7c7b\",\"tip\":\"\",\"rule\":{\"require\":true}}}}}}',`config_more`='{\"vars\":[],\"widgets\":{\"hottest_articles\":{\"title\":\"\\u70ed\\u95e8\\u6587\\u7ae0\",\"display\":\"1\",\"vars\":{\"hottest_articles_category_id\":{\"title\":\"\\u6587\\u7ae0\\u5206\\u7c7bID\",\"value\":\"\",\"type\":\"text\",\"dataSource\":{\"api\":\"portal\\/category\\/index\",\"multi\":true},\"placeholder\":\"\\u8bf7\\u9009\\u62e9\\u5206\\u7c7b\",\"tip\":\"\",\"rule\":{\"require\":true}}}},\"last_articles\":{\"title\":\"\\u6700\\u65b0\\u53d1\\u5e03\",\"display\":\"1\",\"vars\":{\"last_articles_category_id\":{\"title\":\"\\u6587\\u7ae0\\u5206\\u7c7bID\",\"value\":\"\",\"type\":\"text\",\"dataSource\":{\"api\":\"portal\\/category\\/index\",\"multi\":true},\"placeholder\":\"\\u8bf7\\u9009\\u62e9\\u5206\\u7c7b\",\"tip\":\"\",\"rule\":{\"require\":true}}}}}}',`description`='文章列表模板文件',`is_public`=0,`list_order`=10  WHERE  `theme` = 'simpleboot3'  AND `file` = 'portal/list' [ RunTime:0.037804s ]
[ sql ] [ SQL ] SELECT * FROM `cmf_theme_file` WHERE  `theme` = 'simpleboot3'  AND `file` = 'portal/page' LIMIT 1 [ RunTime:0.001429s ]
[ sql ] [ SQL ] UPDATE `cmf_theme_file`  SET `theme`='simpleboot3',`action`='portal/Page/index',`file`='portal/page',`name`='单页面',`more`='{\"widgets\":{\"hottest_articles\":{\"title\":\"\\u70ed\\u95e8\\u6587\\u7ae0\",\"display\":\"1\",\"vars\":{\"hottest_articles_category_id\":{\"title\":\"\\u6587\\u7ae0\\u5206\\u7c7bID\",\"value\":\"\",\"type\":\"text\",\"dataSource\":{\"api\":\"portal\\/category\\/index\",\"multi\":true},\"placeholder\":\"\\u8bf7\\u9009\\u62e9\\u5206\\u7c7b\",\"tip\":\"\",\"rule\":{\"require\":true}}}},\"last_articles\":{\"title\":\"\\u6700\\u65b0\\u53d1\\u5e03\",\"display\":\"1\",\"vars\":{\"last_articles_category_id\":{\"title\":\"\\u6587\\u7ae0\\u5206\\u7c7bID\",\"value\":\"\",\"type\":\"text\",\"dataSource\":{\"api\":\"portal\\/category\\/index\",\"multi\":true},\"placeholder\":\"\\u8bf7\\u9009\\u62e9\\u5206\\u7c7b\",\"tip\":\"\",\"rule\":{\"require\":true}}}}}}',`config_more`='{\"widgets\":{\"hottest_articles\":{\"title\":\"\\u70ed\\u95e8\\u6587\\u7ae0\",\"display\":\"1\",\"vars\":{\"hottest_articles_category_id\":{\"title\":\"\\u6587\\u7ae0\\u5206\\u7c7bID\",\"value\":\"\",\"type\":\"text\",\"dataSource\":{\"api\":\"portal\\/category\\/index\",\"multi\":true},\"placeholder\":\"\\u8bf7\\u9009\\u62e9\\u5206\\u7c7b\",\"tip\":\"\",\"rule\":{\"require\":true}}}},\"last_articles\":{\"title\":\"\\u6700\\u65b0\\u53d1\\u5e03\",\"display\":\"1\",\"vars\":{\"last_articles_category_id\":{\"title\":\"\\u6587\\u7ae0\\u5206\\u7c7bID\",\"value\":\"\",\"type\":\"text\",\"dataSource\":{\"api\":\"portal\\/category\\/index\",\"multi\":true},\"placeholder\":\"\\u8bf7\\u9009\\u62e9\\u5206\\u7c7b\",\"tip\":\"\",\"rule\":{\"require\":true}}}}}}',`description`='单页面模板文件',`is_public`=0,`list_order`=10  WHERE  `theme` = 'simpleboot3'  AND `file` = 'portal/page' [ RunTime:0.035740s ]
[ sql ] [ SQL ] SELECT * FROM `cmf_theme_file` WHERE  `theme` = 'simpleboot3'  AND `file` = 'portal/search' LIMIT 1 [ RunTime:0.001528s ]
[ sql ] [ SQL ] UPDATE `cmf_theme_file`  SET `theme`='simpleboot3',`action`='portal/search/index',`file`='portal/search',`name`='搜索页面',`more`='{\"vars\":{\"varName1\":{\"title\":\"\\u70ed\\u95e8\\u641c\\u7d22\",\"value\":\"1\",\"type\":\"text\",\"tip\":\"\\u8fd9\\u662f\\u4e00\\u4e2atext\",\"rule\":{\"require\":true}}}}',`config_more`='{\"vars\":{\"varName1\":{\"title\":\"\\u70ed\\u95e8\\u641c\\u7d22\",\"value\":\"1\",\"type\":\"text\",\"tip\":\"\\u8fd9\\u662f\\u4e00\\u4e2atext\",\"rule\":{\"require\":true}}}}',`description`='搜索模板文件',`is_public`=0,`list_order`=10  WHERE  `theme` = 'simpleboot3'  AND `file` = 'portal/search' [ RunTime:0.037251s ]
[ sql ] [ SQL ] SELECT * FROM `cmf_theme_file` WHERE  `theme` = 'simpleboot3'  AND `file` = 'public/config' LIMIT 1 [ RunTime:0.001455s ]
[ sql ] [ SQL ] UPDATE `cmf_theme_file`  SET `theme`='simpleboot3',`action`='public/Config',`file`='public/config',`name`='模板全局配置',`more`='{\"vars\":{\"enable_mobile\":{\"title\":\"\\u624b\\u673a\\u6ce8\\u518c\",\"value\":1,\"type\":\"select\",\"options\":{\"1\":\"\\u5f00\\u542f\",\"0\":\"\\u5173\\u95ed\"},\"tip\":\"\"}}}',`config_more`='{\"vars\":{\"enable_mobile\":{\"title\":\"\\u624b\\u673a\\u6ce8\\u518c\",\"value\":1,\"type\":\"select\",\"options\":{\"1\":\"\\u5f00\\u542f\",\"0\":\"\\u5173\\u95ed\"},\"tip\":\"\"}}}',`description`='模板全局配置文件',`is_public`=1,`list_order`=0  WHERE  `theme` = 'simpleboot3'  AND `file` = 'public/config' [ RunTime:0.060431s ]
[ sql ] [ SQL ] SELECT * FROM `cmf_theme_file` WHERE  `theme` = 'simpleboot3'  AND `file` = 'public/nav' LIMIT 1 [ RunTime:0.001456s ]
[ sql ] [ SQL ] UPDATE `cmf_theme_file`  SET `theme`='simpleboot3',`action`='public/Nav',`file`='public/nav',`name`='导航条',`more`='{\"vars\":{\"company_name\":{\"title\":\"\\u516c\\u53f8\\u540d\\u79f0\",\"name\":\"company_name\",\"value\":\"ThinkCMF\",\"type\":\"text\",\"tip\":\"\",\"rule\":[]}}}',`config_more`='{\"vars\":{\"company_name\":{\"title\":\"\\u516c\\u53f8\\u540d\\u79f0\",\"name\":\"company_name\",\"value\":\"ThinkCMF\",\"type\":\"text\",\"tip\":\"\",\"rule\":[]}}}',`description`='导航条模板文件',`is_public`=1,`list_order`=1  WHERE  `theme` = 'simpleboot3'  AND `file` = 'public/nav' [ RunTime:0.037936s ]
[ sql ] [ SQL ] SELECT * FROM `cmf_theme_file` WHERE  `theme` = 'simpleboot3' [ RunTime:0.001454s ]
[ sql ] [ SQL ] SHOW COLUMNS FROM `cmf_theme` [ RunTime:0.032815s ]
[ sql ] [ SQL ] UPDATE `cmf_theme`  SET `name`='simpleboot3',`version`='1.0.2',`demo_url`='http://demo.thinkcmf.com',`author`='ThinkCMF',`lang`='zh-cn',`author_url`='http://www.thinkcmf.com',`keywords`='ThinkCMF模板',`description`='ThinkCMF默认模板'  WHERE  `theme` = 'simpleboot3' [ RunTime:0.078578s ]
[ sql ] [ SQL ] SELECT `more` FROM `cmf_theme_file` WHERE  `theme` = 'simpleboot3'  AND (  `is_public` = 1 OR `file` = 'portal/index' ) [ RunTime:0.001485s ]
[ sql ] [ SQL ] SHOW COLUMNS FROM `cmf_nav` [ RunTime:0.015146s ]
[ sql ] [ SQL ] SELECT `id` FROM `cmf_nav` WHERE  `is_main` = 1 LIMIT 1 [ RunTime:0.016251s ]
[ sql ] [ SQL ] SHOW COLUMNS FROM `cmf_nav_menu` [ RunTime:0.014135s ]
[ sql ] [ SQL ] SELECT * FROM `cmf_nav_menu` WHERE  `nav_id` = 1  AND `status` = 1 ORDER BY `list_order` ASC [ RunTime:0.018501s ]
[ sql ] [ SQL ] SHOW COLUMNS FROM `cmf_slide` [ RunTime:0.030332s ]
[ sql ] [ SQL ] SELECT COUNT(*) AS tp_count FROM `cmf_slide` WHERE  `id` = 1  AND `status` = 1  AND `delete_time` = 0 LIMIT 1 [ RunTime:0.013634s ]
[ sql ] [ SQL ] SHOW COLUMNS FROM `cmf_portal_post` [ RunTime:0.044150s ]
[ sql ] [ SQL ] SELECT post.*,min(category_post.category_id) as category_id FROM `cmf_portal_post` `post` INNER JOIN `cmf_portal_category_post` `category_post` ON `post`.`id`=`category_post`.`post_id` WHERE  ( `post`.`published_time` >  '0' AND `post`.`published_time` < 1534677549 )  AND `post`.`post_status` = 1  AND `post`.`post_type` = 1  AND `post`.`delete_time` = 0  AND `category_post`.`category_id` = '1' GROUP BY `post`.`id` ORDER BY `post`.`published_time` DESC LIMIT 4 [ RunTime:0.105936s ]
[ sql ] [ SQL ] SHOW COLUMNS FROM `cmf_link` [ RunTime:0.057871s ]
[ sql ] [ SQL ] SELECT * FROM `cmf_link` WHERE  `status` = 1 ORDER BY `list_order` ASC [ RunTime:0.039008s ]
---------------------------------------------------------------
[ 2018-08-19T19:19:10+08:00 ] 127.0.0.1 POST /user/index/islogin.html
[ info ] sp.com/user/index/islogin.html [运行时间：0.229514s][吞吐率：4.36req/s] [内存消耗：2,962.98kb] [文件加载：67]
[ info ] [ CACHE ] INIT File
[ info ] [ BEHAVIOR ] Run cmf\behavior\InitHookBehavior @app_init [ RunTime:0.006297s ]
[ info ] [ LANG ] D:\workspace\www\sp\web\simplewind\thinkphp\lang\zh-cn.php
[ info ] [ ROUTE ] array (
  'type' => 'module',
  'module' => 
  array (
    0 => 'user',
    1 => 'index',
    2 => 'islogin',
  ),
)
[ info ] [ HEADER ] array (
  'host' => 'sp.com',
  'connection' => 'keep-alive',
  'content-length' => '0',
  'accept' => '*/*',
  'origin' => 'http://sp.com',
  'x-requested-with' => 'XMLHttpRequest',
  'user-agent' => 'Mozilla/5.0 (Windows NT 10.0; WOW64) AppleWebKit/537.36 (KHTML, like Gecko) Chrome/68.0.3440.106 Safari/537.36',
  'referer' => 'http://sp.com/',
  'accept-encoding' => 'gzip, deflate',
  'accept-language' => 'zh-CN,zh;q=0.9',
  'cookie' => 'PHPSESSID=ub6l5h45udhun8vpsa336ce7rq; thinkphp_show_page_trace=0|0',
)
[ info ] [ PARAM ] array (
)
[ info ] [ LANG ] D:\workspace\www\sp\web\public/../simplewind/cmf/lang\zh-cn.php
[ info ] [ LANG ] D:\workspace\www\sp\web\public/../app/admin\lang\zh-cn\common.php
[ info ] [ LANG ] D:\workspace\www\sp\web\public/../app/portal\lang\zh-cn\common.php
[ info ] [ BEHAVIOR ] Run cmf\behavior\LangBehavior @app_begin [ RunTime:0.003133s ]
[ info ] [ LANG ] D:\workspace\www\sp\web\public/../app/user\lang\zh-cn.php
[ info ] [ DB ] INIT mysql
[ info ] [ LANG ] D:\workspace\www\sp\web\public/../app/portal\lang\zh-cn\home.php
[ info ] [ BEHAVIOR ] Run cmf\behavior\HomeLangBehavior @home_init [ RunTime:0.001380s ]
[ info ] [ RUN ] app\user\controller\IndexController->isLogin[ D:\workspace\www\sp\web\app\user\controller\IndexController.php ]
[ info ] [ SESSION ] INIT array (
  'id' => '',
  'var_session_id' => '',
  'prefix' => 'think',
  'type' => '',
  'auto_start' => true,
)
[ info ] [ LOG ] INIT File
[ sql ] [ DB ] CONNECT:[ UseTime:0.010924s ] mysql:host=127.0.0.1;port=3306;dbname=sp;charset=utf8mb4
[ sql ] [ SQL ] SHOW COLUMNS FROM `cmf_option` [ RunTime:0.019062s ]
[ sql ] [ SQL ] SELECT `option_value` FROM `cmf_option` WHERE  `option_name` = 'cdn_settings' LIMIT 1 [ RunTime:0.000444s ]
---------------------------------------------------------------
[ 2018-08-19T19:19:14+08:00 ] 127.0.0.1 GET /admin
[ info ] sp.com/admin [运行时间：0.469239s][吞吐率：2.13req/s] [内存消耗：3,011.32kb] [文件加载：68]
[ info ] [ CACHE ] INIT File
[ info ] [ BEHAVIOR ] Run cmf\behavior\InitHookBehavior @app_init [ RunTime:0.003079s ]
[ info ] [ LANG ] D:\workspace\www\sp\web\simplewind\thinkphp\lang\zh-cn.php
[ info ] [ ROUTE ] array (
  'type' => 'module',
  'module' => 
  array (
    0 => 'admin',
    1 => NULL,
    2 => NULL,
  ),
)
[ info ] [ HEADER ] array (
  'host' => 'sp.com',
  'connection' => 'keep-alive',
  'upgrade-insecure-requests' => '1',
  'user-agent' => 'Mozilla/5.0 (Windows NT 10.0; WOW64) AppleWebKit/537.36 (KHTML, like Gecko) Chrome/68.0.3440.106 Safari/537.36',
  'accept' => 'text/html,application/xhtml+xml,application/xml;q=0.9,image/webp,image/apng,*/*;q=0.8',
  'accept-encoding' => 'gzip, deflate',
  'accept-language' => 'zh-CN,zh;q=0.9',
  'cookie' => 'PHPSESSID=ub6l5h45udhun8vpsa336ce7rq; thinkphp_show_page_trace=0|0',
)
[ info ] [ PARAM ] array (
)
[ info ] [ LANG ] D:\workspace\www\sp\web\public/../simplewind/cmf/lang\zh-cn.php
[ info ] [ LANG ] D:\workspace\www\sp\web\public/../app/admin\lang\zh-cn\common.php
[ info ] [ LANG ] D:\workspace\www\sp\web\public/../app/portal\lang\zh-cn\common.php
[ info ] [ BEHAVIOR ] Run cmf\behavior\LangBehavior @app_begin [ RunTime:0.001363s ]
[ info ] [ LANG ] D:\workspace\www\sp\web\public/../app/admin\lang\zh-cn.php
[ info ] [ DB ] INIT mysql
[ info ] [ SESSION ] INIT array (
  'id' => '',
  'var_session_id' => '',
  'prefix' => 'think',
  'type' => '',
  'auto_start' => true,
)
[ info ] [ LANG ] D:\workspace\www\sp\web\public/../app/admin\lang\zh-cn\admin_menu.php
[ info ] [ LANG ] D:\workspace\www\sp\web\public/../app/admin\lang\zh-cn\admin.php
[ info ] [ LANG ] D:\workspace\www\sp\web\public/../app/user\lang\zh-cn\admin_menu.php
[ info ] [ LANG ] D:\workspace\www\sp\web\public/../data/lang/zh-cn/admin_menu.php
[ info ] [ BEHAVIOR ] Run cmf\behavior\AdminLangBehavior @admin_init [ RunTime:0.122854s ]
[ info ] [ LOG ] INIT File
[ sql ] [ DB ] CONNECT:[ UseTime:0.011397s ] mysql:host=127.0.0.1;port=3306;dbname=sp;charset=utf8mb4
[ sql ] [ SQL ] SHOW COLUMNS FROM `cmf_option` [ RunTime:0.027572s ]
[ sql ] [ SQL ] SELECT `option_value` FROM `cmf_option` WHERE  `option_name` = 'cdn_settings' LIMIT 1 [ RunTime:0.000840s ]
[ sql ] [ SQL ] SELECT `option_value` FROM `cmf_option` WHERE  `option_name` = 'admin_settings' LIMIT 1 [ RunTime:0.000762s ]
---------------------------------------------------------------
[ 2018-08-19T19:19:15+08:00 ] 127.0.0.1 GET /admin/public/login.html
[ info ] sp.com/admin/public/login.html [运行时间：0.311040s][吞吐率：3.22req/s] [内存消耗：3,265.39kb] [文件加载：70]
[ info ] [ CACHE ] INIT File
[ info ] [ BEHAVIOR ] Run cmf\behavior\InitHookBehavior @app_init [ RunTime:0.005345s ]
[ info ] [ LANG ] D:\workspace\www\sp\web\simplewind\thinkphp\lang\zh-cn.php
[ info ] [ ROUTE ] array (
  'type' => 'module',
  'module' => 
  array (
    0 => 'admin',
    1 => 'public',
    2 => 'login',
  ),
)
[ info ] [ HEADER ] array (
  'host' => 'sp.com',
  'connection' => 'keep-alive',
  'upgrade-insecure-requests' => '1',
  'user-agent' => 'Mozilla/5.0 (Windows NT 10.0; WOW64) AppleWebKit/537.36 (KHTML, like Gecko) Chrome/68.0.3440.106 Safari/537.36',
  'accept' => 'text/html,application/xhtml+xml,application/xml;q=0.9,image/webp,image/apng,*/*;q=0.8',
  'accept-encoding' => 'gzip, deflate',
  'accept-language' => 'zh-CN,zh;q=0.9',
  'cookie' => 'PHPSESSID=ub6l5h45udhun8vpsa336ce7rq; thinkphp_show_page_trace=0|0',
)
[ info ] [ PARAM ] array (
)
[ info ] [ LANG ] D:\workspace\www\sp\web\public/../simplewind/cmf/lang\zh-cn.php
[ info ] [ LANG ] D:\workspace\www\sp\web\public/../app/admin\lang\zh-cn\common.php
[ info ] [ LANG ] D:\workspace\www\sp\web\public/../app/portal\lang\zh-cn\common.php
[ info ] [ BEHAVIOR ] Run cmf\behavior\LangBehavior @app_begin [ RunTime:0.002595s ]
[ info ] [ LANG ] D:\workspace\www\sp\web\public/../app/admin\lang\zh-cn.php
[ info ] [ DB ] INIT mysql
[ info ] [ RUN ] app\admin\controller\PublicController->login[ D:\workspace\www\sp\web\app\admin\controller\PublicController.php ]
[ info ] [ SESSION ] INIT array (
  'id' => '',
  'var_session_id' => '',
  'prefix' => 'think',
  'type' => '',
  'auto_start' => true,
)
[ info ] [ VIEW ] themes/admin_simpleboot3/admin\\login.html [ array (
) ]
[ info ] [ LOG ] INIT File
[ sql ] [ DB ] CONNECT:[ UseTime:0.009978s ] mysql:host=127.0.0.1;port=3306;dbname=sp;charset=utf8mb4
[ sql ] [ SQL ] SHOW COLUMNS FROM `cmf_option` [ RunTime:0.041655s ]
[ sql ] [ SQL ] SELECT `option_value` FROM `cmf_option` WHERE  `option_name` = 'cdn_settings' LIMIT 1 [ RunTime:0.001140s ]
[ sql ] [ SQL ] SELECT `option_value` FROM `cmf_option` WHERE  `option_name` = 'admin_settings' LIMIT 1 [ RunTime:0.000655s ]
[ sql ] [ SQL ] SELECT `option_value` FROM `cmf_option` WHERE  `option_name` = 'admin_settings' LIMIT 1 [ RunTime:0.000467s ]
---------------------------------------------------------------
[ 2018-08-19T19:19:15+08:00 ] 127.0.0.1 GET /captcha/new.html?height=32&width=150&font_size=18
[ info ] sp.com/captcha/new.html?height=32&width=150&font_size=18 [运行时间：0.144643s][吞吐率：6.91req/s] [内存消耗：1,900.00kb] [文件加载：49]
[ info ] [ CACHE ] INIT File
[ info ] [ BEHAVIOR ] Run cmf\behavior\InitHookBehavior @app_init [ RunTime:0.005343s ]
[ info ] [ LANG ] D:\workspace\www\sp\web\simplewind\thinkphp\lang\zh-cn.php
[ info ] [ ROUTE ] array (
  'type' => 'method',
  'method' => 
  array (
    0 => '\\cmf\\controller\\CaptchaController',
    1 => 'index',
  ),
  'var' => 
  array (
  ),
)
[ info ] [ HEADER ] array (
  'host' => 'sp.com',
  'connection' => 'keep-alive',
  'user-agent' => 'Mozilla/5.0 (Windows NT 10.0; WOW64) AppleWebKit/537.36 (KHTML, like Gecko) Chrome/68.0.3440.106 Safari/537.36',
  'accept' => 'image/webp,image/apng,image/*,*/*;q=0.8',
  'referer' => 'http://sp.com/admin/public/login.html',
  'accept-encoding' => 'gzip, deflate',
  'accept-language' => 'zh-CN,zh;q=0.9',
  'cookie' => 'PHPSESSID=ub6l5h45udhun8vpsa336ce7rq; thinkphp_show_page_trace=0|0',
)
[ info ] [ PARAM ] array (
  'height' => '32',
  'width' => '150',
  'font_size' => '18',
)
[ info ] [ LANG ] D:\workspace\www\sp\web\public/../simplewind/cmf/lang\zh-cn.php
[ info ] [ LANG ] D:\workspace\www\sp\web\public/../app/admin\lang\zh-cn\common.php
[ info ] [ LANG ] D:\workspace\www\sp\web\public/../app/portal\lang\zh-cn\common.php
[ info ] [ BEHAVIOR ] Run cmf\behavior\LangBehavior @app_begin [ RunTime:0.002128s ]
[ info ] [ RUN ] cmf\controller\CaptchaController->index[ D:\workspace\www\sp\web\simplewind\cmf\controller\CaptchaController.php ]
[ info ] [ SESSION ] INIT array (
  'id' => '',
  'var_session_id' => '',
  'prefix' => 'think',
  'type' => '',
  'auto_start' => true,
)
[ info ] [ LOG ] INIT File
---------------------------------------------------------------
[ 2018-08-19T19:19:15+08:00 ] 127.0.0.1 GET /favicon.ico
[ info ] sp.com/favicon.ico [运行时间：0.192600s][吞吐率：5.19req/s] [内存消耗：1,902.99kb] [文件加载：52]
[ info ] [ CACHE ] INIT File
[ info ] [ BEHAVIOR ] Run cmf\behavior\InitHookBehavior @app_init [ RunTime:0.003426s ]
[ info ] [ LANG ] D:\workspace\www\sp\web\simplewind\thinkphp\lang\zh-cn.php
[ info ] [ ROUTE ] array (
  'type' => 'module',
  'module' => 
  array (
    0 => 'favicon.ico',
    1 => NULL,
    2 => NULL,
  ),
)
[ info ] [ HEADER ] array (
  'host' => 'sp.com',
  'connection' => 'keep-alive',
  'user-agent' => 'Mozilla/5.0 (Windows NT 10.0; WOW64) AppleWebKit/537.36 (KHTML, like Gecko) Chrome/68.0.3440.106 Safari/537.36',
  'accept' => 'image/webp,image/apng,image/*,*/*;q=0.8',
  'referer' => 'http://sp.com/admin/public/login.html',
  'accept-encoding' => 'gzip, deflate',
  'accept-language' => 'zh-CN,zh;q=0.9',
  'cookie' => 'PHPSESSID=ub6l5h45udhun8vpsa336ce7rq; thinkphp_show_page_trace=0|0',
)
[ info ] [ PARAM ] array (
)
[ info ] [ LANG ] D:\workspace\www\sp\web\public/../simplewind/cmf/lang\zh-cn.php
[ info ] [ LANG ] D:\workspace\www\sp\web\public/../app/admin\lang\zh-cn\common.php
[ info ] [ LANG ] D:\workspace\www\sp\web\public/../app/portal\lang\zh-cn\common.php
[ info ] [ BEHAVIOR ] Run cmf\behavior\LangBehavior @app_begin [ RunTime:0.001905s ]
[ info ] [ LOG ] INIT File
---------------------------------------------------------------
[ 2018-08-19T19:19:24+08:00 ] 127.0.0.1 POST /admin/public/dologin.html
[ info ] sp.com/admin/public/dologin.html [运行时间：0.129943s][吞吐率：7.70req/s] [内存消耗：3,045.71kb] [文件加载：67]
[ info ] [ CACHE ] INIT File
[ info ] [ BEHAVIOR ] Run cmf\behavior\InitHookBehavior @app_init [ RunTime:0.004874s ]
[ info ] [ LANG ] D:\workspace\www\sp\web\simplewind\thinkphp\lang\zh-cn.php
[ info ] [ ROUTE ] array (
  'type' => 'module',
  'module' => 
  array (
    0 => 'admin',
    1 => 'public',
    2 => 'dologin',
  ),
)
[ info ] [ HEADER ] array (
  'host' => 'sp.com',
  'connection' => 'keep-alive',
  'content-length' => '68',
  'accept' => 'application/json, text/javascript, */*; q=0.01',
  'origin' => 'http://sp.com',
  'x-requested-with' => 'XMLHttpRequest',
  'user-agent' => 'Mozilla/5.0 (Windows NT 10.0; WOW64) AppleWebKit/537.36 (KHTML, like Gecko) Chrome/68.0.3440.106 Safari/537.36',
  'content-type' => 'application/x-www-form-urlencoded; charset=UTF-8',
  'referer' => 'http://sp.com/admin/public/login.html',
  'accept-encoding' => 'gzip, deflate',
  'accept-language' => 'zh-CN,zh;q=0.9',
  'cookie' => 'thinkphp_show_page_trace=0|0; PHPSESSID=ub6l5h45udhun8vpsa336ce7rq; thinkphp_show_page_trace=0|0',
)
[ info ] [ PARAM ] array (
  'username' => 'admin',
  'password' => 'admin888',
  'captcha' => 'icpr',
  '_captcha_id' => '',
  'redirect' => '',
)
[ info ] [ LANG ] D:\workspace\www\sp\web\public/../simplewind/cmf/lang\zh-cn.php
[ info ] [ LANG ] D:\workspace\www\sp\web\public/../app/admin\lang\zh-cn\common.php
[ info ] [ LANG ] D:\workspace\www\sp\web\public/../app/portal\lang\zh-cn\common.php
[ info ] [ BEHAVIOR ] Run cmf\behavior\LangBehavior @app_begin [ RunTime:0.002749s ]
[ info ] [ LANG ] D:\workspace\www\sp\web\public/../app/admin\lang\zh-cn.php
[ info ] [ DB ] INIT mysql
[ info ] [ RUN ] app\admin\controller\PublicController->doLogin[ D:\workspace\www\sp\web\app\admin\controller\PublicController.php ]
[ info ] [ SESSION ] INIT array (
  'id' => '',
  'var_session_id' => '',
  'prefix' => 'think',
  'type' => '',
  'auto_start' => true,
)
[ info ] [ LOG ] INIT File
[ sql ] [ DB ] CONNECT:[ UseTime:0.010632s ] mysql:host=127.0.0.1;port=3306;dbname=sp;charset=utf8mb4
[ sql ] [ SQL ] SHOW COLUMNS FROM `cmf_option` [ RunTime:0.024651s ]
[ sql ] [ SQL ] SELECT `option_value` FROM `cmf_option` WHERE  `option_name` = 'cdn_settings' LIMIT 1 [ RunTime:0.001313s ]
---------------------------------------------------------------
[ 2018-08-19T19:19:24+08:00 ] 127.0.0.1 GET /captcha/new.html?height=32&width=150&font_size=18&refresh=0.7746276390014615
[ info ] sp.com/captcha/new.html?height=32&width=150&font_size=18&refresh=0.7746276390014615 [运行时间：0.203728s][吞吐率：4.91req/s] [内存消耗：1,900.20kb] [文件加载：49]
[ info ] [ CACHE ] INIT File
[ info ] [ BEHAVIOR ] Run cmf\behavior\InitHookBehavior @app_init [ RunTime:0.005457s ]
[ info ] [ LANG ] D:\workspace\www\sp\web\simplewind\thinkphp\lang\zh-cn.php
[ info ] [ ROUTE ] array (
  'type' => 'method',
  'method' => 
  array (
    0 => '\\cmf\\controller\\CaptchaController',
    1 => 'index',
  ),
  'var' => 
  array (
  ),
)
[ info ] [ HEADER ] array (
  'host' => 'sp.com',
  'connection' => 'keep-alive',
  'user-agent' => 'Mozilla/5.0 (Windows NT 10.0; WOW64) AppleWebKit/537.36 (KHTML, like Gecko) Chrome/68.0.3440.106 Safari/537.36',
  'accept' => 'image/webp,image/apng,image/*,*/*;q=0.8',
  'referer' => 'http://sp.com/admin/public/login.html',
  'accept-encoding' => 'gzip, deflate',
  'accept-language' => 'zh-CN,zh;q=0.9',
  'cookie' => 'PHPSESSID=ub6l5h45udhun8vpsa336ce7rq; thinkphp_show_page_trace=0|0',
)
[ info ] [ PARAM ] array (
  'height' => '32',
  'width' => '150',
  'font_size' => '18',
  'refresh' => '0.7746276390014615',
)
[ info ] [ LANG ] D:\workspace\www\sp\web\public/../simplewind/cmf/lang\zh-cn.php
[ info ] [ LANG ] D:\workspace\www\sp\web\public/../app/admin\lang\zh-cn\common.php
[ info ] [ LANG ] D:\workspace\www\sp\web\public/../app/portal\lang\zh-cn\common.php
[ info ] [ BEHAVIOR ] Run cmf\behavior\LangBehavior @app_begin [ RunTime:0.002876s ]
[ info ] [ RUN ] cmf\controller\CaptchaController->index[ D:\workspace\www\sp\web\simplewind\cmf\controller\CaptchaController.php ]
[ info ] [ SESSION ] INIT array (
  'id' => '',
  'var_session_id' => '',
  'prefix' => 'think',
  'type' => '',
  'auto_start' => true,
)
[ info ] [ LOG ] INIT File
---------------------------------------------------------------
[ 2018-08-19T19:19:31+08:00 ] 127.0.0.1 POST /admin/public/dologin.html
[ info ] sp.com/admin/public/dologin.html [运行时间：0.281407s][吞吐率：3.55req/s] [内存消耗：3,103.25kb] [文件加载：68]
[ info ] [ CACHE ] INIT File
[ info ] [ BEHAVIOR ] Run cmf\behavior\InitHookBehavior @app_init [ RunTime:0.004518s ]
[ info ] [ LANG ] D:\workspace\www\sp\web\simplewind\thinkphp\lang\zh-cn.php
[ info ] [ ROUTE ] array (
  'type' => 'module',
  'module' => 
  array (
    0 => 'admin',
    1 => 'public',
    2 => 'dologin',
  ),
)
[ info ] [ HEADER ] array (
  'host' => 'sp.com',
  'connection' => 'keep-alive',
  'content-length' => '68',
  'accept' => 'application/json, text/javascript, */*; q=0.01',
  'origin' => 'http://sp.com',
  'x-requested-with' => 'XMLHttpRequest',
  'user-agent' => 'Mozilla/5.0 (Windows NT 10.0; WOW64) AppleWebKit/537.36 (KHTML, like Gecko) Chrome/68.0.3440.106 Safari/537.36',
  'content-type' => 'application/x-www-form-urlencoded; charset=UTF-8',
  'referer' => 'http://sp.com/admin/public/login.html',
  'accept-encoding' => 'gzip, deflate',
  'accept-language' => 'zh-CN,zh;q=0.9',
  'cookie' => 'thinkphp_show_page_trace=0|0; PHPSESSID=ub6l5h45udhun8vpsa336ce7rq; thinkphp_show_page_trace=0|0',
)
[ info ] [ PARAM ] array (
  'username' => 'admin',
  'password' => 'admin888',
  'captcha' => 'akpa',
  '_captcha_id' => '',
  'redirect' => '',
)
[ info ] [ LANG ] D:\workspace\www\sp\web\public/../simplewind/cmf/lang\zh-cn.php
[ info ] [ LANG ] D:\workspace\www\sp\web\public/../app/admin\lang\zh-cn\common.php
[ info ] [ LANG ] D:\workspace\www\sp\web\public/../app/portal\lang\zh-cn\common.php
[ info ] [ BEHAVIOR ] Run cmf\behavior\LangBehavior @app_begin [ RunTime:0.001828s ]
[ info ] [ LANG ] D:\workspace\www\sp\web\public/../app/admin\lang\zh-cn.php
[ info ] [ DB ] INIT mysql
[ info ] [ RUN ] app\admin\controller\PublicController->doLogin[ D:\workspace\www\sp\web\app\admin\controller\PublicController.php ]
[ info ] [ SESSION ] INIT array (
  'id' => '',
  'var_session_id' => '',
  'prefix' => 'think',
  'type' => '',
  'auto_start' => true,
)
[ info ] [ LOG ] INIT File
[ sql ] [ DB ] CONNECT:[ UseTime:0.011359s ] mysql:host=127.0.0.1;port=3306;dbname=sp;charset=utf8mb4
[ sql ] [ SQL ] SHOW COLUMNS FROM `cmf_option` [ RunTime:0.018967s ]
[ sql ] [ SQL ] SELECT `option_value` FROM `cmf_option` WHERE  `option_name` = 'cdn_settings' LIMIT 1 [ RunTime:0.000543s ]
[ sql ] [ SQL ] SHOW COLUMNS FROM `cmf_user` [ RunTime:0.031228s ]
[ sql ] [ SQL ] SELECT * FROM `cmf_user` WHERE  `user_login` = 'admin' LIMIT 1 [ RunTime:0.001783s ]
[ sql ] [ SQL ] SHOW COLUMNS FROM `cmf_role_user` [ RunTime:0.028903s ]
[ sql ] [ SQL ] SELECT `role_id` FROM `cmf_role_user` `a` INNER JOIN `cmf_role` `b` ON `a`.`role_id`=`b`.`id` WHERE  `user_id` = 1  AND `status` = 1 LIMIT 1 [ RunTime:0.001332s ]
[ sql ] [ SQL ] SHOW COLUMNS FROM `cmf_user_token` [ RunTime:0.028577s ]
[ sql ] [ SQL ] SELECT * FROM `cmf_user_token` WHERE  `user_id` = 1  AND `device_type` = 'web' LIMIT 1 [ RunTime:0.012641s ]
[ sql ] [ SQL ] UPDATE `cmf_user`  SET `user_type`=1,`sex`=0,`birthday`=0,`last_login_time`=1534677571,`score`=0,`coin`=0,`balance`=0,`create_time`=1532654640,`user_status`=1,`user_login`='admin',`user_pass`='###add0a1c796bdbc9948966931c6b3355f',`user_nickname`='admin',`user_email`='sherlock3@163.com',`user_url`='',`avatar`='',`signature`='',`last_login_ip`='127.0.0.1',`user_activation_key`='',`mobile`='',`more`=NULL,`agency_id`=0  WHERE  `id` = 1 [ RunTime:0.057624s ]
---------------------------------------------------------------
[ 2018-08-19T19:19:33+08:00 ] 127.0.0.1 GET /admin/index/index.html
[ info ] sp.com/admin/index/index.html [运行时间：0.753580s][吞吐率：1.33req/s] [内存消耗：3,990.79kb] [文件加载：77]
[ info ] [ CACHE ] INIT File
[ info ] [ BEHAVIOR ] Run cmf\behavior\InitHookBehavior @app_init [ RunTime:0.012988s ]
[ info ] [ LANG ] D:\workspace\www\sp\web\simplewind\thinkphp\lang\zh-cn.php
[ info ] [ ROUTE ] array (
  'type' => 'module',
  'module' => 
  array (
    0 => 'admin',
    1 => 'index',
    2 => 'index',
  ),
)
[ info ] [ HEADER ] array (
  'host' => 'sp.com',
  'connection' => 'keep-alive',
  'upgrade-insecure-requests' => '1',
  'user-agent' => 'Mozilla/5.0 (Windows NT 10.0; WOW64) AppleWebKit/537.36 (KHTML, like Gecko) Chrome/68.0.3440.106 Safari/537.36',
  'accept' => 'text/html,application/xhtml+xml,application/xml;q=0.9,image/webp,image/apng,*/*;q=0.8',
  'referer' => 'http://sp.com/admin/public/login.html',
  'accept-encoding' => 'gzip, deflate',
  'accept-language' => 'zh-CN,zh;q=0.9',
  'cookie' => 'PHPSESSID=ub6l5h45udhun8vpsa336ce7rq; thinkphp_show_page_trace=0|0; admin_username=admin',
)
[ info ] [ PARAM ] array (
)
[ info ] [ LANG ] D:\workspace\www\sp\web\public/../simplewind/cmf/lang\zh-cn.php
[ info ] [ LANG ] D:\workspace\www\sp\web\public/../app/admin\lang\zh-cn\common.php
[ info ] [ LANG ] D:\workspace\www\sp\web\public/../app/portal\lang\zh-cn\common.php
[ info ] [ BEHAVIOR ] Run cmf\behavior\LangBehavior @app_begin [ RunTime:0.004599s ]
[ info ] [ LANG ] D:\workspace\www\sp\web\public/../app/admin\lang\zh-cn.php
[ info ] [ DB ] INIT mysql
[ info ] [ SESSION ] INIT array (
  'id' => '',
  'var_session_id' => '',
  'prefix' => 'think',
  'type' => '',
  'auto_start' => true,
)
[ info ] [ LANG ] D:\workspace\www\sp\web\public/../app/admin\lang\zh-cn\admin_menu.php
[ info ] [ LANG ] D:\workspace\www\sp\web\public/../app/admin\lang\zh-cn\admin.php
[ info ] [ LANG ] D:\workspace\www\sp\web\public/../app/user\lang\zh-cn\admin_menu.php
[ info ] [ LANG ] D:\workspace\www\sp\web\public/../data/lang/zh-cn/admin_menu.php
[ info ] [ BEHAVIOR ] Run cmf\behavior\AdminLangBehavior @admin_init [ RunTime:0.011103s ]
[ info ] [ RUN ] app\admin\controller\IndexController->index[ D:\workspace\www\sp\web\app\admin\controller\IndexController.php ]
[ info ] [ VIEW ] themes/admin_simpleboot3/admin\index\index.html [ array (
  0 => 'admin',
  1 => 'menus',
  2 => 'menus_js_var',
) ]
[ info ] [ LOG ] INIT File
[ sql ] [ DB ] CONNECT:[ UseTime:0.010808s ] mysql:host=127.0.0.1;port=3306;dbname=sp;charset=utf8mb4
[ sql ] [ SQL ] SHOW COLUMNS FROM `cmf_option` [ RunTime:0.068434s ]
[ sql ] [ SQL ] SELECT `option_value` FROM `cmf_option` WHERE  `option_name` = 'cdn_settings' LIMIT 1 [ RunTime:0.001242s ]
[ sql ] [ SQL ] SELECT `option_value` FROM `cmf_option` WHERE  `option_name` = 'admin_settings' LIMIT 1 [ RunTime:0.001271s ]
[ sql ] [ SQL ] SHOW COLUMNS FROM `cmf_user` [ RunTime:0.039365s ]
[ sql ] [ SQL ] SELECT * FROM `cmf_user` WHERE  `id` = 1 LIMIT 1 [ RunTime:0.002800s ]
[ sql ] [ SQL ] SHOW COLUMNS FROM `cmf_admin_menu` [ RunTime:0.033652s ]
[ sql ] [ SQL ] SELECT * FROM `cmf_admin_menu` ORDER BY `app` ASC,`controller` ASC,`action` ASC [ RunTime:0.004302s ]
[ sql ] [ SQL ] SELECT `option_value` FROM `cmf_option` WHERE  `option_name` = 'admin_settings' LIMIT 1 [ RunTime:0.000572s ]
[ sql ] [ SQL ] SELECT `option_value` FROM `cmf_option` WHERE  `option_name` = 'admin_settings' LIMIT 1 [ RunTime:0.000465s ]
---------------------------------------------------------------
[ 2018-08-19T19:19:34+08:00 ] 127.0.0.1 GET /admin/main/index.html
[ info ] sp.com/admin/main/index.html [运行时间：0.509466s][吞吐率：1.96req/s] [内存消耗：3,405.05kb] [文件加载：78]
[ info ] [ CACHE ] INIT File
[ info ] [ BEHAVIOR ] Run cmf\behavior\InitHookBehavior @app_init [ RunTime:0.004257s ]
[ info ] [ LANG ] D:\workspace\www\sp\web\simplewind\thinkphp\lang\zh-cn.php
[ info ] [ ROUTE ] array (
  'type' => 'module',
  'module' => 
  array (
    0 => 'admin',
    1 => 'main',
    2 => 'index',
  ),
)
[ info ] [ HEADER ] array (
  'host' => 'sp.com',
  'connection' => 'keep-alive',
  'upgrade-insecure-requests' => '1',
  'user-agent' => 'Mozilla/5.0 (Windows NT 10.0; WOW64) AppleWebKit/537.36 (KHTML, like Gecko) Chrome/68.0.3440.106 Safari/537.36',
  'accept' => 'text/html,application/xhtml+xml,application/xml;q=0.9,image/webp,image/apng,*/*;q=0.8',
  'referer' => 'http://sp.com/admin/index/index.html',
  'accept-encoding' => 'gzip, deflate',
  'accept-language' => 'zh-CN,zh;q=0.9',
  'cookie' => 'PHPSESSID=ub6l5h45udhun8vpsa336ce7rq; thinkphp_show_page_trace=0|0; admin_username=admin',
)
[ info ] [ PARAM ] array (
)
[ info ] [ LANG ] D:\workspace\www\sp\web\public/../simplewind/cmf/lang\zh-cn.php
[ info ] [ LANG ] D:\workspace\www\sp\web\public/../app/admin\lang\zh-cn\common.php
[ info ] [ LANG ] D:\workspace\www\sp\web\public/../app/portal\lang\zh-cn\common.php
[ info ] [ BEHAVIOR ] Run cmf\behavior\LangBehavior @app_begin [ RunTime:0.001968s ]
[ info ] [ LANG ] D:\workspace\www\sp\web\public/../app/admin\lang\zh-cn.php
[ info ] [ DB ] INIT mysql
[ info ] [ LANG ] D:\workspace\www\sp\web\public/../app/admin\lang\zh-cn\admin_menu.php
[ info ] [ LANG ] D:\workspace\www\sp\web\public/../app/admin\lang\zh-cn\admin.php
[ info ] [ LANG ] D:\workspace\www\sp\web\public/../app/user\lang\zh-cn\admin_menu.php
[ info ] [ LANG ] D:\workspace\www\sp\web\public/../data/lang/zh-cn/admin_menu.php
[ info ] [ BEHAVIOR ] Run cmf\behavior\AdminLangBehavior @admin_init [ RunTime:0.003586s ]
[ info ] [ SESSION ] INIT array (
  'id' => '',
  'var_session_id' => '',
  'prefix' => 'think',
  'type' => '',
  'auto_start' => true,
)
[ info ] [ RUN ] app\admin\controller\MainController->index[ D:\workspace\www\sp\web\app\admin\controller\MainController.php ]
[ info ] [ VIEW ] D:\workspace\www\sp\web\public/plugins/system_info/view/widget.html [ array (
  0 => 'server_info',
) ]
[ info ] [ BEHAVIOR ] Run plugins\system_info\SystemInfoPlugin @admin_dashboard [ RunTime:0.190560s ]
[ info ] [ VIEW ] themes/admin_simpleboot3/admin\main\index.html [ array (
  0 => 'admin',
  1 => 'dashboard_widgets',
  2 => 'dashboard_widget_plugins',
  3 => 'has_smtp_setting',
) ]
[ info ] [ LOG ] INIT File
[ sql ] [ DB ] CONNECT:[ UseTime:0.000676s ] mysql:host=127.0.0.1;port=3306;dbname=sp;charset=utf8mb4
[ sql ] [ SQL ] SHOW COLUMNS FROM `cmf_option` [ RunTime:0.016101s ]
[ sql ] [ SQL ] SELECT `option_value` FROM `cmf_option` WHERE  `option_name` = 'cdn_settings' LIMIT 1 [ RunTime:0.000513s ]
[ sql ] [ SQL ] SHOW COLUMNS FROM `cmf_user` [ RunTime:0.014261s ]
[ sql ] [ SQL ] SELECT * FROM `cmf_user` WHERE  `id` = 1 LIMIT 1 [ RunTime:0.001085s ]
[ sql ] [ SQL ] SELECT `option_value` FROM `cmf_option` WHERE  `option_name` = 'admin_dashboard_widgets' LIMIT 1 [ RunTime:0.000570s ]
[ sql ] [ SQL ] SHOW COLUMNS FROM `cmf_plugin` [ RunTime:0.022920s ]
[ sql ] [ SQL ] SELECT `config` FROM `cmf_plugin` WHERE  `name` = 'SystemInfo' LIMIT 1 [ RunTime:0.021312s ]
[ sql ] [ SQL ] SELECT `option_value` FROM `cmf_option` WHERE  `option_name` = 'cdn_settings' LIMIT 1 [ RunTime:0.001142s ]
[ sql ] [ SQL ] select VERSION() as version [ RunTime:0.001476s ]
[ sql ] [ SQL ] SELECT `option_value` FROM `cmf_option` WHERE  `option_name` = 'smtp_setting' LIMIT 1 [ RunTime:0.000653s ]
[ sql ] [ SQL ] SELECT `option_value` FROM `cmf_option` WHERE  `option_name` = 'admin_settings' LIMIT 1 [ RunTime:0.000593s ]
---------------------------------------------------------------
[ 2018-08-19T19:22:25+08:00 ] 127.0.0.1 GET /admin/plugin/index.html
[ info ] sp.com/admin/plugin/index.html [运行时间：1.039517s][吞吐率：0.96req/s] [内存消耗：3,946.04kb] [文件加载：89]
[ info ] [ CACHE ] INIT File
[ info ] [ BEHAVIOR ] Run cmf\behavior\InitHookBehavior @app_init [ RunTime:0.005908s ]
[ info ] [ LANG ] D:\workspace\www\sp\web\simplewind\thinkphp\lang\zh-cn.php
[ info ] [ ROUTE ] array (
  'type' => 'module',
  'module' => 
  array (
    0 => 'admin',
    1 => 'plugin',
    2 => 'index',
  ),
)
[ info ] [ HEADER ] array (
  'host' => 'sp.com',
  'connection' => 'keep-alive',
  'upgrade-insecure-requests' => '1',
  'user-agent' => 'Mozilla/5.0 (Windows NT 10.0; WOW64) AppleWebKit/537.36 (KHTML, like Gecko) Chrome/68.0.3440.106 Safari/537.36',
  'accept' => 'text/html,application/xhtml+xml,application/xml;q=0.9,image/webp,image/apng,*/*;q=0.8',
  'referer' => 'http://sp.com/admin/index/index.html',
  'accept-encoding' => 'gzip, deflate',
  'accept-language' => 'zh-CN,zh;q=0.9',
  'cookie' => 'PHPSESSID=ub6l5h45udhun8vpsa336ce7rq; thinkphp_show_page_trace=0|0; admin_username=admin',
)
[ info ] [ PARAM ] array (
)
[ info ] [ LANG ] D:\workspace\www\sp\web\public/../simplewind/cmf/lang\zh-cn.php
[ info ] [ LANG ] D:\workspace\www\sp\web\public/../app/admin\lang\zh-cn\common.php
[ info ] [ LANG ] D:\workspace\www\sp\web\public/../app/portal\lang\zh-cn\common.php
[ info ] [ BEHAVIOR ] Run cmf\behavior\LangBehavior @app_begin [ RunTime:0.002777s ]
[ info ] [ LANG ] D:\workspace\www\sp\web\public/../app/admin\lang\zh-cn.php
[ info ] [ DB ] INIT mysql
[ info ] [ LANG ] D:\workspace\www\sp\web\public/../app/admin\lang\zh-cn\admin_menu.php
[ info ] [ LANG ] D:\workspace\www\sp\web\public/../app/admin\lang\zh-cn\admin.php
[ info ] [ LANG ] D:\workspace\www\sp\web\public/../app/user\lang\zh-cn\admin_menu.php
[ info ] [ LANG ] D:\workspace\www\sp\web\public/../data/lang/zh-cn/admin_menu.php
[ info ] [ BEHAVIOR ] Run cmf\behavior\AdminLangBehavior @admin_init [ RunTime:0.008540s ]
[ info ] [ SESSION ] INIT array (
  'id' => '',
  'var_session_id' => '',
  'prefix' => 'think',
  'type' => '',
  'auto_start' => true,
)
[ info ] [ RUN ] app\admin\controller\PluginController->index[ D:\workspace\www\sp\web\app\admin\controller\PluginController.php ]
[ info ] [ LANG ] D:\workspace\www\sp\web\public/plugins/demo/lang/zh-cn.php
[ info ] [ VIEW ] themes/admin_simpleboot3/admin\plugin\index.html [ array (
  0 => 'admin',
  1 => 'plugins',
) ]
[ info ] [ LOG ] INIT File
[ sql ] [ DB ] CONNECT:[ UseTime:0.010652s ] mysql:host=127.0.0.1;port=3306;dbname=sp;charset=utf8mb4
[ sql ] [ SQL ] SHOW COLUMNS FROM `cmf_option` [ RunTime:0.035945s ]
[ sql ] [ SQL ] SELECT `option_value` FROM `cmf_option` WHERE  `option_name` = 'cdn_settings' LIMIT 1 [ RunTime:0.001082s ]
[ sql ] [ SQL ] SHOW COLUMNS FROM `cmf_user` [ RunTime:0.029940s ]
[ sql ] [ SQL ] SELECT * FROM `cmf_user` WHERE  `id` = 1 LIMIT 1 [ RunTime:0.001727s ]
[ sql ] [ SQL ] SHOW COLUMNS FROM `cmf_plugin` [ RunTime:0.031772s ]
[ sql ] [ SQL ] SELECT * FROM `cmf_plugin` [ RunTime:0.001324s ]
[ sql ] [ SQL ] SELECT `config` FROM `cmf_plugin` WHERE  `name` = 'CustomAdminLogin' LIMIT 1 [ RunTime:0.000838s ]
[ sql ] [ SQL ] SELECT `option_value` FROM `cmf_option` WHERE  `option_name` = 'cdn_settings' LIMIT 1 [ RunTime:0.000685s ]
[ sql ] [ SQL ] SELECT `config` FROM `cmf_plugin` WHERE  `name` = 'Demo' LIMIT 1 [ RunTime:0.000842s ]
[ sql ] [ SQL ] SELECT `option_value` FROM `cmf_option` WHERE  `option_name` = 'cdn_settings' LIMIT 1 [ RunTime:0.000848s ]
[ sql ] [ SQL ] SELECT `config` FROM `cmf_plugin` WHERE  `name` = 'Qiniu' LIMIT 1 [ RunTime:0.000548s ]
[ sql ] [ SQL ] SELECT `option_value` FROM `cmf_option` WHERE  `option_name` = 'cdn_settings' LIMIT 1 [ RunTime:0.000649s ]
[ sql ] [ SQL ] SELECT `config` FROM `cmf_plugin` WHERE  `name` = 'SwitchAdminThemeDemo' LIMIT 1 [ RunTime:0.000819s ]
[ sql ] [ SQL ] SELECT `option_value` FROM `cmf_option` WHERE  `option_name` = 'cdn_settings' LIMIT 1 [ RunTime:0.000616s ]
[ sql ] [ SQL ] SELECT `config` FROM `cmf_plugin` WHERE  `name` = 'SwitchThemeDemo' LIMIT 1 [ RunTime:0.000887s ]
[ sql ] [ SQL ] SELECT `option_value` FROM `cmf_option` WHERE  `option_name` = 'cdn_settings' LIMIT 1 [ RunTime:0.000795s ]
[ sql ] [ SQL ] SELECT `option_value` FROM `cmf_option` WHERE  `option_name` = 'admin_settings' LIMIT 1 [ RunTime:0.000764s ]
---------------------------------------------------------------
[ 2018-08-19T19:22:27+08:00 ] 127.0.0.1 GET /plugin/wxapp/admin_index/index.html
[ info ] sp.com/plugin/wxapp/admin_index/index.html [运行时间：0.466127s][吞吐率：2.15req/s] [内存消耗：3,314.66kb] [文件加载：75]
[ info ] [ CACHE ] INIT File
[ info ] [ BEHAVIOR ] Run cmf\behavior\InitHookBehavior @app_init [ RunTime:0.004079s ]
[ info ] [ LANG ] D:\workspace\www\sp\web\simplewind\thinkphp\lang\zh-cn.php
[ info ] [ ROUTE ] array (
  'type' => 'method',
  'method' => 
  array (
    0 => '\\cmf\\controller\\PluginController',
    1 => 'index',
  ),
  'var' => 
  array (
  ),
)
[ info ] [ HEADER ] array (
  'host' => 'sp.com',
  'connection' => 'keep-alive',
  'upgrade-insecure-requests' => '1',
  'user-agent' => 'Mozilla/5.0 (Windows NT 10.0; WOW64) AppleWebKit/537.36 (KHTML, like Gecko) Chrome/68.0.3440.106 Safari/537.36',
  'accept' => 'text/html,application/xhtml+xml,application/xml;q=0.9,image/webp,image/apng,*/*;q=0.8',
  'referer' => 'http://sp.com/admin/index/index.html',
  'accept-encoding' => 'gzip, deflate',
  'accept-language' => 'zh-CN,zh;q=0.9',
  'cookie' => 'PHPSESSID=ub6l5h45udhun8vpsa336ce7rq; thinkphp_show_page_trace=0|0; admin_username=admin',
)
[ info ] [ PARAM ] array (
  '_plugin' => 'wxapp',
  '_controller' => 'admin_index',
  '_action' => 'index',
)
[ info ] [ LANG ] D:\workspace\www\sp\web\public/../simplewind/cmf/lang\zh-cn.php
[ info ] [ LANG ] D:\workspace\www\sp\web\public/../app/admin\lang\zh-cn\common.php
[ info ] [ LANG ] D:\workspace\www\sp\web\public/../app/portal\lang\zh-cn\common.php
[ info ] [ BEHAVIOR ] Run cmf\behavior\LangBehavior @app_begin [ RunTime:0.002180s ]
[ info ] [ DB ] INIT mysql
[ info ] [ LANG ] D:\workspace\www\sp\web\public/../app/portal\lang\zh-cn\home.php
[ info ] [ BEHAVIOR ] Run cmf\behavior\HomeLangBehavior @home_init [ RunTime:0.003558s ]
[ info ] [ RUN ] cmf\controller\PluginController->index[ D:\workspace\www\sp\web\simplewind\cmf\controller\PluginController.php ]
[ info ] [ SESSION ] INIT array (
  'id' => '',
  'var_session_id' => '',
  'prefix' => 'think',
  'type' => '',
  'auto_start' => true,
)
[ info ] [ RUN ] plugins\wxapp\controller\AdminIndexController->index[ D:\workspace\www\sp\web\public\plugins\wxapp\controller\AdminIndexController.php ]
[ info ] [ VIEW ] D:\workspace\www\sp\web\public/plugins/wxapp/view/admin_index.html [ array (
  0 => 'site_info',
  1 => 'admin_id',
  2 => 'wxapps',
  3 => 'default_wxapp',
) ]
[ info ] [ LOG ] INIT File
[ sql ] [ DB ] CONNECT:[ UseTime:0.010676s ] mysql:host=127.0.0.1;port=3306;dbname=sp;charset=utf8mb4
[ sql ] [ SQL ] SHOW COLUMNS FROM `cmf_option` [ RunTime:0.036655s ]
[ sql ] [ SQL ] SELECT `option_value` FROM `cmf_option` WHERE  `option_name` = 'cdn_settings' LIMIT 1 [ RunTime:0.001146s ]
[ sql ] [ SQL ] SHOW COLUMNS FROM `cmf_plugin` [ RunTime:0.027744s ]
[ sql ] [ SQL ] SELECT `config` FROM `cmf_plugin` WHERE  `name` = 'Wxapp' LIMIT 1 [ RunTime:0.000802s ]
[ sql ] [ SQL ] SELECT `option_value` FROM `cmf_option` WHERE  `option_name` = 'cdn_settings' LIMIT 1 [ RunTime:0.000696s ]
[ sql ] [ SQL ] SELECT `option_value` FROM `cmf_option` WHERE  `option_name` = 'admin_settings' LIMIT 1 [ RunTime:0.000818s ]
---------------------------------------------------------------
[ 2018-08-19T19:22:34+08:00 ] 127.0.0.1 GET /plugin/wxapp/admin_wxapp/add.html
[ info ] sp.com/plugin/wxapp/admin_wxapp/add.html [运行时间：0.383658s][吞吐率：2.61req/s] [内存消耗：3,321.26kb] [文件加载：75]
[ info ] [ CACHE ] INIT File
[ info ] [ BEHAVIOR ] Run cmf\behavior\InitHookBehavior @app_init [ RunTime:0.002789s ]
[ info ] [ LANG ] D:\workspace\www\sp\web\simplewind\thinkphp\lang\zh-cn.php
[ info ] [ ROUTE ] array (
  'type' => 'method',
  'method' => 
  array (
    0 => '\\cmf\\controller\\PluginController',
    1 => 'index',
  ),
  'var' => 
  array (
  ),
)
[ info ] [ HEADER ] array (
  'host' => 'sp.com',
  'connection' => 'keep-alive',
  'upgrade-insecure-requests' => '1',
  'user-agent' => 'Mozilla/5.0 (Windows NT 10.0; WOW64) AppleWebKit/537.36 (KHTML, like Gecko) Chrome/68.0.3440.106 Safari/537.36',
  'accept' => 'text/html,application/xhtml+xml,application/xml;q=0.9,image/webp,image/apng,*/*;q=0.8',
  'referer' => 'http://sp.com/plugin/wxapp/admin_index/index.html',
  'accept-encoding' => 'gzip, deflate',
  'accept-language' => 'zh-CN,zh;q=0.9',
  'cookie' => 'PHPSESSID=ub6l5h45udhun8vpsa336ce7rq; thinkphp_show_page_trace=0|0; admin_username=admin',
)
[ info ] [ PARAM ] array (
  '_plugin' => 'wxapp',
  '_controller' => 'admin_wxapp',
  '_action' => 'add',
)
[ info ] [ LANG ] D:\workspace\www\sp\web\public/../simplewind/cmf/lang\zh-cn.php
[ info ] [ LANG ] D:\workspace\www\sp\web\public/../app/admin\lang\zh-cn\common.php
[ info ] [ LANG ] D:\workspace\www\sp\web\public/../app/portal\lang\zh-cn\common.php
[ info ] [ BEHAVIOR ] Run cmf\behavior\LangBehavior @app_begin [ RunTime:0.001343s ]
[ info ] [ DB ] INIT mysql
[ info ] [ LANG ] D:\workspace\www\sp\web\public/../app/portal\lang\zh-cn\home.php
[ info ] [ BEHAVIOR ] Run cmf\behavior\HomeLangBehavior @home_init [ RunTime:0.002871s ]
[ info ] [ RUN ] cmf\controller\PluginController->index[ D:\workspace\www\sp\web\simplewind\cmf\controller\PluginController.php ]
[ info ] [ SESSION ] INIT array (
  'id' => '',
  'var_session_id' => '',
  'prefix' => 'think',
  'type' => '',
  'auto_start' => true,
)
[ info ] [ RUN ] plugins\wxapp\controller\AdminWxappController->add[ D:\workspace\www\sp\web\public\plugins\wxapp\controller\AdminWxappController.php ]
[ info ] [ VIEW ] D:\workspace\www\sp\web\public/plugins/wxapp/view/admin_wxapp\add.html [ array (
  0 => 'site_info',
) ]
[ info ] [ LOG ] INIT File
[ sql ] [ DB ] CONNECT:[ UseTime:0.009719s ] mysql:host=127.0.0.1;port=3306;dbname=sp;charset=utf8mb4
[ sql ] [ SQL ] SHOW COLUMNS FROM `cmf_option` [ RunTime:0.022565s ]
[ sql ] [ SQL ] SELECT `option_value` FROM `cmf_option` WHERE  `option_name` = 'cdn_settings' LIMIT 1 [ RunTime:0.001084s ]
[ sql ] [ SQL ] SHOW COLUMNS FROM `cmf_plugin` [ RunTime:0.029869s ]
[ sql ] [ SQL ] SELECT `config` FROM `cmf_plugin` WHERE  `name` = 'Wxapp' LIMIT 1 [ RunTime:0.001141s ]
[ sql ] [ SQL ] SELECT `option_value` FROM `cmf_option` WHERE  `option_name` = 'cdn_settings' LIMIT 1 [ RunTime:0.001102s ]
[ sql ] [ SQL ] SELECT `option_value` FROM `cmf_option` WHERE  `option_name` = 'admin_settings' LIMIT 1 [ RunTime:0.001163s ]
---------------------------------------------------------------
[ 2018-08-19T19:23:03+08:00 ] 127.0.0.1 POST /plugin/wxapp/admin_wxapp/addpost.html
[ info ] sp.com/plugin/wxapp/admin_wxapp/addpost.html [运行时间：0.345647s][吞吐率：2.89req/s] [内存消耗：3,091.95kb] [文件加载：73]
[ info ] [ CACHE ] INIT File
[ info ] [ BEHAVIOR ] Run cmf\behavior\InitHookBehavior @app_init [ RunTime:0.003499s ]
[ info ] [ LANG ] D:\workspace\www\sp\web\simplewind\thinkphp\lang\zh-cn.php
[ info ] [ ROUTE ] array (
  'type' => 'method',
  'method' => 
  array (
    0 => '\\cmf\\controller\\PluginController',
    1 => 'index',
  ),
  'var' => 
  array (
  ),
)
[ info ] [ HEADER ] array (
  'host' => 'sp.com',
  'connection' => 'keep-alive',
  'content-length' => '103',
  'accept' => 'application/json, text/javascript, */*; q=0.01',
  'origin' => 'http://sp.com',
  'x-requested-with' => 'XMLHttpRequest',
  'user-agent' => 'Mozilla/5.0 (Windows NT 10.0; WOW64) AppleWebKit/537.36 (KHTML, like Gecko) Chrome/68.0.3440.106 Safari/537.36',
  'content-type' => 'application/x-www-form-urlencoded; charset=UTF-8',
  'referer' => 'http://sp.com/plugin/wxapp/admin_wxapp/add.html',
  'accept-encoding' => 'gzip, deflate',
  'accept-language' => 'zh-CN,zh;q=0.9',
  'cookie' => 'thinkphp_show_page_trace=0|0; PHPSESSID=ub6l5h45udhun8vpsa336ce7rq; thinkphp_show_page_trace=0|0; admin_username=admin',
)
[ info ] [ PARAM ] array (
  'name' => '小程序B',
  'app_id' => 'wxfba97d9ab3e8f85d',
  'app_secret' => '854f4f1e8c7e00e095a99c0ce66c3a55',
  '_plugin' => 'wxapp',
  '_controller' => 'admin_wxapp',
  '_action' => 'addpost',
)
[ info ] [ LANG ] D:\workspace\www\sp\web\public/../simplewind/cmf/lang\zh-cn.php
[ info ] [ LANG ] D:\workspace\www\sp\web\public/../app/admin\lang\zh-cn\common.php
[ info ] [ LANG ] D:\workspace\www\sp\web\public/../app/portal\lang\zh-cn\common.php
[ info ] [ BEHAVIOR ] Run cmf\behavior\LangBehavior @app_begin [ RunTime:0.001798s ]
[ info ] [ DB ] INIT mysql
[ info ] [ LANG ] D:\workspace\www\sp\web\public/../app/portal\lang\zh-cn\home.php
[ info ] [ BEHAVIOR ] Run cmf\behavior\HomeLangBehavior @home_init [ RunTime:0.001955s ]
[ info ] [ RUN ] cmf\controller\PluginController->index[ D:\workspace\www\sp\web\simplewind\cmf\controller\PluginController.php ]
[ info ] [ SESSION ] INIT array (
  'id' => '',
  'var_session_id' => '',
  'prefix' => 'think',
  'type' => '',
  'auto_start' => true,
)
[ info ] [ RUN ] plugins\wxapp\controller\AdminWxappController->addPost[ D:\workspace\www\sp\web\public\plugins\wxapp\controller\AdminWxappController.php ]
[ info ] [ LOG ] INIT File
[ sql ] [ DB ] CONNECT:[ UseTime:0.001062s ] mysql:host=127.0.0.1;port=3306;dbname=sp;charset=utf8mb4
[ sql ] [ SQL ] SHOW COLUMNS FROM `cmf_option` [ RunTime:0.017762s ]
[ sql ] [ SQL ] SELECT `option_value` FROM `cmf_option` WHERE  `option_name` = 'cdn_settings' LIMIT 1 [ RunTime:0.000489s ]
[ sql ] [ SQL ] SHOW COLUMNS FROM `cmf_plugin` [ RunTime:0.038982s ]
[ sql ] [ SQL ] SELECT `config` FROM `cmf_plugin` WHERE  `name` = 'Wxapp' LIMIT 1 [ RunTime:0.001155s ]
[ sql ] [ SQL ] SELECT `option_value` FROM `cmf_option` WHERE  `option_name` = 'cdn_settings' LIMIT 1 [ RunTime:0.001070s ]
[ sql ] [ SQL ] SELECT * FROM `cmf_option` WHERE  `option_name` = 'wxapp_settings' LIMIT 1 [ RunTime:0.100204s ]
[ sql ] [ SQL ] UPDATE `cmf_option`  SET `option_value`='{\"wxapps\":{\"wx0c23612938f9daca\":{\"name\":\"\\u6d4b\\u8bd5\\u5c0f\\u7a0b\\u5e8f\",\"app_id\":\"wx0c23612938f9daca\",\"app_secret\":\"d1fd2eaa8623b1773facee5369e3e1ec\",\"_plugin\":\"wxapp\",\"_controller\":\"admin_wxapp\",\"_action\":\"editpost\"},\"wxfba97d9ab3e8f85d\":{\"name\":\"\\u5c0f\\u7a0b\\u5e8fB\",\"app_id\":\"wxfba97d9ab3e8f85d\",\"app_secret\":\"854f4f1e8c7e00e095a99c0ce66c3a55\",\"_plugin\":\"wxapp\",\"_controller\":\"admin_wxapp\",\"_action\":\"addpost\"}},\"default\":{\"name\":\"\\u6d4b\\u8bd5\\u5c0f\\u7a0b\\u5e8f\",\"app_id\":\"wx0c23612938f9daca\",\"app_secret\":\"d1fd2eaa8623b1773facee5369e3e1ec\",\"is_default\":\"1\",\"_plugin\":\"wxapp\",\"_controller\":\"admin_wxapp\",\"_action\":\"editpost\"}}'  WHERE  `option_name` = 'wxapp_settings' [ RunTime:0.065641s ]
---------------------------------------------------------------
[ 2018-08-19T19:23:05+08:00 ] 127.0.0.1 GET /plugin/wxapp/admin_wxapp/edit/id/wxfba97d9ab3e8f85d.html
[ info ] sp.com/plugin/wxapp/admin_wxapp/edit/id/wxfba97d9ab3e8f85d.html [运行时间：0.362864s][吞吐率：2.76req/s] [内存消耗：3,330.02kb] [文件加载：75]
[ info ] [ CACHE ] INIT File
[ info ] [ BEHAVIOR ] Run cmf\behavior\InitHookBehavior @app_init [ RunTime:0.006615s ]
[ info ] [ LANG ] D:\workspace\www\sp\web\simplewind\thinkphp\lang\zh-cn.php
[ info ] [ ROUTE ] array (
  'type' => 'method',
  'method' => 
  array (
    0 => '\\cmf\\controller\\PluginController',
    1 => 'index',
  ),
  'var' => 
  array (
  ),
)
[ info ] [ HEADER ] array (
  'host' => 'sp.com',
  'connection' => 'keep-alive',
  'upgrade-insecure-requests' => '1',
  'user-agent' => 'Mozilla/5.0 (Windows NT 10.0; WOW64) AppleWebKit/537.36 (KHTML, like Gecko) Chrome/68.0.3440.106 Safari/537.36',
  'accept' => 'text/html,application/xhtml+xml,application/xml;q=0.9,image/webp,image/apng,*/*;q=0.8',
  'referer' => 'http://sp.com/plugin/wxapp/admin_wxapp/add.html',
  'accept-encoding' => 'gzip, deflate',
  'accept-language' => 'zh-CN,zh;q=0.9',
  'cookie' => 'thinkphp_show_page_trace=0|0; PHPSESSID=ub6l5h45udhun8vpsa336ce7rq; thinkphp_show_page_trace=0|0; admin_username=admin',
)
[ info ] [ PARAM ] array (
  '_plugin' => 'wxapp',
  '_controller' => 'admin_wxapp',
  '_action' => 'edit',
  'id' => 'wxfba97d9ab3e8f85d',
)
[ info ] [ LANG ] D:\workspace\www\sp\web\public/../simplewind/cmf/lang\zh-cn.php
[ info ] [ LANG ] D:\workspace\www\sp\web\public/../app/admin\lang\zh-cn\common.php
[ info ] [ LANG ] D:\workspace\www\sp\web\public/../app/portal\lang\zh-cn\common.php
[ info ] [ BEHAVIOR ] Run cmf\behavior\LangBehavior @app_begin [ RunTime:0.002682s ]
[ info ] [ DB ] INIT mysql
[ info ] [ LANG ] D:\workspace\www\sp\web\public/../app/portal\lang\zh-cn\home.php
[ info ] [ BEHAVIOR ] Run cmf\behavior\HomeLangBehavior @home_init [ RunTime:0.003096s ]
[ info ] [ RUN ] cmf\controller\PluginController->index[ D:\workspace\www\sp\web\simplewind\cmf\controller\PluginController.php ]
[ info ] [ SESSION ] INIT array (
  'id' => '',
  'var_session_id' => '',
  'prefix' => 'think',
  'type' => '',
  'auto_start' => true,
)
[ info ] [ RUN ] plugins\wxapp\controller\AdminWxappController->edit[ D:\workspace\www\sp\web\public\plugins\wxapp\controller\AdminWxappController.php ]
[ info ] [ VIEW ] D:\workspace\www\sp\web\public/plugins/wxapp/view/admin_wxapp\edit.html [ array (
  0 => 'site_info',
  1 => 'wxapp',
  2 => 'default_wxapp',
) ]
[ info ] [ LOG ] INIT File
[ sql ] [ DB ] CONNECT:[ UseTime:0.010510s ] mysql:host=127.0.0.1;port=3306;dbname=sp;charset=utf8mb4
[ sql ] [ SQL ] SHOW COLUMNS FROM `cmf_option` [ RunTime:0.074993s ]
[ sql ] [ SQL ] SELECT `option_value` FROM `cmf_option` WHERE  `option_name` = 'cdn_settings' LIMIT 1 [ RunTime:0.001060s ]
[ sql ] [ SQL ] SHOW COLUMNS FROM `cmf_plugin` [ RunTime:0.029957s ]
[ sql ] [ SQL ] SELECT `config` FROM `cmf_plugin` WHERE  `name` = 'Wxapp' LIMIT 1 [ RunTime:0.001081s ]
[ sql ] [ SQL ] SELECT `option_value` FROM `cmf_option` WHERE  `option_name` = 'cdn_settings' LIMIT 1 [ RunTime:0.000974s ]
[ sql ] [ SQL ] SELECT `option_value` FROM `cmf_option` WHERE  `option_name` = 'wxapp_settings' LIMIT 1 [ RunTime:0.001191s ]
[ sql ] [ SQL ] SELECT `option_value` FROM `cmf_option` WHERE  `option_name` = 'admin_settings' LIMIT 1 [ RunTime:0.000678s ]
---------------------------------------------------------------
[ 2018-08-19T19:23:08+08:00 ] 127.0.0.1 GET /admin/setting/clearcache.html
[ info ] sp.com/admin/setting/clearcache.html [运行时间：0.547963s][吞吐率：1.82req/s] [内存消耗：3,326.32kb] [文件加载：75]
[ info ] [ CACHE ] INIT File
[ info ] [ BEHAVIOR ] Run cmf\behavior\InitHookBehavior @app_init [ RunTime:0.003687s ]
[ info ] [ LANG ] D:\workspace\www\sp\web\simplewind\thinkphp\lang\zh-cn.php
[ info ] [ ROUTE ] array (
  'type' => 'module',
  'module' => 
  array (
    0 => 'admin',
    1 => 'setting',
    2 => 'clearcache',
  ),
)
[ info ] [ HEADER ] array (
  'host' => 'sp.com',
  'connection' => 'keep-alive',
  'upgrade-insecure-requests' => '1',
  'user-agent' => 'Mozilla/5.0 (Windows NT 10.0; WOW64) AppleWebKit/537.36 (KHTML, like Gecko) Chrome/68.0.3440.106 Safari/537.36',
  'accept' => 'text/html,application/xhtml+xml,application/xml;q=0.9,image/webp,image/apng,*/*;q=0.8',
  'referer' => 'http://sp.com/admin/index/index.html',
  'accept-encoding' => 'gzip, deflate',
  'accept-language' => 'zh-CN,zh;q=0.9',
  'cookie' => 'PHPSESSID=ub6l5h45udhun8vpsa336ce7rq; thinkphp_show_page_trace=0|0; admin_username=admin',
)
[ info ] [ PARAM ] array (
)
[ info ] [ LANG ] D:\workspace\www\sp\web\public/../simplewind/cmf/lang\zh-cn.php
[ info ] [ LANG ] D:\workspace\www\sp\web\public/../app/admin\lang\zh-cn\common.php
[ info ] [ LANG ] D:\workspace\www\sp\web\public/../app/portal\lang\zh-cn\common.php
[ info ] [ BEHAVIOR ] Run cmf\behavior\LangBehavior @app_begin [ RunTime:0.002555s ]
[ info ] [ LANG ] D:\workspace\www\sp\web\public/../app/admin\lang\zh-cn.php
[ info ] [ DB ] INIT mysql
[ info ] [ LANG ] D:\workspace\www\sp\web\public/../app/admin\lang\zh-cn\admin_menu.php
[ info ] [ LANG ] D:\workspace\www\sp\web\public/../app/admin\lang\zh-cn\admin.php
[ info ] [ LANG ] D:\workspace\www\sp\web\public/../app/user\lang\zh-cn\admin_menu.php
[ info ] [ LANG ] D:\workspace\www\sp\web\public/../data/lang/zh-cn/admin_menu.php
[ info ] [ BEHAVIOR ] Run cmf\behavior\AdminLangBehavior @admin_init [ RunTime:0.008219s ]
[ info ] [ SESSION ] INIT array (
  'id' => '',
  'var_session_id' => '',
  'prefix' => 'think',
  'type' => '',
  'auto_start' => true,
)
[ info ] [ RUN ] app\admin\controller\SettingController->clearCache[ D:\workspace\www\sp\web\app\admin\controller\SettingController.php ]
[ info ] [ VIEW ] themes/admin_simpleboot3/admin\setting\clear_cache.html [ array (
  0 => 'admin',
) ]
[ info ] [ LOG ] INIT File
[ sql ] [ DB ] CONNECT:[ UseTime:0.010450s ] mysql:host=127.0.0.1;port=3306;dbname=sp;charset=utf8mb4
[ sql ] [ SQL ] SHOW COLUMNS FROM `cmf_option` [ RunTime:0.037436s ]
[ sql ] [ SQL ] SELECT `option_value` FROM `cmf_option` WHERE  `option_name` = 'cdn_settings' LIMIT 1 [ RunTime:0.001118s ]
[ sql ] [ SQL ] SHOW COLUMNS FROM `cmf_user` [ RunTime:0.032167s ]
[ sql ] [ SQL ] SELECT * FROM `cmf_user` WHERE  `id` = 1 LIMIT 1 [ RunTime:0.001654s ]
[ sql ] [ SQL ] SELECT `option_value` FROM `cmf_option` WHERE  `option_name` = 'admin_settings' LIMIT 1 [ RunTime:0.000793s ]
